Initializing document watcher...
Rebuilding config map...
/usr/share/code/resources/app/out/vs/workbench/parts/welcome/page/electron-browser/vs_code_welcome_page: Using EditorConfig core...
Detected change in configuration: {}
No more open editors.
elk-demo/src/main/resources/application.properties: Using EditorConfig core...
elk-demo/src/main/resources/application.properties: {}
elk-demo/.vscode/launch.json: Using EditorConfig core...
elk-demo/.vscode/launch.json: {}
elk-demo/src/main/resources/application.properties: Applying configuration map...
elk-demo/src/main/resources/application.properties: {}
elk-demo/.vscode/launch.json: Applying configuration map...
elk-demo/.vscode/launch.json: {}
Detected change in configuration: {}
elk-demo/pom.xml: Using EditorConfig core...
elk-demo/pom.xml: {}
elk-demo/pom.xml: Applying configuration map...
elk-demo/pom.xml: {}
elk-demo/.vscode/launch.json: Applying configuration map...
elk-demo/.vscode/launch.json: {}
elk-demo/pom.xml: Applying configuration map...
elk-demo/pom.xml: {}
Detected change in configuration: {}
elk-demo/.vscode/settings.json: Using EditorConfig core...
elk-demo/.vscode/settings.json: {}
elk-demo/pom.xml: Applying configuration map...
elk-demo/pom.xml: {}
Detected change in configuration: {}
elk-demo/src/main/resources/application.properties: Applying configuration map...
elk-demo/src/main/resources/application.properties: {}
elk-demo/.vscode/launch.json: Applying configuration map...
elk-demo/.vscode/launch.json: {}
Detected change in configuration: {}
elk-demo/.vscode/launch.json: Applying configuration map...
elk-demo/.vscode/launch.json: {}
elk-demo/.vscode/launch.json: Applying configuration map...
elk-demo/.vscode/launch.json: {}
elk-demo/.vscode/launch.json: Applying configuration map...
elk-demo/.vscode/launch.json: {}
elk-demo/.vscode/launch.json: Applying configuration map...
elk-demo/.vscode/launch.json: {}
Detected change in configuration: {}
elk-demo/src/main/java/org/codeandtech/elkdemo/logaggregation/demo/service/ELKDemoController.java: Using EditorConfig core...
elk-demo/src/main/java/org/codeandtech/elkdemo/logaggregation/demo/service/ELKDemoController.java: {}
elk-demo/src/main/resources/application.properties: Applying configuration map...
elk-demo/src/main/resources/application.properties: {}
elk-demo/.vscode/launch.json: Applying configuration map...
elk-demo/.vscode/launch.json: {}
elk-demo/src/main/java/org/codeandtech/elkdemo/logaggregation/demo/service/ELKDemoController.java: Applying configuration map...
elk-demo/src/main/java/org/codeandtech/elkdemo/logaggregation/demo/service/ELKDemoController.java: {}
elk-demo/src/main/resources/application.properties: Applying configuration map...
elk-demo/src/main/resources/application.properties: {}
elk-demo/.vscode/launch.json: Applying configuration map...
elk-demo/.vscode/launch.json: {}
elk-demo/src/main/java/org/codeandtech/elkdemo/logaggregation/demo/service/ELKDemoController.java: Applying configuration map...
elk-demo/src/main/java/org/codeandtech/elkdemo/logaggregation/demo/service/ELKDemoController.java: {}
elk-demo/.vscode/launch.json: Applying configuration map...
elk-demo/.vscode/launch.json: {}
elk-demo/src/main/java/org/codeandtech/elkdemo/logaggregation/demo/service/ELKDemoServiceApplication.java: Using EditorConfig core...
elk-demo/src/main/java/org/codeandtech/elkdemo/logaggregation/demo/service/ELKDemoServiceApplication.java: {}
elk-demo/.vscode/launch.json: Applying configuration map...
elk-demo/.vscode/launch.json: {}
elk-demo/.vscode/launch.json: Applying configuration map...
elk-demo/.vscode/launch.json: {}
elk-demo/.vscode/settings.json: Applying configuration map...
elk-demo/.vscode/settings.json: {}
elk-demo/src/main/java/org/codeandtech/elkdemo/logaggregation/demo/service/ELKDemoServiceApplication.java: Applying configuration map...
elk-demo/src/main/java/org/codeandtech/elkdemo/logaggregation/demo/service/ELKDemoServiceApplication.java: {}
elk-demo/src/main/java/org/codeandtech/elkdemo/logaggregation/demo/service/ELKDemoServiceApplication.java: Applying configuration map...
elk-demo/src/main/java/org/codeandtech/elkdemo/logaggregation/demo/service/ELKDemoServiceApplication.java: {}
elk-demo/.vscode/launch.json: Applying configuration map...
elk-demo/.vscode/launch.json: {}
elk-demo/.vscode/launch.json: Applying configuration map...
elk-demo/.vscode/launch.json: {}
elk-demo/.vscode/launch.json: Applying configuration map...
elk-demo/.vscode/launch.json: {}
elk-demo/.vscode/launch.json: Applying configuration map...
elk-demo/.vscode/launch.json: {}
elk-demo/pom.xml: Applying configuration map...
elk-demo/pom.xml: {}
elk-demo/.vscode/launch.json: Applying configuration map...
elk-demo/.vscode/launch.json: {}
Detected change in configuration: {}
elk-demo/pom.xml: Applying configuration map...
elk-demo/pom.xml: {}
elk-demo/.vscode/launch.json: Applying configuration map...
elk-demo/.vscode/launch.json: {}
elk-demo/pom.xml: Applying configuration map...
elk-demo/pom.xml: {}
elk-demo/pom.xml: Applying configuration map...
elk-demo/pom.xml: {}
