#
# There is insufficient memory for the Java Runtime Environment to continue.
# Native memory allocation (mmap) failed to map 315621376 bytes for committing reserved memory.
# Possible reasons:
#   The system is out of physical RAM or swap space
#   The process is running with CompressedOops enabled, and the Java Heap may be blocking the growth of the native heap
# Possible solutions:
#   Reduce memory load on the system
#   Increase physical memory or swap space
#   Check if swap backing store is full
#   Decrease Java heap size (-Xmx/-Xms)
#   Decrease number of Java threads
#   Decrease Java thread stack sizes (-Xss)
#   Set larger code cache with -XX:ReservedCodeCacheSize=
#   JVM is running with Unscaled Compressed Oops mode in which the Java heap is
#     placed in the first 4GB address space. The Java Heap base address is the
#     maximum limit for the native heap growth. Please use -XX:HeapBaseMinAddress
#     to set the Java Heap base and to place the Java Heap above 4GB virtual address.
# This output file may be truncated or incomplete.
#
#  Out of Memory Error (os_linux.cpp:2706), pid=22031, tid=22067
#
# JRE version: OpenJDK Runtime Environment (10.0.2+13) (build 10.0.2+13-Ubuntu-1ubuntu0.18.04.2)
# Java VM: OpenJDK 64-Bit Server VM (10.0.2+13-Ubuntu-1ubuntu0.18.04.2, mixed mode, tiered, compressed oops, g1 gc, linux-amd64)
# Core dump will be written. Default location: Core dumps may be processed with "/usr/share/apport/apport %p %s %c %d %P" (or dumping to /home/shiva/Documents/Code/RND/ELK/appfabs.samples.elk.logaggregation-master/spring-customer-service/core.22031)
#

---------------  S U M M A R Y ------------

Command Line: --add-modules=ALL-SYSTEM --add-opens=java.base/java.util=ALL-UNNAMED --add-opens=java.base/java.lang=ALL-UNNAMED -Declipse.application=org.eclipse.jdt.ls.core.id1 -Dosgi.bundles.defaultStartLevel=4 -Declipse.product=org.eclipse.jdt.ls.core.product -Xverify:none -Xmx1G -XX:+UseG1GC -XX:+UseStringDeduplication /home/shiva/.vscode/extensions/redhat.java-0.31.0/server/plugins/org.eclipse.equinox.launcher_1.5.100.v20180827-1352.jar -configuration /home/shiva/.vscode/extensions/redhat.java-0.31.0/server/config_linux -data /home/shiva/~/.vscode-root/User/workspaceStorage/781dfa17b4fb374b1b5f4412db3e489d/redhat.java/jdt_ws

Host: Intel(R) Core(TM) i5-2450M CPU @ 2.50GHz, 4 cores, 5G, Ubuntu 18.04.1 LTS
Time: Sat Sep 22 11:05:55 2018 CDT elapsed time: 278 seconds (0d 0h 4m 38s)

---------------  T H R E A D  ---------------

Current thread (0x00007f6a14146800):  VMThread "VM Thread" [stack: 0x00007f69cb700000,0x00007f69cb800000] [id=22067]

Stack: [0x00007f69cb700000,0x00007f69cb800000],  sp=0x00007f69cb7fe0a0,  free space=1016k
Native frames: (J=compiled Java code, A=aot compiled Java code, j=interpreted, Vv=VM code, C=native code)
V  [libjvm.so+0xd27e04]
V  [libjvm.so+0xd289ab]
V  [libjvm.so+0x64d415]
V  [libjvm.so+0xb2d728]
V  [libjvm.so+0xb25f7d]
V  [libjvm.so+0x7662ff]
V  [libjvm.so+0x76653e]
V  [libjvm.so+0x769500]
V  [libjvm.so+0x7efa1c]
V  [libjvm.so+0x7f06df]
V  [libjvm.so+0x7f0b59]
V  [libjvm.so+0x7162cf]
V  [libjvm.so+0x71a3ba]
V  [libjvm.so+0xd39f68]
V  [libjvm.so+0xd387d1]
V  [libjvm.so+0xd35a9b]
V  [libjvm.so+0xd370be]
V  [libjvm.so+0xd374e8]
V  [libjvm.so+0xb33ca0]

VM_Operation (0x00007f69c8ed1070): G1IncCollectionPause, mode: safepoint, requested by thread 0x00007f698c340800


---------------  P R O C E S S  ---------------

Threads class SMR info:
_java_thread_list=0x000055a494469450, length=24, elements={
0x00007f6a14012800, 0x00007f6a14150800, 0x00007f6a14152800, 0x00007f6a14165000,
0x00007f6a14167000, 0x00007f6a14169000, 0x00007f6a1416b000, 0x00007f6a1416c800,
0x00007f6a141db000, 0x00007f6a14241800, 0x00007f6a14455000, 0x00007f6a144e5000,
0x00007f6a144e7800, 0x00007f698c096000, 0x00007f698c1ce000, 0x00007f6984009000,
0x00007f698c340800, 0x00007f6a143ee800, 0x00007f6a14511000, 0x00007f698403a800,
0x000055a4946c5800, 0x00007f6984047000, 0x00007f6984082800, 0x00007f6990002800
}

Java Threads: ( => current thread )
  0x00007f6a14012800 JavaThread "main" [_thread_blocked, id=22054, stack(0x00007f6a1ddd7000,0x00007f6a1ded8000)]
  0x00007f6a14150800 JavaThread "Reference Handler" daemon [_thread_blocked, id=22068, stack(0x00007f69cb5fd000,0x00007f69cb6fe000)]
  0x00007f6a14152800 JavaThread "Finalizer" daemon [_thread_blocked, id=22069, stack(0x00007f69cb4fc000,0x00007f69cb5fd000)]
  0x00007f6a14165000 JavaThread "Signal Dispatcher" daemon [_thread_blocked, id=22070, stack(0x00007f69cb11d000,0x00007f69cb21e000)]
  0x00007f6a14167000 JavaThread "C2 CompilerThread0" daemon [_thread_blocked, id=22071, stack(0x00007f69cb01c000,0x00007f69cb11d000)]
  0x00007f6a14169000 JavaThread "C2 CompilerThread1" daemon [_thread_blocked, id=22072, stack(0x00007f69caf1b000,0x00007f69cb01c000)]
  0x00007f6a1416b000 JavaThread "C1 CompilerThread2" daemon [_thread_blocked, id=22073, stack(0x00007f69cae1a000,0x00007f69caf1b000)]
  0x00007f6a1416c800 JavaThread "Sweeper thread" daemon [_thread_blocked, id=22074, stack(0x00007f69cad19000,0x00007f69cae1a000)]
  0x00007f6a141db000 JavaThread "Common-Cleaner" daemon [_thread_blocked, id=22134, stack(0x00007f69cac18000,0x00007f69cad19000)]
  0x00007f6a14241800 JavaThread "Service Thread" daemon [_thread_blocked, id=22144, stack(0x00007f69cab17000,0x00007f69cac18000)]
  0x00007f6a14455000 JavaThread "Active Thread: Equinox Container: b9bb477f-e5a0-4cc4-856c-eaf9f9ce41c9" [_thread_blocked, id=22358, stack(0x00007f69ca0ea000,0x00007f69ca1eb000)]
  0x00007f6a144e5000 JavaThread "Framework Event Dispatcher: Equinox Container: b9bb477f-e5a0-4cc4-856c-eaf9f9ce41c9" daemon [_thread_blocked, id=22360, stack(0x00007f69c9fe9000,0x00007f69ca0ea000)]
  0x00007f6a144e7800 JavaThread "Start Level: Equinox Container: b9bb477f-e5a0-4cc4-856c-eaf9f9ce41c9" daemon [_thread_blocked, id=22361, stack(0x00007f69c9ee8000,0x00007f69c9fe9000)]
  0x00007f698c096000 JavaThread "Worker-JM" [_thread_blocked, id=22437, stack(0x00007f69c99d6000,0x00007f69c9ad7000)]
  0x00007f698c1ce000 JavaThread "Worker-0: Building workspace" [_thread_blocked, id=22511, stack(0x00007f69c94d5000,0x00007f69c95d6000)]
  0x00007f6984009000 JavaThread "Worker-1" [_thread_blocked, id=22512, stack(0x00007f69c93d4000,0x00007f69c94d5000)]
  0x00007f698c340800 JavaThread "Java indexing" daemon [_thread_blocked, id=22592, stack(0x00007f69c8dd2000,0x00007f69c8ed3000)]
  0x00007f6a143ee800 JavaThread "pool-2-thread-1" [_thread_blocked, id=22811, stack(0x00007f69c82d1000,0x00007f69c83d2000)]
  0x00007f6a14511000 JavaThread "pool-1-thread-1" [_thread_in_native, id=22812, stack(0x00007f697feff000,0x00007f6980000000)]
  0x00007f698403a800 JavaThread "Worker-3: Java indexing... " [_thread_blocked, id=22819, stack(0x00007f697fbfe000,0x00007f697fcff000)]
  0x000055a4946c5800 JavaThread "Bundle File Closer" daemon [_thread_blocked, id=22995, stack(0x00007f697f7fa000,0x00007f697f8fb000)]
  0x00007f6984047000 JavaThread "Worker-4" [_thread_blocked, id=22998, stack(0x00007f697f8fb000,0x00007f697f9fc000)]
  0x00007f6984082800 JavaThread "ForkJoinPool.commonPool-worker-1" daemon [_thread_blocked, id=22999, stack(0x00007f697f9fc000,0x00007f697fafd000)]
  0x00007f6990002800 JavaThread "process reaper" daemon [_thread_blocked, id=23207, stack(0x00007f6a1dd1a000,0x00007f6a1dd3c000)]

Other Threads:
=>0x00007f6a14146800 VMThread "VM Thread" [stack: 0x00007f69cb700000,0x00007f69cb800000] [id=22067]
  0x00007f6a14243800 WatcherThread [stack: 0x00007f69caa17000,0x00007f69cab17000] [id=22145]
  0x00007f6a14029000 GCTaskThread "GC Thread#0" [stack: 0x00007f6a19efd000,0x00007f6a19ffd000] [id=22055]
  0x00007f6a1402a800 GCTaskThread "GC Thread#1" [stack: 0x00007f6a19dfb000,0x00007f6a19efb000] [id=22056]
  0x00007f6a1402c000 GCTaskThread "GC Thread#2" [stack: 0x00007f6a19cf9000,0x00007f6a19df9000] [id=22057]
  0x00007f6a1402d800 GCTaskThread "GC Thread#3" [stack: 0x00007f6a19bf7000,0x00007f6a19cf7000] [id=22058]
  0x00007f6a14067800 ConcurrentGCThread "G1 Main Marker" [stack: 0x00007f6a180f1000,0x00007f6a181f1000] [id=22059]
  0x00007f6a14069800 ConcurrentGCThread "G1 Conc#0" [stack: 0x00007f69faa26000,0x00007f69fab26000] [id=22060]
  0x00007f6a140b4800 ConcurrentGCThread "G1 Refine#0" [stack: 0x00007f69f8520000,0x00007f69f8620000] [id=22061]
  0x00007f6a140b6000 ConcurrentGCThread "G1 Refine#1" [stack: 0x00007f69f841e000,0x00007f69f851e000] [id=22062]
  0x00007f6a140b8000 ConcurrentGCThread "G1 Refine#2" [stack: 0x00007f69f831c000,0x00007f69f841c000] [id=22063]
  0x00007f6a140b9800 ConcurrentGCThread "G1 Refine#3" [stack: 0x00007f69f821a000,0x00007f69f831a000] [id=22064]
  0x00007f6a140bb800 ConcurrentGCThread "G1 Young RemSet Sampling" [stack: 0x00007f69f8118000,0x00007f69f8218000] [id=22065]
  0x00007f6a140c2000 ConcurrentGCThread "G1 StrDedup" [stack: 0x00007f69f8016000,0x00007f69f8116000] [id=22066]

Threads with active compile tasks:
C1 CompilerThread26582       3       org.eclipse.aether.RequestTrace::newChild (19 bytes)

VM state:at safepoint (normal execution)

VM Mutex/Monitor currently owned by a thread:  ([mutex/lock_event])
[0x00007f6a1400ea30] Threads_lock - owner thread: 0x00007f6a14146800
[0x00007f6a1400efd0] Heap_lock - owner thread: 0x00007f698c340800

Heap address: 0x00000000c0000000, size: 1024 MB, Compressed Oops mode: 32-bit
Narrow klass base: 0x0000000000000000, Narrow klass shift: 3
Compressed class space size: 1073741824 Address: 0x0000000100000000

Heap:
 garbage-first heap   total 586752K, used 196283K [0x00000000c0000000, 0x0000000100000000)
  region size 1024K, 2 young (2048K), 2 survivors (2048K)
 Metaspace       used 49476K, capacity 51789K, committed 52048K, reserved 1095680K
  class space    used 4657K, capacity 5450K, committed 5456K, reserved 1048576K
Heap Regions: E=young(eden), S=young(survivor), O=old, HS=humongous(starts), HC=humongous(continues), CS=collection set, F=free, A=archive, TS=gc time stamp, AC=allocation context, TAMS=top-at-mark-start (previous, next)
|   0|0x00000000c0000000, 0x00000000c0100000, 0x00000000c0100000|100%| O|  |TS  0|AC  0|TAMS 0x00000000c0100000, 0x00000000c0100000|
|   1|0x00000000c0100000, 0x00000000c0200000, 0x00000000c0200000|100%| O|  |TS  0|AC  0|TAMS 0x00000000c0200000, 0x00000000c0200000|
|   2|0x00000000c0200000, 0x00000000c0300000, 0x00000000c0300000|100%| O|  |TS  0|AC  0|TAMS 0x00000000c0300000, 0x00000000c0300000|
|   3|0x00000000c0300000, 0x00000000c0400000, 0x00000000c0400000|100%| O|  |TS  0|AC  0|TAMS 0x00000000c0400000, 0x00000000c0400000|
|   4|0x00000000c0400000, 0x00000000c0500000, 0x00000000c0500000|100%| O|  |TS  0|AC  0|TAMS 0x00000000c0500000, 0x00000000c0500000|
|   5|0x00000000c0500000, 0x00000000c0600000, 0x00000000c0600000|100%| O|  |TS  0|AC  0|TAMS 0x00000000c0600000, 0x00000000c0600000|
|   6|0x00000000c0600000, 0x00000000c0700000, 0x00000000c0700000|100%| O|  |TS  0|AC  0|TAMS 0x00000000c0700000, 0x00000000c0700000|
|   7|0x00000000c0700000, 0x00000000c0800000, 0x00000000c0800000|100%| O|  |TS  0|AC  0|TAMS 0x00000000c0800000, 0x00000000c0800000|
|   8|0x00000000c0800000, 0x00000000c0900000, 0x00000000c0900000|100%| O|  |TS  0|AC  0|TAMS 0x00000000c0900000, 0x00000000c0900000|
|   9|0x00000000c0900000, 0x00000000c0a00000, 0x00000000c0a00000|100%| O|  |TS  0|AC  0|TAMS 0x00000000c0a00000, 0x00000000c0a00000|
|  10|0x00000000c0a00000, 0x00000000c0b00000, 0x00000000c0b00000|100%| O|  |TS  0|AC  0|TAMS 0x00000000c0b00000, 0x00000000c0b00000|
|  11|0x00000000c0b00000, 0x00000000c0c00000, 0x00000000c0c00000|100%| O|  |TS  0|AC  0|TAMS 0x00000000c0c00000, 0x00000000c0c00000|
|  12|0x00000000c0c00000, 0x00000000c0d00000, 0x00000000c0d00000|100%| O|  |TS  0|AC  0|TAMS 0x00000000c0d00000, 0x00000000c0d00000|
|  13|0x00000000c0d00000, 0x00000000c0e00000, 0x00000000c0e00000|100%| O|  |TS  0|AC  0|TAMS 0x00000000c0e00000, 0x00000000c0e00000|
|  14|0x00000000c0e00000, 0x00000000c0f00000, 0x00000000c0f00000|100%| O|  |TS  0|AC  0|TAMS 0x00000000c0f00000, 0x00000000c0f00000|
|  15|0x00000000c0f00000, 0x00000000c1000000, 0x00000000c1000000|100%| O|  |TS  0|AC  0|TAMS 0x00000000c1000000, 0x00000000c1000000|
|  16|0x00000000c1000000, 0x00000000c1100000, 0x00000000c1100000|100%| O|  |TS  0|AC  0|TAMS 0x00000000c1100000, 0x00000000c1100000|
|  17|0x00000000c1100000, 0x00000000c1200000, 0x00000000c1200000|100%| O|  |TS  0|AC  0|TAMS 0x00000000c1200000, 0x00000000c1200000|
|  18|0x00000000c1200000, 0x00000000c1300000, 0x00000000c1300000|100%| O|  |TS  0|AC  0|TAMS 0x00000000c1300000, 0x00000000c1300000|
|  19|0x00000000c1300000, 0x00000000c1400000, 0x00000000c1400000|100%| O|  |TS  0|AC  0|TAMS 0x00000000c1400000, 0x00000000c1400000|
|  20|0x00000000c1400000, 0x00000000c1500000, 0x00000000c1500000|100%|HS|  |TS  0|AC  0|TAMS 0x00000000c1500000, 0x00000000c1500000|
|  21|0x00000000c1500000, 0x00000000c1600000, 0x00000000c1600000|100%| O|  |TS  0|AC  0|TAMS 0x00000000c1600000, 0x00000000c1600000|
|  22|0x00000000c1600000, 0x00000000c1700000, 0x00000000c1700000|100%| O|  |TS  0|AC  0|TAMS 0x00000000c1700000, 0x00000000c1700000|
|  23|0x00000000c1700000, 0x00000000c1800000, 0x00000000c1800000|100%| O|  |TS  0|AC  0|TAMS 0x00000000c1800000, 0x00000000c1800000|
|  24|0x00000000c1800000, 0x00000000c1900000, 0x00000000c1900000|100%| O|  |TS  0|AC  0|TAMS 0x00000000c1900000, 0x00000000c1900000|
|  25|0x00000000c1900000, 0x00000000c1a00000, 0x00000000c1a00000|100%| O|  |TS  0|AC  0|TAMS 0x00000000c1a00000, 0x00000000c1a00000|
|  26|0x00000000c1a00000, 0x00000000c1b00000, 0x00000000c1b00000|100%| O|  |TS  0|AC  0|TAMS 0x00000000c1b00000, 0x00000000c1b00000|
|  27|0x00000000c1b00000, 0x00000000c1c00000, 0x00000000c1c00000|100%| O|  |TS  0|AC  0|TAMS 0x00000000c1c00000, 0x00000000c1c00000|
|  28|0x00000000c1c00000, 0x00000000c1d00000, 0x00000000c1d00000|100%| O|  |TS  0|AC  0|TAMS 0x00000000c1d00000, 0x00000000c1d00000|
|  29|0x00000000c1d00000, 0x00000000c1e00000, 0x00000000c1e00000|100%| O|  |TS  0|AC  0|TAMS 0x00000000c1e00000, 0x00000000c1e00000|
|  30|0x00000000c1e00000, 0x00000000c1f00000, 0x00000000c1f00000|100%| O|  |TS  0|AC  0|TAMS 0x00000000c1f00000, 0x00000000c1f00000|
|  31|0x00000000c1f00000, 0x00000000c2000000, 0x00000000c2000000|100%| O|  |TS  0|AC  0|TAMS 0x00000000c2000000, 0x00000000c2000000|
|  32|0x00000000c2000000, 0x00000000c2100000, 0x00000000c2100000|100%| O|  |TS  0|AC  0|TAMS 0x00000000c2100000, 0x00000000c2100000|
|  33|0x00000000c2100000, 0x00000000c2200000, 0x00000000c2200000|100%| O|  |TS  0|AC  0|TAMS 0x00000000c2200000, 0x00000000c2200000|
|  34|0x00000000c2200000, 0x00000000c2300000, 0x00000000c2300000|100%| O|  |TS  0|AC  0|TAMS 0x00000000c2300000, 0x00000000c2300000|
|  35|0x00000000c2300000, 0x00000000c2400000, 0x00000000c2400000|100%| O|  |TS  0|AC  0|TAMS 0x00000000c2400000, 0x00000000c2400000|
|  36|0x00000000c2400000, 0x00000000c2500000, 0x00000000c2500000|100%| O|  |TS  0|AC  0|TAMS 0x00000000c2500000, 0x00000000c2500000|
|  37|0x00000000c2500000, 0x00000000c2600000, 0x00000000c2600000|100%| O|  |TS  0|AC  0|TAMS 0x00000000c2600000, 0x00000000c2600000|
|  38|0x00000000c2600000, 0x00000000c2700000, 0x00000000c2700000|100%| O|  |TS  0|AC  0|TAMS 0x00000000c2700000, 0x00000000c2700000|
|  39|0x00000000c2700000, 0x00000000c2800000, 0x00000000c2800000|100%|HS|  |TS  0|AC  0|TAMS 0x00000000c2800000, 0x00000000c2800000|
|  40|0x00000000c2800000, 0x00000000c2900000, 0x00000000c2900000|100%| O|  |TS  0|AC  0|TAMS 0x00000000c2900000, 0x00000000c2900000|
|  41|0x00000000c2900000, 0x00000000c2a00000, 0x00000000c2a00000|100%| O|  |TS  0|AC  0|TAMS 0x00000000c2a00000, 0x00000000c2a00000|
|  42|0x00000000c2a00000, 0x00000000c2b00000, 0x00000000c2b00000|100%| O|  |TS  0|AC  0|TAMS 0x00000000c2b00000, 0x00000000c2b00000|
|  43|0x00000000c2b00000, 0x00000000c2c00000, 0x00000000c2c00000|100%| O|  |TS  0|AC  0|TAMS 0x00000000c2c00000, 0x00000000c2c00000|
|  44|0x00000000c2c00000, 0x00000000c2d00000, 0x00000000c2d00000|100%| O|  |TS  0|AC  0|TAMS 0x00000000c2d00000, 0x00000000c2d00000|
|  45|0x00000000c2d00000, 0x00000000c2e00000, 0x00000000c2e00000|100%| O|  |TS  0|AC  0|TAMS 0x00000000c2e00000, 0x00000000c2e00000|
|  46|0x00000000c2e00000, 0x00000000c2f00000, 0x00000000c2f00000|100%| O|  |TS  0|AC  0|TAMS 0x00000000c2f00000, 0x00000000c2f00000|
|  47|0x00000000c2f00000, 0x00000000c3000000, 0x00000000c3000000|100%| O|  |TS  0|AC  0|TAMS 0x00000000c3000000, 0x00000000c3000000|
|  48|0x00000000c3000000, 0x00000000c3100000, 0x00000000c3100000|100%| O|  |TS  0|AC  0|TAMS 0x00000000c3100000, 0x00000000c3100000|
|  49|0x00000000c3100000, 0x00000000c3200000, 0x00000000c3200000|100%| O|  |TS  0|AC  0|TAMS 0x00000000c3200000, 0x00000000c3200000|
|  50|0x00000000c3200000, 0x00000000c3300000, 0x00000000c3300000|100%| O|  |TS  0|AC  0|TAMS 0x00000000c3300000, 0x00000000c3300000|
|  51|0x00000000c3300000, 0x00000000c3400000, 0x00000000c3400000|100%| O|  |TS  0|AC  0|TAMS 0x00000000c3400000, 0x00000000c3400000|
|  52|0x00000000c3400000, 0x00000000c3500000, 0x00000000c3500000|100%| O|  |TS  0|AC  0|TAMS 0x00000000c3500000, 0x00000000c3500000|
|  53|0x00000000c3500000, 0x00000000c3600000, 0x00000000c3600000|100%| O|  |TS  0|AC  0|TAMS 0x00000000c3600000, 0x00000000c3600000|
|  54|0x00000000c3600000, 0x00000000c3700000, 0x00000000c3700000|100%| O|  |TS  0|AC  0|TAMS 0x00000000c3700000, 0x00000000c3700000|
|  55|0x00000000c3700000, 0x00000000c3800000, 0x00000000c3800000|100%| O|  |TS  0|AC  0|TAMS 0x00000000c3800000, 0x00000000c3800000|
|  56|0x00000000c3800000, 0x00000000c3900000, 0x00000000c3900000|100%| O|  |TS  0|AC  0|TAMS 0x00000000c3900000, 0x00000000c3900000|
|  57|0x00000000c3900000, 0x00000000c3a00000, 0x00000000c3a00000|100%| O|  |TS  0|AC  0|TAMS 0x00000000c3a00000, 0x00000000c3a00000|
|  58|0x00000000c3a00000, 0x00000000c3b00000, 0x00000000c3b00000|100%| O|  |TS  0|AC  0|TAMS 0x00000000c3b00000, 0x00000000c3b00000|
|  59|0x00000000c3b00000, 0x00000000c3c00000, 0x00000000c3c00000|100%| O|  |TS  0|AC  0|TAMS 0x00000000c3c00000, 0x00000000c3c00000|
|  60|0x00000000c3c00000, 0x00000000c3d00000, 0x00000000c3d00000|100%| O|  |TS  0|AC  0|TAMS 0x00000000c3d00000, 0x00000000c3d00000|
|  61|0x00000000c3d00000, 0x00000000c3e00000, 0x00000000c3e00000|100%| O|  |TS  0|AC  0|TAMS 0x00000000c3e00000, 0x00000000c3e00000|
|  62|0x00000000c3e00000, 0x00000000c3f00000, 0x00000000c3f00000|100%| O|  |TS  0|AC  0|TAMS 0x00000000c3f00000, 0x00000000c3f00000|
|  63|0x00000000c3f00000, 0x00000000c4000000, 0x00000000c4000000|100%| O|  |TS  0|AC  0|TAMS 0x00000000c4000000, 0x00000000c4000000|
|  64|0x00000000c4000000, 0x00000000c4100000, 0x00000000c4100000|100%| O|  |TS  0|AC  0|TAMS 0x00000000c4100000, 0x00000000c4100000|
|  65|0x00000000c4100000, 0x00000000c4200000, 0x00000000c4200000|100%| O|  |TS  0|AC  0|TAMS 0x00000000c4200000, 0x00000000c4200000|
|  66|0x00000000c4200000, 0x00000000c4300000, 0x00000000c4300000|100%| O|  |TS  0|AC  0|TAMS 0x00000000c4300000, 0x00000000c4300000|
|  67|0x00000000c4300000, 0x00000000c4400000, 0x00000000c4400000|100%| O|  |TS  5|AC  0|TAMS 0x00000000c4300000, 0x00000000c4300000|
|  68|0x00000000c4400000, 0x00000000c4500000, 0x00000000c4500000|100%| O|  |TS  0|AC  0|TAMS 0x00000000c4500000, 0x00000000c4500000|
|  69|0x00000000c4500000, 0x00000000c4600000, 0x00000000c4600000|100%| O|  |TS  0|AC  0|TAMS 0x00000000c4600000, 0x00000000c4600000|
|  70|0x00000000c4600000, 0x00000000c4700000, 0x00000000c4700000|100%| O|  |TS  0|AC  0|TAMS 0x00000000c4700000, 0x00000000c4700000|
|  71|0x00000000c4700000, 0x00000000c4800000, 0x00000000c4800000|100%| O|  |TS  2|AC  0|TAMS 0x00000000c4732600, 0x00000000c4732600|
|  72|0x00000000c4800000, 0x00000000c4900000, 0x00000000c4900000|100%| O|  |TS  0|AC  0|TAMS 0x00000000c4900000, 0x00000000c4900000|
|  73|0x00000000c4900000, 0x00000000c4a00000, 0x00000000c4a00000|100%| O|  |TS  0|AC  0|TAMS 0x00000000c4a00000, 0x00000000c4a00000|
|  74|0x00000000c4a00000, 0x00000000c4b00000, 0x00000000c4b00000|100%| O|  |TS  0|AC  0|TAMS 0x00000000c4b00000, 0x00000000c4b00000|
|  75|0x00000000c4b00000, 0x00000000c4c00000, 0x00000000c4c00000|100%| O|  |TS  0|AC  0|TAMS 0x00000000c4c00000, 0x00000000c4c00000|
|  76|0x00000000c4c00000, 0x00000000c4d00000, 0x00000000c4d00000|100%| O|  |TS  0|AC  0|TAMS 0x00000000c4d00000, 0x00000000c4d00000|
|  77|0x00000000c4d00000, 0x00000000c4e00000, 0x00000000c4e00000|100%| O|  |TS  0|AC  0|TAMS 0x00000000c4e00000, 0x00000000c4e00000|
|  78|0x00000000c4e00000, 0x00000000c4f00000, 0x00000000c4f00000|100%| O|  |TS  0|AC  0|TAMS 0x00000000c4f00000, 0x00000000c4f00000|
|  79|0x00000000c4f00000, 0x00000000c5000000, 0x00000000c5000000|100%| O|  |TS  0|AC  0|TAMS 0x00000000c5000000, 0x00000000c5000000|
|  80|0x00000000c5000000, 0x00000000c5100000, 0x00000000c5100000|100%| O|  |TS  0|AC  0|TAMS 0x00000000c5100000, 0x00000000c5100000|
|  81|0x00000000c5100000, 0x00000000c5200000, 0x00000000c5200000|100%| O|  |TS  0|AC  0|TAMS 0x00000000c5200000, 0x00000000c5200000|
|  82|0x00000000c5200000, 0x00000000c5300000, 0x00000000c5300000|100%| O|  |TS  0|AC  0|TAMS 0x00000000c5300000, 0x00000000c5300000|
|  83|0x00000000c5300000, 0x00000000c5400000, 0x00000000c5400000|100%| O|  |TS  0|AC  0|TAMS 0x00000000c5400000, 0x00000000c5400000|
|  84|0x00000000c5400000, 0x00000000c5500000, 0x00000000c5500000|100%| O|  |TS  0|AC  0|TAMS 0x00000000c5500000, 0x00000000c5500000|
|  85|0x00000000c5500000, 0x00000000c5600000, 0x00000000c5600000|100%| O|  |TS  0|AC  0|TAMS 0x00000000c5600000, 0x00000000c5600000|
|  86|0x00000000c5600000, 0x00000000c5700000, 0x00000000c5700000|100%| O|  |TS  2|AC  0|TAMS 0x00000000c5600000, 0x00000000c5600000|
|  87|0x00000000c5700000, 0x00000000c5800000, 0x00000000c5800000|100%| O|  |TS  0|AC  0|TAMS 0x00000000c5800000, 0x00000000c5800000|
|  88|0x00000000c5800000, 0x00000000c5900000, 0x00000000c5900000|100%| O|  |TS  5|AC  0|TAMS 0x00000000c5800000, 0x00000000c5800000|
|  89|0x00000000c5900000, 0x00000000c5a00000, 0x00000000c5a00000|100%| O|  |TS  5|AC  0|TAMS 0x00000000c5900000, 0x00000000c5900000|
|  90|0x00000000c5a00000, 0x00000000c5b00000, 0x00000000c5b00000|100%| O|  |TS  0|AC  0|TAMS 0x00000000c5b00000, 0x00000000c5b00000|
|  91|0x00000000c5b00000, 0x00000000c5c00000, 0x00000000c5c00000|100%| O|  |TS  0|AC  0|TAMS 0x00000000c5c00000, 0x00000000c5c00000|
|  92|0x00000000c5c00000, 0x00000000c5d00000, 0x00000000c5d00000|100%| O|  |TS  0|AC  0|TAMS 0x00000000c5d00000, 0x00000000c5d00000|
|  93|0x00000000c5d00000, 0x00000000c5e00000, 0x00000000c5e00000|100%| O|  |TS  0|AC  0|TAMS 0x00000000c5e00000, 0x00000000c5e00000|
|  94|0x00000000c5e00000, 0x00000000c5f00000, 0x00000000c5f00000|100%| O|  |TS  0|AC  0|TAMS 0x00000000c5f00000, 0x00000000c5f00000|
|  95|0x00000000c5f00000, 0x00000000c6000000, 0x00000000c6000000|100%| O|  |TS  0|AC  0|TAMS 0x00000000c6000000, 0x00000000c6000000|
|  96|0x00000000c6000000, 0x00000000c6100000, 0x00000000c6100000|100%| O|  |TS  0|AC  0|TAMS 0x00000000c6100000, 0x00000000c6100000|
|  97|0x00000000c6100000, 0x00000000c6200000, 0x00000000c6200000|100%| O|  |TS  0|AC  0|TAMS 0x00000000c6200000, 0x00000000c6200000|
|  98|0x00000000c6200000, 0x00000000c6300000, 0x00000000c6300000|100%| O|  |TS  0|AC  0|TAMS 0x00000000c6300000, 0x00000000c6300000|
|  99|0x00000000c6300000, 0x00000000c6400000, 0x00000000c6400000|100%| O|  |TS  0|AC  0|TAMS 0x00000000c6400000, 0x00000000c6400000|
| 100|0x00000000c6400000, 0x00000000c6500000, 0x00000000c6500000|100%| O|  |TS  0|AC  0|TAMS 0x00000000c6500000, 0x00000000c6500000|
| 101|0x00000000c6500000, 0x00000000c6600000, 0x00000000c6600000|100%| O|  |TS  0|AC  0|TAMS 0x00000000c6600000, 0x00000000c6600000|
| 102|0x00000000c6600000, 0x00000000c6700000, 0x00000000c6700000|100%| O|  |TS  0|AC  0|TAMS 0x00000000c6700000, 0x00000000c6700000|
| 103|0x00000000c6700000, 0x00000000c6800000, 0x00000000c6800000|100%| O|  |TS  0|AC  0|TAMS 0x00000000c6800000, 0x00000000c6800000|
| 104|0x00000000c6800000, 0x00000000c6900000, 0x00000000c6900000|100%| O|  |TS  0|AC  0|TAMS 0x00000000c6900000, 0x00000000c6900000|
| 105|0x00000000c6900000, 0x00000000c6a00000, 0x00000000c6a00000|100%| O|  |TS  0|AC  0|TAMS 0x00000000c6a00000, 0x00000000c6a00000|
| 106|0x00000000c6a00000, 0x00000000c6b00000, 0x00000000c6b00000|100%| O|  |TS  0|AC  0|TAMS 0x00000000c6b00000, 0x00000000c6b00000|
| 107|0x00000000c6b00000, 0x00000000c6c00000, 0x00000000c6c00000|100%| O|  |TS  0|AC  0|TAMS 0x00000000c6c00000, 0x00000000c6c00000|
| 108|0x00000000c6c00000, 0x00000000c6d00000, 0x00000000c6d00000|100%|HS|  |TS  0|AC  0|TAMS 0x00000000c6d00000, 0x00000000c6d00000|
| 109|0x00000000c6d00000, 0x00000000c6e00000, 0x00000000c6e00000|100%|HC|  |TS  0|AC  0|TAMS 0x00000000c6e00000, 0x00000000c6e00000|
| 110|0x00000000c6e00000, 0x00000000c6f00000, 0x00000000c6f00000|100%|HC|  |TS  0|AC  0|TAMS 0x00000000c6f00000, 0x00000000c6f00000|
| 111|0x00000000c6f00000, 0x00000000c7000000, 0x00000000c7000000|100%|HC|  |TS  0|AC  0|TAMS 0x00000000c7000000, 0x00000000c7000000|
| 112|0x00000000c7000000, 0x00000000c7100000, 0x00000000c7100000|100%| O|  |TS  0|AC  0|TAMS 0x00000000c7100000, 0x00000000c7100000|
| 113|0x00000000c7100000, 0x00000000c7200000, 0x00000000c7200000|100%| O|  |TS  0|AC  0|TAMS 0x00000000c7200000, 0x00000000c7200000|
| 114|0x00000000c7200000, 0x00000000c7300000, 0x00000000c7300000|100%| O|  |TS  0|AC  0|TAMS 0x00000000c7300000, 0x00000000c7300000|
| 115|0x00000000c7300000, 0x00000000c7400000, 0x00000000c7400000|100%| O|  |TS  0|AC  0|TAMS 0x00000000c7400000, 0x00000000c7400000|
| 116|0x00000000c7400000, 0x00000000c7500000, 0x00000000c7500000|100%| O|  |TS  0|AC  0|TAMS 0x00000000c7500000, 0x00000000c7500000|
| 117|0x00000000c7500000, 0x00000000c7600000, 0x00000000c7600000|100%| O|  |TS  0|AC  0|TAMS 0x00000000c7600000, 0x00000000c7600000|
| 118|0x00000000c7600000, 0x00000000c7700000, 0x00000000c7700000|100%| O|  |TS  0|AC  0|TAMS 0x00000000c7700000, 0x00000000c7700000|
| 119|0x00000000c7700000, 0x00000000c7800000, 0x00000000c7800000|100%| O|  |TS  0|AC  0|TAMS 0x00000000c7800000, 0x00000000c7800000|
| 120|0x00000000c7800000, 0x00000000c7900000, 0x00000000c7900000|100%| O|  |TS  0|AC  0|TAMS 0x00000000c7900000, 0x00000000c7900000|
| 121|0x00000000c7900000, 0x00000000c7a00000, 0x00000000c7a00000|100%| O|  |TS  0|AC  0|TAMS 0x00000000c7a00000, 0x00000000c7a00000|
| 122|0x00000000c7a00000, 0x00000000c7b00000, 0x00000000c7b00000|100%| O|  |TS  0|AC  0|TAMS 0x00000000c7b00000, 0x00000000c7b00000|
| 123|0x00000000c7b00000, 0x00000000c7c00000, 0x00000000c7c00000|100%| O|  |TS  0|AC  0|TAMS 0x00000000c7c00000, 0x00000000c7c00000|
| 124|0x00000000c7c00000, 0x00000000c7d00000, 0x00000000c7d00000|100%| O|  |TS  0|AC  0|TAMS 0x00000000c7d00000, 0x00000000c7d00000|
| 125|0x00000000c7d00000, 0x00000000c7e00000, 0x00000000c7e00000|100%| O|  |TS  0|AC  0|TAMS 0x00000000c7e00000, 0x00000000c7e00000|
| 126|0x00000000c7e00000, 0x00000000c7f00000, 0x00000000c7f00000|100%| O|  |TS  0|AC  0|TAMS 0x00000000c7f00000, 0x00000000c7f00000|
| 127|0x00000000c7f00000, 0x00000000c8000000, 0x00000000c8000000|100%| O|  |TS  0|AC  0|TAMS 0x00000000c8000000, 0x00000000c8000000|
| 128|0x00000000c8000000, 0x00000000c8100000, 0x00000000c8100000|100%| O|  |TS  0|AC  0|TAMS 0x00000000c8100000, 0x00000000c8100000|
| 129|0x00000000c8100000, 0x00000000c8200000, 0x00000000c8200000|100%| O|  |TS  0|AC  0|TAMS 0x00000000c8200000, 0x00000000c8200000|
| 130|0x00000000c8200000, 0x00000000c8300000, 0x00000000c8300000|100%| O|  |TS  0|AC  0|TAMS 0x00000000c8300000, 0x00000000c8300000|
| 131|0x00000000c8300000, 0x00000000c8400000, 0x00000000c8400000|100%| O|  |TS  0|AC  0|TAMS 0x00000000c8400000, 0x00000000c8400000|
| 132|0x00000000c8400000, 0x00000000c8500000, 0x00000000c8500000|100%| O|  |TS  0|AC  0|TAMS 0x00000000c8500000, 0x00000000c8500000|
| 133|0x00000000c8500000, 0x00000000c8600000, 0x00000000c8600000|100%| O|  |TS  0|AC  0|TAMS 0x00000000c8600000, 0x00000000c8600000|
| 134|0x00000000c8600000, 0x00000000c8700000, 0x00000000c8700000|100%| O|  |TS  0|AC  0|TAMS 0x00000000c8700000, 0x00000000c8700000|
| 135|0x00000000c8700000, 0x00000000c8800000, 0x00000000c8800000|100%| O|  |TS  0|AC  0|TAMS 0x00000000c8800000, 0x00000000c8800000|
| 136|0x00000000c8800000, 0x00000000c8900000, 0x00000000c8900000|100%| O|  |TS  0|AC  0|TAMS 0x00000000c8900000, 0x00000000c8900000|
| 137|0x00000000c8900000, 0x00000000c8a00000, 0x00000000c8a00000|100%| O|  |TS  0|AC  0|TAMS 0x00000000c8a00000, 0x00000000c8a00000|
| 138|0x00000000c8a00000, 0x00000000c8b00000, 0x00000000c8b00000|100%| O|  |TS  0|AC  0|TAMS 0x00000000c8b00000, 0x00000000c8b00000|
| 139|0x00000000c8b00000, 0x00000000c8c00000, 0x00000000c8c00000|100%| O|  |TS  0|AC  0|TAMS 0x00000000c8c00000, 0x00000000c8c00000|
| 140|0x00000000c8c00000, 0x00000000c8d00000, 0x00000000c8d00000|100%| O|  |TS  0|AC  0|TAMS 0x00000000c8d00000, 0x00000000c8d00000|
| 141|0x00000000c8d00000, 0x00000000c8e00000, 0x00000000c8e00000|100%| O|  |TS  6|AC  0|TAMS 0x00000000c8d00000, 0x00000000c8d00000|
| 142|0x00000000c8e00000, 0x00000000c8f00000, 0x00000000c8f00000|100%| O|  |TS  0|AC  0|TAMS 0x00000000c8f00000, 0x00000000c8f00000|
| 143|0x00000000c8f00000, 0x00000000c9000000, 0x00000000c9000000|100%| O|  |TS  0|AC  0|TAMS 0x00000000c9000000, 0x00000000c9000000|
| 144|0x00000000c9000000, 0x00000000c9100000, 0x00000000c9100000|100%| O|  |TS  0|AC  0|TAMS 0x00000000c9100000, 0x00000000c9100000|
| 145|0x00000000c9100000, 0x00000000c9200000, 0x00000000c9200000|100%| O|  |TS  0|AC  0|TAMS 0x00000000c9200000, 0x00000000c9200000|
| 146|0x00000000c9200000, 0x00000000c9300000, 0x00000000c9300000|100%| O|  |TS  0|AC  0|TAMS 0x00000000c9300000, 0x00000000c9300000|
| 147|0x00000000c9300000, 0x00000000c9400000, 0x00000000c9400000|100%| O|  |TS  0|AC  0|TAMS 0x00000000c9400000, 0x00000000c9400000|
| 148|0x00000000c9400000, 0x00000000c9500000, 0x00000000c9500000|100%| O|  |TS  0|AC  0|TAMS 0x00000000c9500000, 0x00000000c9500000|
| 149|0x00000000c9500000, 0x00000000c9600000, 0x00000000c9600000|100%| O|  |TS  0|AC  0|TAMS 0x00000000c9600000, 0x00000000c9600000|
| 150|0x00000000c9600000, 0x00000000c9700000, 0x00000000c9700000|100%| O|  |TS  6|AC  0|TAMS 0x00000000c9600000, 0x00000000c9600000|
| 151|0x00000000c9700000, 0x00000000c9800000, 0x00000000c9800000|100%| O|  |TS  7|AC  0|TAMS 0x00000000c9700000, 0x00000000c9700000|
| 152|0x00000000c9800000, 0x00000000c9900000, 0x00000000c9900000|100%| O|  |TS  7|AC  0|TAMS 0x00000000c9800000, 0x00000000c9800000|
| 153|0x00000000c9900000, 0x00000000c9a00000, 0x00000000c9a00000|100%| O|  |TS  8|AC  0|TAMS 0x00000000c9900000, 0x00000000c9900000|
| 154|0x00000000c9a00000, 0x00000000c9b00000, 0x00000000c9b00000|100%| O|  |TS  8|AC  0|TAMS 0x00000000c9a00000, 0x00000000c9a00000|
| 155|0x00000000c9b00000, 0x00000000c9c00000, 0x00000000c9c00000|100%| O|  |TS  8|AC  0|TAMS 0x00000000c9b00000, 0x00000000c9b00000|
| 156|0x00000000c9c00000, 0x00000000c9d00000, 0x00000000c9d00000|100%| O|  |TS  9|AC  0|TAMS 0x00000000c9c00000, 0x00000000c9c00000|
| 157|0x00000000c9d00000, 0x00000000c9e00000, 0x00000000c9e00000|100%| O|  |TS 10|AC  0|TAMS 0x00000000c9d00000, 0x00000000c9d00000|
| 158|0x00000000c9e00000, 0x00000000c9f00000, 0x00000000c9f00000|100%| O|  |TS 10|AC  0|TAMS 0x00000000c9e00000, 0x00000000c9e00000|
| 159|0x00000000c9f00000, 0x00000000ca000000, 0x00000000ca000000|100%| O|  |TS 10|AC  0|TAMS 0x00000000c9f00000, 0x00000000c9f00000|
| 160|0x00000000ca000000, 0x00000000ca100000, 0x00000000ca100000|100%| O|  |TS 11|AC  0|TAMS 0x00000000ca000000, 0x00000000ca000000|
| 161|0x00000000ca100000, 0x00000000ca200000, 0x00000000ca200000|100%| O|  |TS 11|AC  0|TAMS 0x00000000ca100000, 0x00000000ca100000|
| 162|0x00000000ca200000, 0x00000000ca300000, 0x00000000ca300000|100%| O|  |TS 12|AC  0|TAMS 0x00000000ca200000, 0x00000000ca200000|
| 163|0x00000000ca300000, 0x00000000ca400000, 0x00000000ca400000|100%| O|  |TS 13|AC  0|TAMS 0x00000000ca300000, 0x00000000ca300000|
| 164|0x00000000ca400000, 0x00000000ca500000, 0x00000000ca500000|100%| O|  |TS 13|AC  0|TAMS 0x00000000ca400000, 0x00000000ca400000|
| 165|0x00000000ca500000, 0x00000000ca600000, 0x00000000ca600000|100%| O|  |TS 14|AC  0|TAMS 0x00000000ca500000, 0x00000000ca500000|
| 166|0x00000000ca600000, 0x00000000ca700000, 0x00000000ca700000|100%| O|  |TS 14|AC  0|TAMS 0x00000000ca600000, 0x00000000ca600000|
| 167|0x00000000ca700000, 0x00000000ca800000, 0x00000000ca800000|100%| O|  |TS 15|AC  0|TAMS 0x00000000ca700000, 0x00000000ca700000|
| 168|0x00000000ca800000, 0x00000000ca900000, 0x00000000ca900000|100%| O|  |TS 16|AC  0|TAMS 0x00000000ca800000, 0x00000000ca800000|
| 169|0x00000000ca900000, 0x00000000caa00000, 0x00000000caa00000|100%| O|  |TS 17|AC  0|TAMS 0x00000000ca900000, 0x00000000ca900000|
| 170|0x00000000caa00000, 0x00000000cab00000, 0x00000000cab00000|100%| O|  |TS 18|AC  0|TAMS 0x00000000caa00000, 0x00000000caa00000|
| 171|0x00000000cab00000, 0x00000000cac00000, 0x00000000cac00000|100%| O|  |TS 18|AC  0|TAMS 0x00000000cab00000, 0x00000000cab00000|
| 172|0x00000000cac00000, 0x00000000cad00000, 0x00000000cad00000|100%| O|  |TS 19|AC  0|TAMS 0x00000000cac00000, 0x00000000cac00000|
| 173|0x00000000cad00000, 0x00000000cae00000, 0x00000000cae00000|100%| O|  |TS 21|AC  0|TAMS 0x00000000cad00000, 0x00000000cad00000|
| 174|0x00000000cae00000, 0x00000000caf00000, 0x00000000caf00000|100%| O|  |TS 22|AC  0|TAMS 0x00000000cae00000, 0x00000000cae00000|
| 175|0x00000000caf00000, 0x00000000cb000000, 0x00000000cb000000|100%| O|  |TS 23|AC  0|TAMS 0x00000000caf00000, 0x00000000caf00000|
| 176|0x00000000cb000000, 0x00000000cb100000, 0x00000000cb100000|100%| O|  |TS 24|AC  0|TAMS 0x00000000cb000000, 0x00000000cb000000|
| 177|0x00000000cb100000, 0x00000000cb200000, 0x00000000cb200000|100%| O|  |TS 25|AC  0|TAMS 0x00000000cb100000, 0x00000000cb100000|
| 178|0x00000000cb200000, 0x00000000cb300000, 0x00000000cb300000|100%| O|  |TS 26|AC  0|TAMS 0x00000000cb200000, 0x00000000cb200000|
| 179|0x00000000cb300000, 0x00000000cb400000, 0x00000000cb400000|100%| O|  |TS 26|AC  0|TAMS 0x00000000cb300000, 0x00000000cb300000|
| 180|0x00000000cb400000, 0x00000000cb500000, 0x00000000cb500000|100%| O|  |TS 27|AC  0|TAMS 0x00000000cb400000, 0x00000000cb400000|
| 181|0x00000000cb500000, 0x00000000cb600000, 0x00000000cb600000|100%| O|  |TS 28|AC  0|TAMS 0x00000000cb500000, 0x00000000cb500000|
| 182|0x00000000cb600000, 0x00000000cb700000, 0x00000000cb700000|100%| O|  |TS 30|AC  0|TAMS 0x00000000cb600000, 0x00000000cb600000|
| 183|0x00000000cb700000, 0x00000000cb800000, 0x00000000cb800000|100%| O|  |TS 31|AC  0|TAMS 0x00000000cb700000, 0x00000000cb700000|
| 184|0x00000000cb800000, 0x00000000cb900000, 0x00000000cb900000|100%| O|  |TS 31|AC  0|TAMS 0x00000000cb800000, 0x00000000cb800000|
| 185|0x00000000cb900000, 0x00000000cba00000, 0x00000000cba00000|100%| O|  |TS 32|AC  0|TAMS 0x00000000cb900000, 0x00000000cb900000|
| 186|0x00000000cba00000, 0x00000000cbb00000, 0x00000000cbb00000|100%| O|  |TS 32|AC  0|TAMS 0x00000000cba00000, 0x00000000cba00000|
| 187|0x00000000cbb00000, 0x00000000cbc00000, 0x00000000cbc00000|100%| O|  |TS 32|AC  0|TAMS 0x00000000cbb00000, 0x00000000cbb00000|
| 188|0x00000000cbc00000, 0x00000000cbd00000, 0x00000000cbd00000|100%| O|  |TS 32|AC  0|TAMS 0x00000000cbc00000, 0x00000000cbc00000|
| 189|0x00000000cbd00000, 0x00000000cbe00000, 0x00000000cbe00000|100%| O|  |TS 32|AC  0|TAMS 0x00000000cbd00000, 0x00000000cbd00000|
| 190|0x00000000cbe00000, 0x00000000cbe3ac00, 0x00000000cbf00000| 22%| O|  |TS 32|AC  0|TAMS 0x00000000cbe00000, 0x00000000cbe00000|
| 191|0x00000000cbf00000, 0x00000000cbf00000, 0x00000000cc000000|  0%| F|  |TS 15|AC  0|TAMS 0x00000000cbf00000, 0x00000000cbf00000|
| 192|0x00000000cc000000, 0x00000000cc000000, 0x00000000cc100000|  0%| F|  |TS 18|AC  0|TAMS 0x00000000cc000000, 0x00000000cc000000|
| 193|0x00000000cc100000, 0x00000000cc100000, 0x00000000cc200000|  0%| F|  |TS 17|AC  0|TAMS 0x00000000cc100000, 0x00000000cc100000|
| 194|0x00000000cc200000, 0x00000000cc200000, 0x00000000cc300000|  0%| F|  |TS 25|AC  0|TAMS 0x00000000cc200000, 0x00000000cc200000|
| 195|0x00000000cc300000, 0x00000000cc300000, 0x00000000cc400000|  0%| F|  |TS 25|AC  0|TAMS 0x00000000cc300000, 0x00000000cc300000|
| 196|0x00000000cc400000, 0x00000000cc400000, 0x00000000cc500000|  0%| F|  |TS 24|AC  0|TAMS 0x00000000cc400000, 0x00000000cc400000|
| 197|0x00000000cc500000, 0x00000000cc500000, 0x00000000cc600000|  0%| F|  |TS 24|AC  0|TAMS 0x00000000cc500000, 0x00000000cc500000|
| 198|0x00000000cc600000, 0x00000000cc600000, 0x00000000cc700000|  0%| F|  |TS 24|AC  0|TAMS 0x00000000cc600000, 0x00000000cc600000|
| 199|0x00000000cc700000, 0x00000000cc700000, 0x00000000cc800000|  0%| F|  |TS 24|AC  0|TAMS 0x00000000cc700000, 0x00000000cc700000|
| 200|0x00000000cc800000, 0x00000000cc800000, 0x00000000cc900000|  0%| F|  |TS 24|AC  0|TAMS 0x00000000cc800000, 0x00000000cc800000|
| 201|0x00000000cc900000, 0x00000000cc900000, 0x00000000cca00000|  0%| F|  |TS 24|AC  0|TAMS 0x00000000cc900000, 0x00000000cc900000|
| 202|0x00000000cca00000, 0x00000000cca00000, 0x00000000ccb00000|  0%| F|  |TS 24|AC  0|TAMS 0x00000000cca00000, 0x00000000cca00000|
| 203|0x00000000ccb00000, 0x00000000ccb00000, 0x00000000ccc00000|  0%| F|  |TS 24|AC  0|TAMS 0x00000000ccb00000, 0x00000000ccb00000|
| 204|0x00000000ccc00000, 0x00000000ccc00000, 0x00000000ccd00000|  0%| F|  |TS 24|AC  0|TAMS 0x00000000ccc00000, 0x00000000ccc00000|
| 205|0x00000000ccd00000, 0x00000000ccd00000, 0x00000000cce00000|  0%| F|  |TS 24|AC  0|TAMS 0x00000000ccd00000, 0x00000000ccd00000|
| 206|0x00000000cce00000, 0x00000000cce00000, 0x00000000ccf00000|  0%| F|  |TS 24|AC  0|TAMS 0x00000000cce00000, 0x00000000cce00000|
| 207|0x00000000ccf00000, 0x00000000ccf00000, 0x00000000cd000000|  0%| F|  |TS 24|AC  0|TAMS 0x00000000ccf00000, 0x00000000ccf00000|
| 208|0x00000000cd000000, 0x00000000cd000000, 0x00000000cd100000|  0%| F|  |TS 24|AC  0|TAMS 0x00000000cd000000, 0x00000000cd000000|
| 209|0x00000000cd100000, 0x00000000cd100000, 0x00000000cd200000|  0%| F|  |TS 24|AC  0|TAMS 0x00000000cd100000, 0x00000000cd100000|
| 210|0x00000000cd200000, 0x00000000cd200000, 0x00000000cd300000|  0%| F|  |TS 24|AC  0|TAMS 0x00000000cd200000, 0x00000000cd200000|
| 211|0x00000000cd300000, 0x00000000cd300000, 0x00000000cd400000|  0%| F|  |TS 24|AC  0|TAMS 0x00000000cd300000, 0x00000000cd300000|
| 212|0x00000000cd400000, 0x00000000cd400000, 0x00000000cd500000|  0%| F|  |TS 24|AC  0|TAMS 0x00000000cd400000, 0x00000000cd400000|
| 213|0x00000000cd500000, 0x00000000cd500000, 0x00000000cd600000|  0%| F|  |TS 24|AC  0|TAMS 0x00000000cd500000, 0x00000000cd500000|
| 214|0x00000000cd600000, 0x00000000cd600000, 0x00000000cd700000|  0%| F|  |TS 24|AC  0|TAMS 0x00000000cd600000, 0x00000000cd600000|
| 215|0x00000000cd700000, 0x00000000cd700000, 0x00000000cd800000|  0%| F|  |TS 24|AC  0|TAMS 0x00000000cd700000, 0x00000000cd700000|
| 216|0x00000000cd800000, 0x00000000cd800000, 0x00000000cd900000|  0%| F|  |TS 24|AC  0|TAMS 0x00000000cd800000, 0x00000000cd800000|
| 217|0x00000000cd900000, 0x00000000cd900000, 0x00000000cda00000|  0%| F|  |TS 24|AC  0|TAMS 0x00000000cd900000, 0x00000000cd900000|
| 218|0x00000000cda00000, 0x00000000cda00000, 0x00000000cdb00000|  0%| F|  |TS 24|AC  0|TAMS 0x00000000cda00000, 0x00000000cda00000|
| 219|0x00000000cdb00000, 0x00000000cdb00000, 0x00000000cdc00000|  0%| F|  |TS 24|AC  0|TAMS 0x00000000cdb00000, 0x00000000cdb00000|
| 220|0x00000000cdc00000, 0x00000000cdc00000, 0x00000000cdd00000|  0%| F|  |TS 24|AC  0|TAMS 0x00000000cdc00000, 0x00000000cdc00000|
| 221|0x00000000cdd00000, 0x00000000cdd00000, 0x00000000cde00000|  0%| F|  |TS 24|AC  0|TAMS 0x00000000cdd00000, 0x00000000cdd00000|
| 222|0x00000000cde00000, 0x00000000cde00000, 0x00000000cdf00000|  0%| F|  |TS 24|AC  0|TAMS 0x00000000cde00000, 0x00000000cde00000|
| 223|0x00000000cdf00000, 0x00000000cdf00000, 0x00000000ce000000|  0%| F|  |TS 24|AC  0|TAMS 0x00000000cdf00000, 0x00000000cdf00000|
| 224|0x00000000ce000000, 0x00000000ce000000, 0x00000000ce100000|  0%| F|  |TS 24|AC  0|TAMS 0x00000000ce000000, 0x00000000ce000000|
| 225|0x00000000ce100000, 0x00000000ce100000, 0x00000000ce200000|  0%| F|  |TS 24|AC  0|TAMS 0x00000000ce100000, 0x00000000ce100000|
| 226|0x00000000ce200000, 0x00000000ce200000, 0x00000000ce300000|  0%| F|  |TS 24|AC  0|TAMS 0x00000000ce200000, 0x00000000ce200000|
| 227|0x00000000ce300000, 0x00000000ce300000, 0x00000000ce400000|  0%| F|  |TS 24|AC  0|TAMS 0x00000000ce300000, 0x00000000ce300000|
| 228|0x00000000ce400000, 0x00000000ce400000, 0x00000000ce500000|  0%| F|  |TS 24|AC  0|TAMS 0x00000000ce400000, 0x00000000ce400000|
| 229|0x00000000ce500000, 0x00000000ce500000, 0x00000000ce600000|  0%| F|  |TS 24|AC  0|TAMS 0x00000000ce500000, 0x00000000ce500000|
| 230|0x00000000ce600000, 0x00000000ce600000, 0x00000000ce700000|  0%| F|  |TS 24|AC  0|TAMS 0x00000000ce600000, 0x00000000ce600000|
| 231|0x00000000ce700000, 0x00000000ce700000, 0x00000000ce800000|  0%| F|  |TS 24|AC  0|TAMS 0x00000000ce700000, 0x00000000ce700000|
| 232|0x00000000ce800000, 0x00000000ce800000, 0x00000000ce900000|  0%| F|  |TS 24|AC  0|TAMS 0x00000000ce800000, 0x00000000ce800000|
| 233|0x00000000ce900000, 0x00000000ce900000, 0x00000000cea00000|  0%| F|  |TS 32|AC  0|TAMS 0x00000000ce900000, 0x00000000ce900000|
| 234|0x00000000cea00000, 0x00000000cea00000, 0x00000000ceb00000|  0%| F|  |TS 32|AC  0|TAMS 0x00000000cea00000, 0x00000000cea00000|
| 235|0x00000000ceb00000, 0x00000000ceb00000, 0x00000000cec00000|  0%| F|  |TS 32|AC  0|TAMS 0x00000000ceb00000, 0x00000000ceb00000|
| 236|0x00000000cec00000, 0x00000000cec00000, 0x00000000ced00000|  0%| F|  |TS 32|AC  0|TAMS 0x00000000cec00000, 0x00000000cec00000|
| 237|0x00000000ced00000, 0x00000000ced00000, 0x00000000cee00000|  0%| F|  |TS 32|AC  0|TAMS 0x00000000ced00000, 0x00000000ced00000|
| 238|0x00000000cee00000, 0x00000000cee00000, 0x00000000cef00000|  0%| F|  |TS 31|AC  0|TAMS 0x00000000cee00000, 0x00000000cee00000|
| 239|0x00000000cef00000, 0x00000000cef00000, 0x00000000cf000000|  0%| F|  |TS 31|AC  0|TAMS 0x00000000cef00000, 0x00000000cef00000|
| 240|0x00000000cf000000, 0x00000000cf000000, 0x00000000cf100000|  0%| F|  |TS 31|AC  0|TAMS 0x00000000cf000000, 0x00000000cf000000|
| 241|0x00000000cf100000, 0x00000000cf100000, 0x00000000cf200000|  0%| F|  |TS 31|AC  0|TAMS 0x00000000cf100000, 0x00000000cf100000|
| 242|0x00000000cf200000, 0x00000000cf200000, 0x00000000cf300000|  0%| F|  |TS 31|AC  0|TAMS 0x00000000cf200000, 0x00000000cf200000|
| 243|0x00000000cf300000, 0x00000000cf300000, 0x00000000cf400000|  0%| F|  |TS 31|AC  0|TAMS 0x00000000cf300000, 0x00000000cf300000|
| 244|0x00000000cf400000, 0x00000000cf400000, 0x00000000cf500000|  0%| F|  |TS 31|AC  0|TAMS 0x00000000cf400000, 0x00000000cf400000|
| 245|0x00000000cf500000, 0x00000000cf500000, 0x00000000cf600000|  0%| F|  |TS 31|AC  0|TAMS 0x00000000cf500000, 0x00000000cf500000|
| 246|0x00000000cf600000, 0x00000000cf600000, 0x00000000cf700000|  0%| F|  |TS 31|AC  0|TAMS 0x00000000cf600000, 0x00000000cf600000|
| 247|0x00000000cf700000, 0x00000000cf700000, 0x00000000cf800000|  0%| F|  |TS 31|AC  0|TAMS 0x00000000cf700000, 0x00000000cf700000|
| 248|0x00000000cf800000, 0x00000000cf800000, 0x00000000cf900000|  0%| F|  |TS 31|AC  0|TAMS 0x00000000cf800000, 0x00000000cf800000|
| 249|0x00000000cf900000, 0x00000000cf900000, 0x00000000cfa00000|  0%| F|  |TS 31|AC  0|TAMS 0x00000000cf900000, 0x00000000cf900000|
| 250|0x00000000cfa00000, 0x00000000cfa00000, 0x00000000cfb00000|  0%| F|  |TS 31|AC  0|TAMS 0x00000000cfa00000, 0x00000000cfa00000|
| 251|0x00000000cfb00000, 0x00000000cfb00000, 0x00000000cfc00000|  0%| F|  |TS 31|AC  0|TAMS 0x00000000cfb00000, 0x00000000cfb00000|
| 252|0x00000000cfc00000, 0x00000000cfc00000, 0x00000000cfd00000|  0%| F|  |TS 31|AC  0|TAMS 0x00000000cfc00000, 0x00000000cfc00000|
| 253|0x00000000cfd00000, 0x00000000cfd00000, 0x00000000cfe00000|  0%| F|  |TS 31|AC  0|TAMS 0x00000000cfd00000, 0x00000000cfd00000|
| 254|0x00000000cfe00000, 0x00000000cfe00000, 0x00000000cff00000|  0%| F|  |TS 31|AC  0|TAMS 0x00000000cfe00000, 0x00000000cfe00000|
| 255|0x00000000cff00000, 0x00000000cff00000, 0x00000000d0000000|  0%| F|  |TS 31|AC  0|TAMS 0x00000000cff00000, 0x00000000cff00000|
| 256|0x00000000d0000000, 0x00000000d0000000, 0x00000000d0100000|  0%| F|  |TS 31|AC  0|TAMS 0x00000000d0000000, 0x00000000d0000000|
| 257|0x00000000d0100000, 0x00000000d0100000, 0x00000000d0200000|  0%| F|  |TS 31|AC  0|TAMS 0x00000000d0100000, 0x00000000d0100000|
| 258|0x00000000d0200000, 0x00000000d0200000, 0x00000000d0300000|  0%| F|  |TS 31|AC  0|TAMS 0x00000000d0200000, 0x00000000d0200000|
| 259|0x00000000d0300000, 0x00000000d0300000, 0x00000000d0400000|  0%| F|  |TS 31|AC  0|TAMS 0x00000000d0300000, 0x00000000d0300000|
| 260|0x00000000d0400000, 0x00000000d0400000, 0x00000000d0500000|  0%| F|  |TS 31|AC  0|TAMS 0x00000000d0400000, 0x00000000d0400000|
| 261|0x00000000d0500000, 0x00000000d0500000, 0x00000000d0600000|  0%| F|  |TS 31|AC  0|TAMS 0x00000000d0500000, 0x00000000d0500000|
| 262|0x00000000d0600000, 0x00000000d06742d0, 0x00000000d0700000| 45%| S|CS|TS 32|AC  0|TAMS 0x00000000d0600000, 0x00000000d0600000|
| 263|0x00000000d0700000, 0x00000000d0800000, 0x00000000d0800000|100%| S|CS|TS 32|AC  0|TAMS 0x00000000d0700000, 0x00000000d0700000|
| 264|0x00000000d0800000, 0x00000000d0800000, 0x00000000d0900000|  0%| F|  |TS 32|AC  0|TAMS 0x00000000d0800000, 0x00000000d0800000|
| 265|0x00000000d0900000, 0x00000000d0900000, 0x00000000d0a00000|  0%| F|  |TS 32|AC  0|TAMS 0x00000000d0900000, 0x00000000d0900000|
| 266|0x00000000d0a00000, 0x00000000d0a00000, 0x00000000d0b00000|  0%| F|  |TS 32|AC  0|TAMS 0x00000000d0a00000, 0x00000000d0a00000|
| 267|0x00000000d0b00000, 0x00000000d0b00000, 0x00000000d0c00000|  0%| F|  |TS 32|AC  0|TAMS 0x00000000d0b00000, 0x00000000d0b00000|
| 268|0x00000000d0c00000, 0x00000000d0c00000, 0x00000000d0d00000|  0%| F|  |TS 32|AC  0|TAMS 0x00000000d0c00000, 0x00000000d0c00000|
| 269|0x00000000d0d00000, 0x00000000d0d00000, 0x00000000d0e00000|  0%| F|  |TS 32|AC  0|TAMS 0x00000000d0d00000, 0x00000000d0d00000|
| 270|0x00000000d0e00000, 0x00000000d0e00000, 0x00000000d0f00000|  0%| F|  |TS 32|AC  0|TAMS 0x00000000d0e00000, 0x00000000d0e00000|
| 271|0x00000000d0f00000, 0x00000000d0f00000, 0x00000000d1000000|  0%| F|  |TS 32|AC  0|TAMS 0x00000000d0f00000, 0x00000000d0f00000|

Card table byte_map: [0x00007f6a193f1000,0x00007f6a195f1000] byte_map_base: 0x00007f6a18df1000

Marking Bits (Prev, Next): (CMBitMap*) 0x00007f6a14066b50, (CMBitMap*) 0x00007f6a14066b88
 Prev Bits: [0x00007f6a181f1000, 0x00007f6a191f1000)
 Next Bits: [0x00007f69fab26000, 0x00007f69fbb26000)

Polling page: 0x00007f6a1def2000

CodeHeap 'non-profiled nmethods': size=120032Kb used=5340Kb max_used=5340Kb free=114691Kb
 bounds [0x00007f6a035ee000, 0x00007f6a03b2e000, 0x00007f6a0ab26000]
CodeHeap 'profiled nmethods': size=120032Kb used=12345Kb max_used=12345Kb free=107686Kb
 bounds [0x00007f69fc0b6000, 0x00007f69fccd6000, 0x00007f6a035ee000]
CodeHeap 'non-nmethods': size=5696Kb used=1205Kb max_used=1289Kb free=4491Kb
 bounds [0x00007f69fbb26000, 0x00007f69fbd96000, 0x00007f69fc0b6000]
 total_blobs=8976 nmethods=5661 adapters=508
 compilation: enabled

Compilation events (10 events):
Event: 234.044 Thread 0x00007f6a14169000 nmethod 6564 0x00007f6a03b1e810 code [0x00007f6a03b1e9a0, 0x00007f6a03b1eef8]
Event: 234.044 Thread 0x00007f6a14169000 6566       4       java.util.LinkedHashMap$LinkedKeyIterator::next (8 bytes)
Event: 234.048 Thread 0x00007f6a14169000 nmethod 6566 0x00007f6a03b1ef90 code [0x00007f6a03b1f120, 0x00007f6a03b1f398]
Event: 234.048 Thread 0x00007f6a14169000 6565       4       java.util.LinkedList::linkLast (59 bytes)
Event: 234.055 Thread 0x00007f6a14169000 nmethod 6565 0x00007f6a03b1f490 code [0x00007f6a03b1f620, 0x00007f6a03b1fb98]
Event: 234.678 Thread 0x00007f6a1416b000 nmethod 6579 0x00007f69fcccd510 code [0x00007f69fcccdbe0, 0x00007f69fccd1558]
Event: 234.678 Thread 0x00007f6a1416b000 6580       1       org.apache.maven.model.Model::getIssueManagement (5 bytes)
Event: 234.678 Thread 0x00007f6a1416b000 nmethod 6580 0x00007f6a03b1fc90 code [0x00007f6a03b1fe40, 0x00007f6a03b1ff50]
Event: 234.907 Thread 0x00007f6a14167000 nmethod 6559 0x00007f6a03b20010 code [0x00007f6a03b203e0, 0x00007f6a03b23600]
Event: 256.650 Thread 0x00007f6a1416b000 6582       3       org.eclipse.aether.RequestTrace::newChild (19 bytes)

GC Heap History (10 events):
Event: 214.646 GC heap after
{Heap after GC invocations=96 (full 0):
 garbage-first heap   total 278528K, used 186935K [0x00000000c0000000, 0x0000000100000000)
  region size 1024K, 2 young (2048K), 2 survivors (2048K)
 Metaspace       used 49467K, capacity 51789K, committed 52048K, reserved 1095680K
  class space    used 4657K, capacity 5450K, committed 5456K, reserved 1048576K
}
Event: 215.735 GC heap before
{Heap before GC invocations=96 (full 0):
 garbage-first heap   total 278528K, used 198199K [0x00000000c0000000, 0x0000000100000000)
  region size 1024K, 13 young (13312K), 2 survivors (2048K)
 Metaspace       used 49467K, capacity 51789K, committed 52048K, reserved 1095680K
  class space    used 4657K, capacity 5450K, committed 5456K, reserved 1048576K
}
Event: 215.759 GC heap after
{Heap after GC invocations=97 (full 0):
 garbage-first heap   total 278528K, used 187981K [0x00000000c0000000, 0x0000000100000000)
  region size 1024K, 2 young (2048K), 2 survivors (2048K)
 Metaspace       used 49467K, capacity 51789K, committed 52048K, reserved 1095680K
  class space    used 4657K, capacity 5450K, committed 5456K, reserved 1048576K
}
Event: 222.378 GC heap before
{Heap before GC invocations=97 (full 0):
 garbage-first heap   total 278528K, used 199245K [0x00000000c0000000, 0x0000000100000000)
  region size 1024K, 13 young (13312K), 2 survivors (2048K)
 Metaspace       used 49467K, capacity 51789K, committed 52048K, reserved 1095680K
  class space    used 4657K, capacity 5450K, committed 5456K, reserved 1048576K
}
Event: 222.402 GC heap after
{Heap after GC invocations=98 (full 0):
 garbage-first heap   total 278528K, used 189159K [0x00000000c0000000, 0x0000000100000000)
  region size 1024K, 2 young (2048K), 2 survivors (2048K)
 Metaspace       used 49467K, capacity 51789K, committed 52048K, reserved 1095680K
  class space    used 4657K, capacity 5450K, committed 5456K, reserved 1048576K
}
Event: 226.563 GC heap before
{Heap before GC invocations=98 (full 0):
 garbage-first heap   total 278528K, used 213735K [0x00000000c0000000, 0x0000000100000000)
  region size 1024K, 26 young (26624K), 2 survivors (2048K)
 Metaspace       used 49469K, capacity 51789K, committed 52048K, reserved 1095680K
  class space    used 4657K, capacity 5450K, committed 5456K, reserved 1048576K
}
Event: 226.586 GC heap after
{Heap after GC invocations=99 (full 0):
 garbage-first heap   total 278528K, used 191675K [0x00000000c0000000, 0x0000000100000000)
  region size 1024K, 4 young (4096K), 4 survivors (4096K)
 Metaspace       used 49469K, capacity 51789K, committed 52048K, reserved 1095680K
  class space    used 4657K, capacity 5450K, committed 5456K, reserved 1048576K
}
Event: 242.251 GC heap before
{Heap before GC invocations=99 (full 0):
 garbage-first heap   total 278528K, used 222395K [0x00000000c0000000, 0x0000000100000000)
  region size 1024K, 34 young (34816K), 4 survivors (4096K)
 Metaspace       used 49476K, capacity 51789K, committed 52048K, reserved 1095680K
  class space    used 4657K, capacity 5450K, committed 5456K, reserved 1048576K
}
Event: 254.027 GC heap after
{Heap after GC invocations=100 (full 0):
 garbage-first heap   total 278528K, used 194700K [0x00000000c0000000, 0x0000000100000000)
  region size 1024K, 5 young (5120K), 5 survivors (5120K)
 Metaspace       used 49476K, capacity 51789K, committed 52048K, reserved 1095680K
  class space    used 4657K, capacity 5450K, committed 5456K, reserved 1048576K
}
Event: 261.386 GC heap before
{Heap before GC invocations=100 (full 0):
 garbage-first heap   total 278528K, used 202892K [0x00000000c0000000, 0x0000000100000000)
  region size 1024K, 13 young (13312K), 5 survivors (5120K)
 Metaspace       used 49476K, capacity 51789K, committed 52048K, reserved 1095680K
  class space    used 4657K, capacity 5450K, committed 5456K, reserved 1048576K
}

Deoptimization events (10 events):
Event: 205.041 Thread 0x00007f698c1ce000 Uncommon trap: reason=class_check action=maybe_recompile pc=0x00007f6a03aa8470 method=org.apache.maven.model.interpolation.StringSearchModelInterpolator$InterpolateObjectAction$MapField.doInterpolate(Ljava/lang/Object;Lorg/apache/maven/model/interpolation
Event: 205.041 Thread 0x00007f698c1ce000 Uncommon trap: reason=class_check action=maybe_recompile pc=0x00007f6a03aa8470 method=org.apache.maven.model.interpolation.StringSearchModelInterpolator$InterpolateObjectAction$MapField.doInterpolate(Ljava/lang/Object;Lorg/apache/maven/model/interpolation
Event: 207.028 Thread 0x00007f698c340800 Uncommon trap: reason=unstable_if action=reinterpret pc=0x00007f6a038a21c0 method=org.eclipse.jdt.internal.compiler.classfmt.ClassFileReader.<init>([B[CZ)V @ 1386 c2
Event: 207.028 Thread 0x00007f698c340800 Uncommon trap: reason=unstable_if action=reinterpret pc=0x00007f6a03883618 method=org.eclipse.jdt.internal.compiler.classfmt.ClassFileReader.<init>([B[CZ)V @ 1386 c2
Event: 209.579 Thread 0x00007f698c1ce000 Uncommon trap: reason=unstable_if action=reinterpret pc=0x00007f6a0372e2f4 method=java.util.regex.Pattern$BmpCharPredicate.lambda$union$2(Ljava/util/regex/Pattern$CharPredicate;I)Z @ 17 c2
Event: 209.637 Thread 0x00007f698c1ce000 Uncommon trap: reason=class_check action=maybe_recompile pc=0x00007f6a03aa8470 method=org.apache.maven.model.interpolation.StringSearchModelInterpolator$InterpolateObjectAction$MapField.doInterpolate(Ljava/lang/Object;Lorg/apache/maven/model/interpolation
Event: 209.637 Thread 0x00007f698c1ce000 Uncommon trap: reason=unstable_if action=reinterpret pc=0x00007f6a03ab63c8 method=org.codehaus.plexus.interpolation.StringSearchInterpolator.interpolate(Ljava/lang/String;Lorg/codehaus/plexus/interpolation/RecursionInterceptor;Ljava/util/Set;)Ljava/lang/S
Event: 210.840 Thread 0x00007f698c340800 Uncommon trap: reason=unstable_if action=reinterpret pc=0x00007f6a03a39d4c method=org.eclipse.jdt.internal.compiler.classfmt.MethodInfo.createMethod([B[IIJ)Lorg/eclipse/jdt/internal/compiler/classfmt/MethodInfo; @ 265 c2
Event: 213.921 Thread 0x00007f698c1ce000 Uncommon trap: reason=unstable_if action=reinterpret pc=0x00007f6a03a693c0 method=org.codehaus.plexus.util.xml.pull.MXParser.nextImpl()I @ 280 c2
Event: 231.538 Thread 0x00007f698c1ce000 Uncommon trap: reason=unstable_if action=reinterpret pc=0x00007f6a03b15c18 method=org.codehaus.plexus.util.xml.pull.MXParser.nextImpl()I @ 310 c2

Classes redefined (0 events):
No events

Internal exceptions (10 events):
Event: 148.949 Thread 0x00007f698c1ce000 Exception <a 'sun/nio/fs/UnixException'{0x00000000c9b96cf0}> (0x00000000c9b96cf0) thrown at [/build/openjdk-lts-xioZJb/openjdk-lts-10.0.2+13/src/hotspot/share/prims/jni.cpp, line 611]
Event: 149.185 Thread 0x00007f698c1ce000 Exception <a 'sun/nio/fs/UnixException'{0x00000000c9b9b9e8}> (0x00000000c9b9b9e8) thrown at [/build/openjdk-lts-xioZJb/openjdk-lts-10.0.2+13/src/hotspot/share/prims/jni.cpp, line 611]
Event: 149.188 Thread 0x00007f698c1ce000 Exception <a 'sun/nio/fs/UnixException'{0x00000000c9b9ec50}> (0x00000000c9b9ec50) thrown at [/build/openjdk-lts-xioZJb/openjdk-lts-10.0.2+13/src/hotspot/share/prims/jni.cpp, line 611]
Event: 149.197 Thread 0x00007f698c1ce000 Exception <a 'sun/nio/fs/UnixException'{0x00000000c9ba2128}> (0x00000000c9ba2128) thrown at [/build/openjdk-lts-xioZJb/openjdk-lts-10.0.2+13/src/hotspot/share/prims/jni.cpp, line 611]
Event: 149.202 Thread 0x00007f698c1ce000 Exception <a 'sun/nio/fs/UnixException'{0x00000000c9ba5980}> (0x00000000c9ba5980) thrown at [/build/openjdk-lts-xioZJb/openjdk-lts-10.0.2+13/src/hotspot/share/prims/jni.cpp, line 611]
Event: 149.642 Thread 0x00007f698c1ce000 Exception <a 'java/lang/ArrayIndexOutOfBoundsException'{0x00000000c921a010}> (0x00000000c921a010) thrown at [/build/openjdk-lts-xioZJb/openjdk-lts-10.0.2+13/src/hotspot/share/runtime/sharedRuntime.cpp, line 600]
Event: 159.535 Thread 0x00007f698c1ce000 Exception <a 'sun/nio/fs/UnixException'{0x00000000ca901bb0}> (0x00000000ca901bb0) thrown at [/build/openjdk-lts-xioZJb/openjdk-lts-10.0.2+13/src/hotspot/share/prims/jni.cpp, line 611]
Event: 159.536 Thread 0x00007f698c1ce000 Exception <a 'sun/nio/fs/UnixException'{0x00000000ca9030c8}> (0x00000000ca9030c8) thrown at [/build/openjdk-lts-xioZJb/openjdk-lts-10.0.2+13/src/hotspot/share/prims/jni.cpp, line 611]
Event: 159.937 Thread 0x00007f698c1ce000 Exception <a 'java/io/FileNotFoundException'{0x00000000ca884490}> (0x00000000ca884490) thrown at [/build/openjdk-lts-xioZJb/openjdk-lts-10.0.2+13/src/hotspot/share/prims/jni.cpp, line 611]
Event: 193.407 Thread 0x00007f698c1ce000 Implicit null exception at 0x00007f6a03a95f13 to 0x00007f6a03a9632a

Events (10 events):
Event: 233.902 Thread 0x00007f698c1ce000 DEOPT UNPACKING pc=0x00007f69fbb4df25 sp=0x00007f69c95d17a8 mode 2
Event: 238.130 Executing VM operation: G1IncCollectionPause
Event: 255.890 Executing VM operation: G1IncCollectionPause done
Event: 258.699 Executing VM operation: RevokeBias
Event: 260.688 Executing VM operation: RevokeBias done
Event: 260.688 Executing VM operation: RevokeBias
Event: 260.688 Executing VM operation: RevokeBias done
Event: 260.688 Executing VM operation: RevokeBias
Event: 260.688 Executing VM operation: RevokeBias done
Event: 261.218 Executing VM operation: G1IncCollectionPause


Dynamic libraries:
c0000000-d1000000 rw-p 00000000 00:00 0 
e3d00000-100000000 ---p 00000000 00:00 0 
100000000-100554000 rw-p 00000000 00:00 0 
100554000-140000000 ---p 00000000 00:00 0 
55a493a7e000-55a493a7f000 r-xp 00000000 08:01 2755849                    /usr/lib/jvm/java-11-openjdk-amd64/bin/java
55a493c7f000-55a493c80000 r--p 00001000 08:01 2755849                    /usr/lib/jvm/java-11-openjdk-amd64/bin/java
55a493c80000-55a493c81000 rw-p 00002000 08:01 2755849                    /usr/lib/jvm/java-11-openjdk-amd64/bin/java
55a494446000-55a4946fd000 rw-p 00000000 00:00 0                          [heap]
7f696eb26000-7f6978000000 r--s 00000000 08:01 2761417                    /usr/lib/jvm/java-11-openjdk-amd64/lib/modules
7f6978000000-7f69780da000 rw-p 00000000 00:00 0 
7f69780da000-7f697c000000 ---p 00000000 00:00 0 
7f697edfa000-7f697ef7a000 rw-p 00000000 00:00 0 
7f697ef7a000-7f697effa000 ---p 00000000 00:00 0 
7f697effa000-7f697f1fa000 rw-p 00000000 00:00 0 
7f697f1fa000-7f697f3fa000 rw-p 00000000 00:00 0 
7f697f3fa000-7f697f5fa000 rw-p 00000000 00:00 0 
7f697f5fa000-7f697f7fa000 rw-p 00000000 00:00 0 
7f697f7fa000-7f697f7fe000 ---p 00000000 00:00 0 
7f697f7fe000-7f697f8fb000 rw-p 00000000 00:00 0 
7f697f8fb000-7f697f8ff000 ---p 00000000 00:00 0 
7f697f8ff000-7f697f9fc000 rw-p 00000000 00:00 0 
7f697f9fc000-7f697fa00000 ---p 00000000 00:00 0 
7f697fa00000-7f697fafd000 rw-p 00000000 00:00 0 
7f697fafd000-7f697fb01000 ---p 00000000 00:00 0 
7f697fb01000-7f697fbfe000 rw-p 00000000 00:00 0 
7f697fbfe000-7f697fc02000 ---p 00000000 00:00 0 
7f697fc02000-7f697feff000 rw-p 00000000 00:00 0 
7f697feff000-7f697ff03000 ---p 00000000 00:00 0 
7f697ff03000-7f6980000000 rw-p 00000000 00:00 0 
7f6980000000-7f698002a000 rw-p 00000000 00:00 0 
7f698002a000-7f6984000000 ---p 00000000 00:00 0 
7f6984000000-7f6984265000 rw-p 00000000 00:00 0 
7f6984265000-7f6988000000 ---p 00000000 00:00 0 
7f6988000000-7f6988021000 rw-p 00000000 00:00 0 
7f6988021000-7f698c000000 ---p 00000000 00:00 0 
7f698c000000-7f698ca96000 rw-p 00000000 00:00 0 
7f698ca96000-7f6990000000 ---p 00000000 00:00 0 
7f6990000000-7f6990021000 rw-p 00000000 00:00 0 
7f6990021000-7f6994000000 ---p 00000000 00:00 0 
7f6994000000-7f6994021000 rw-p 00000000 00:00 0 
7f6994021000-7f6998000000 ---p 00000000 00:00 0 
7f6998000000-7f6998021000 rw-p 00000000 00:00 0 
7f6998021000-7f699c000000 ---p 00000000 00:00 0 
7f699c000000-7f699c021000 rw-p 00000000 00:00 0 
7f699c021000-7f69a0000000 ---p 00000000 00:00 0 
7f69a0000000-7f69a0056000 rw-p 00000000 00:00 0 
7f69a0056000-7f69a4000000 ---p 00000000 00:00 0 
7f69a4000000-7f69a4021000 rw-p 00000000 00:00 0 
7f69a4021000-7f69a8000000 ---p 00000000 00:00 0 
7f69a8000000-7f69ab7e9000 rw-p 00000000 00:00 0 
7f69ab7e9000-7f69ac000000 ---p 00000000 00:00 0 
7f69ac000000-7f69acdfc000 rw-p 00000000 00:00 0 
7f69acdfc000-7f69b0000000 ---p 00000000 00:00 0 
7f69b0000000-7f69b0021000 rw-p 00000000 00:00 0 
7f69b0021000-7f69b4000000 ---p 00000000 00:00 0 
7f69b4000000-7f69b6e6a000 rw-p 00000000 00:00 0 
7f69b6e6a000-7f69b8000000 ---p 00000000 00:00 0 
7f69b8000000-7f69b8021000 rw-p 00000000 00:00 0 
7f69b8021000-7f69bc000000 ---p 00000000 00:00 0 
7f69bc000000-7f69bc021000 rw-p 00000000 00:00 0 
7f69bc021000-7f69c0000000 ---p 00000000 00:00 0 
7f69c0000000-7f69c026c000 rw-p 00000000 00:00 0 
7f69c026c000-7f69c4000000 ---p 00000000 00:00 0 
7f69c4000000-7f69c43e7000 rw-p 00000000 00:00 0 
7f69c43e7000-7f69c8000000 ---p 00000000 00:00 0 
7f69c80d1000-7f69c82d1000 rw-p 00000000 00:00 0 
7f69c82d1000-7f69c82d5000 ---p 00000000 00:00 0 
7f69c82d5000-7f69c85d2000 rw-p 00000000 00:00 0 
7f69c85d2000-7f69c87d2000 rw-p 00000000 00:00 0 
7f69c87d2000-7f69c89d2000 rw-p 00000000 00:00 0 
7f69c89d2000-7f69c8bd2000 rw-p 00000000 00:00 0 
7f69c8bd2000-7f69c8dd2000 rw-p 00000000 00:00 0 
7f69c8dd2000-7f69c8dd6000 ---p 00000000 00:00 0 
7f69c8dd6000-7f69c90d3000 rw-p 00000000 00:00 0 
7f69c90d3000-7f69c92d3000 rw-p 00000000 00:00 0 
7f69c92d3000-7f69c92d7000 ---p 00000000 00:00 0 
7f69c92d7000-7f69c93d4000 rw-p 00000000 00:00 0 
7f69c93d4000-7f69c93d8000 ---p 00000000 00:00 0 
7f69c93d8000-7f69c94d5000 rw-p 00000000 00:00 0 
7f69c94d5000-7f69c94d9000 ---p 00000000 00:00 0 
7f69c94d9000-7f69c97d6000 rw-p 00000000 00:00 0 
7f69c97d6000-7f69c99d6000 rw-p 00000000 00:00 0 
7f69c99d6000-7f69c99da000 ---p 00000000 00:00 0 
7f69c99da000-7f69c9cd7000 rw-p 00000000 00:00 0 
7f69c9cd7000-7f69c9ce7000 r-xp 00000000 08:01 11014857                   /home/shiva/.vscode/extensions/redhat.java-0.31.0/server/config_linux/org.eclipse.equinox.launcher/org.eclipse.equinox.launcher.gtk.linux.x86_64_1.1.800.v20180827-1352/eclipse_1705.so
7f69c9ce7000-7f69c9ee6000 ---p 00010000 08:01 11014857                   /home/shiva/.vscode/extensions/redhat.java-0.31.0/server/config_linux/org.eclipse.equinox.launcher/org.eclipse.equinox.launcher.gtk.linux.x86_64_1.1.800.v20180827-1352/eclipse_1705.so
7f69c9ee6000-7f69c9ee7000 r--p 0000f000 08:01 11014857                   /home/shiva/.vscode/extensions/redhat.java-0.31.0/server/config_linux/org.eclipse.equinox.launcher/org.eclipse.equinox.launcher.gtk.linux.x86_64_1.1.800.v20180827-1352/eclipse_1705.so
7f69c9ee7000-7f69c9ee8000 rw-p 00010000 08:01 11014857                   /home/shiva/.vscode/extensions/redhat.java-0.31.0/server/config_linux/org.eclipse.equinox.launcher/org.eclipse.equinox.launcher.gtk.linux.x86_64_1.1.800.v20180827-1352/eclipse_1705.so
7f69c9ee8000-7f69c9eec000 ---p 00000000 00:00 0 
7f69c9eec000-7f69c9fe9000 rw-p 00000000 00:00 0 
7f69c9fe9000-7f69c9fed000 ---p 00000000 00:00 0 
7f69c9fed000-7f69ca0ea000 rw-p 00000000 00:00 0 
7f69ca0ea000-7f69ca0ee000 ---p 00000000 00:00 0 
7f69ca0ee000-7f69ca3eb000 rw-p 00000000 00:00 0 
7f69ca3eb000-7f69ca5eb000 rw-p 00000000 00:00 0 
7f69ca5eb000-7f69ca602000 r-xp 00000000 08:01 2761389                    /usr/lib/jvm/java-11-openjdk-amd64/lib/libnet.so
7f69ca602000-7f69ca801000 ---p 00017000 08:01 2761389                    /usr/lib/jvm/java-11-openjdk-amd64/lib/libnet.so
7f69ca801000-7f69ca802000 r--p 00016000 08:01 2761389                    /usr/lib/jvm/java-11-openjdk-amd64/lib/libnet.so
7f69ca802000-7f69ca803000 rw-p 00017000 08:01 2761389                    /usr/lib/jvm/java-11-openjdk-amd64/lib/libnet.so
7f69ca803000-7f69ca814000 r-xp 00000000 08:01 2761400                    /usr/lib/jvm/java-11-openjdk-amd64/lib/libnio.so
7f69ca814000-7f69caa13000 ---p 00011000 08:01 2761400                    /usr/lib/jvm/java-11-openjdk-amd64/lib/libnio.so
7f69caa13000-7f69caa14000 r--p 00010000 08:01 2761400                    /usr/lib/jvm/java-11-openjdk-amd64/lib/libnio.so
7f69caa14000-7f69caa15000 rw-p 00011000 08:01 2761400                    /usr/lib/jvm/java-11-openjdk-amd64/lib/libnio.so
7f69caa15000-7f69caa16000 ---p 00000000 00:00 0 
7f69caa16000-7f69cab17000 rw-p 00000000 00:00 0 
7f69cab17000-7f69cab1b000 ---p 00000000 00:00 0 
7f69cab1b000-7f69cac18000 rw-p 00000000 00:00 0 
7f69cac18000-7f69cac1c000 ---p 00000000 00:00 0 
7f69cac1c000-7f69cad19000 rw-p 00000000 00:00 0 
7f69cad19000-7f69cad1d000 ---p 00000000 00:00 0 
7f69cad1d000-7f69cae1a000 rw-p 00000000 00:00 0 
7f69cae1a000-7f69cae1e000 ---p 00000000 00:00 0 
7f69cae1e000-7f69caf1b000 rw-p 00000000 00:00 0 
7f69caf1b000-7f69caf1f000 ---p 00000000 00:00 0 
7f69caf1f000-7f69cb01c000 rw-p 00000000 00:00 0 
7f69cb01c000-7f69cb020000 ---p 00000000 00:00 0 
7f69cb020000-7f69cb11d000 rw-p 00000000 00:00 0 
7f69cb11d000-7f69cb121000 ---p 00000000 00:00 0 
7f69cb121000-7f69cb21e000 rw-p 00000000 00:00 0 
7f69cb21e000-7f69cb4fc000 r--p 00000000 08:01 2758544                    /usr/lib/locale/locale-archive
7f69cb4fc000-7f69cb500000 ---p 00000000 00:00 0 
7f69cb500000-7f69cb5fd000 rw-p 00000000 00:00 0 
7f69cb5fd000-7f69cb601000 ---p 00000000 00:00 0 
7f69cb601000-7f69cb6fe000 rw-p 00000000 00:00 0 
7f69cb6fe000-7f69cb6ff000 ---p 00000000 00:00 0 
7f69cb6ff000-7f69cc000000 rw-p 00000000 00:00 0 
7f69cc000000-7f69cc021000 rw-p 00000000 00:00 0 
7f69cc021000-7f69d0000000 ---p 00000000 00:00 0 
7f69d0000000-7f69d0021000 rw-p 00000000 00:00 0 
7f69d0021000-7f69d4000000 ---p 00000000 00:00 0 
7f69d4000000-7f69d4021000 rw-p 00000000 00:00 0 
7f69d4021000-7f69d8000000 ---p 00000000 00:00 0 
7f69d8000000-7f69d8021000 rw-p 00000000 00:00 0 
7f69d8021000-7f69dc000000 ---p 00000000 00:00 0 
7f69dc000000-7f69dc021000 rw-p 00000000 00:00 0 
7f69dc021000-7f69e0000000 ---p 00000000 00:00 0 
7f69e0000000-7f69e0071000 rw-p 00000000 00:00 0 
7f69e0071000-7f69e4000000 ---p 00000000 00:00 0 
7f69e4000000-7f69e40ff000 rw-p 00000000 00:00 0 
7f69e40ff000-7f69e8000000 ---p 00000000 00:00 0 
7f69e8000000-7f69e8021000 rw-p 00000000 00:00 0 
7f69e8021000-7f69ec000000 ---p 00000000 00:00 0 
7f69ec000000-7f69ec108000 rw-p 00000000 00:00 0 
7f69ec108000-7f69f0000000 ---p 00000000 00:00 0 
7f69f0000000-7f69f00fd000 rw-p 00000000 00:00 0 
7f69f00fd000-7f69f4000000 ---p 00000000 00:00 0 
7f69f4000000-7f69f40ed000 rw-p 00000000 00:00 0 
7f69f40ed000-7f69f8000000 ---p 00000000 00:00 0 
7f69f8014000-7f69f8015000 ---p 00000000 00:00 0 
7f69f8015000-7f69f8116000 rw-p 00000000 00:00 0 
7f69f8116000-7f69f8117000 ---p 00000000 00:00 0 
7f69f8117000-7f69f8218000 rw-p 00000000 00:00 0 
7f69f8218000-7f69f8219000 ---p 00000000 00:00 0 
7f69f8219000-7f69f831a000 rw-p 00000000 00:00 0 
7f69f831a000-7f69f831b000 ---p 00000000 00:00 0 
7f69f831b000-7f69f841c000 rw-p 00000000 00:00 0 
7f69f841c000-7f69f841d000 ---p 00000000 00:00 0 
7f69f841d000-7f69f851e000 rw-p 00000000 00:00 0 
7f69f851e000-7f69f851f000 ---p 00000000 00:00 0 
7f69f851f000-7f69faa24000 rw-p 00000000 00:00 0 
7f69faa24000-7f69faa25000 ---p 00000000 00:00 0 
7f69faa25000-7f69faf66000 rw-p 00000000 00:00 0 
7f69faf66000-7f69fbb26000 ---p 00000000 00:00 0 
7f69fbb26000-7f69fbd96000 rwxp 00000000 00:00 0 
7f69fbd96000-7f69fc0b6000 ---p 00000000 00:00 0 
7f69fc0b6000-7f69fccd6000 rwxp 00000000 00:00 0 
7f69fccd6000-7f6a035ee000 ---p 00000000 00:00 0 
7f6a035ee000-7f6a03b2e000 rwxp 00000000 00:00 0 
7f6a03b2e000-7f6a0ab26000 ---p 00000000 00:00 0 
7f6a0ab26000-7f6a14000000 r--s 00000000 08:01 2761417                    /usr/lib/jvm/java-11-openjdk-amd64/lib/modules
7f6a14000000-7f6a14516000 rw-p 00000000 00:00 0 
7f6a14516000-7f6a18000000 ---p 00000000 00:00 0 
7f6a18079000-7f6a180ef000 rw-p 00000000 00:00 0 
7f6a180ef000-7f6a180f0000 ---p 00000000 00:00 0 
7f6a180f0000-7f6a18631000 rw-p 00000000 00:00 0 
7f6a18631000-7f6a191f1000 ---p 00000000 00:00 0 
7f6a191f1000-7f6a19279000 rw-p 00000000 00:00 0 
7f6a19279000-7f6a193f1000 ---p 00000000 00:00 0 
7f6a193f1000-7f6a19479000 rw-p 00000000 00:00 0 
7f6a19479000-7f6a195f1000 ---p 00000000 00:00 0 
7f6a195f1000-7f6a19679000 rw-p 00000000 00:00 0 
7f6a19679000-7f6a197f1000 ---p 00000000 00:00 0 
7f6a197f1000-7f6a19bf5000 rw-p 00000000 00:00 0 
7f6a19bf5000-7f6a19bf6000 ---p 00000000 00:00 0 
7f6a19bf6000-7f6a19cf7000 rw-p 00000000 00:00 0 
7f6a19cf7000-7f6a19cf8000 ---p 00000000 00:00 0 
7f6a19cf8000-7f6a19df9000 rw-p 00000000 00:00 0 
7f6a19df9000-7f6a19dfa000 ---p 00000000 00:00 0 
7f6a19dfa000-7f6a19efb000 rw-p 00000000 00:00 0 
7f6a19efb000-7f6a19efc000 ---p 00000000 00:00 0 
7f6a19efc000-7f6a1a008000 rw-p 00000000 00:00 0 
7f6a1a008000-7f6a1a0e8000 ---p 00000000 00:00 0 
7f6a1a0e8000-7f6a1a101000 rw-p 00000000 00:00 0 
7f6a1a101000-7f6a1a1d3000 ---p 00000000 00:00 0 
7f6a1a1d3000-7f6a1a1d8000 r-xp 00000000 08:01 2761374                    /usr/lib/jvm/java-11-openjdk-amd64/lib/libjimage.so
7f6a1a1d8000-7f6a1a3d7000 ---p 00005000 08:01 2761374                    /usr/lib/jvm/java-11-openjdk-amd64/lib/libjimage.so
7f6a1a3d7000-7f6a1a3d8000 r--p 00004000 08:01 2761374                    /usr/lib/jvm/java-11-openjdk-amd64/lib/libjimage.so
7f6a1a3d8000-7f6a1a3d9000 rw-p 00005000 08:01 2761374                    /usr/lib/jvm/java-11-openjdk-amd64/lib/libjimage.so
7f6a1a3d9000-7f6a1a3e0000 r-xp 00000000 08:01 2761414                    /usr/lib/jvm/java-11-openjdk-amd64/lib/libzip.so
7f6a1a3e0000-7f6a1a5df000 ---p 00007000 08:01 2761414                    /usr/lib/jvm/java-11-openjdk-amd64/lib/libzip.so
7f6a1a5df000-7f6a1a5e0000 r--p 00006000 08:01 2761414                    /usr/lib/jvm/java-11-openjdk-amd64/lib/libzip.so
7f6a1a5e0000-7f6a1a5e1000 rw-p 00007000 08:01 2761414                    /usr/lib/jvm/java-11-openjdk-amd64/lib/libzip.so
7f6a1a5e1000-7f6a1a5ec000 r-xp 00000000 08:01 14288312                   /lib/x86_64-linux-gnu/libnss_files-2.27.so
7f6a1a5ec000-7f6a1a7eb000 ---p 0000b000 08:01 14288312                   /lib/x86_64-linux-gnu/libnss_files-2.27.so
7f6a1a7eb000-7f6a1a7ec000 r--p 0000a000 08:01 14288312                   /lib/x86_64-linux-gnu/libnss_files-2.27.so
7f6a1a7ec000-7f6a1a7ed000 rw-p 0000b000 08:01 14288312                   /lib/x86_64-linux-gnu/libnss_files-2.27.so
7f6a1a7ed000-7f6a1a7f3000 rw-p 00000000 00:00 0 
7f6a1a7f3000-7f6a1a80a000 r-xp 00000000 08:01 14288309                   /lib/x86_64-linux-gnu/libnsl-2.27.so
7f6a1a80a000-7f6a1aa09000 ---p 00017000 08:01 14288309                   /lib/x86_64-linux-gnu/libnsl-2.27.so
7f6a1aa09000-7f6a1aa0a000 r--p 00016000 08:01 14288309                   /lib/x86_64-linux-gnu/libnsl-2.27.so
7f6a1aa0a000-7f6a1aa0b000 rw-p 00017000 08:01 14288309                   /lib/x86_64-linux-gnu/libnsl-2.27.so
7f6a1aa0b000-7f6a1aa0d000 rw-p 00000000 00:00 0 
7f6a1aa0d000-7f6a1aa18000 r-xp 00000000 08:01 14288314                   /lib/x86_64-linux-gnu/libnss_nis-2.27.so
7f6a1aa18000-7f6a1ac17000 ---p 0000b000 08:01 14288314                   /lib/x86_64-linux-gnu/libnss_nis-2.27.so
7f6a1ac17000-7f6a1ac18000 r--p 0000a000 08:01 14288314                   /lib/x86_64-linux-gnu/libnss_nis-2.27.so
7f6a1ac18000-7f6a1ac19000 rw-p 0000b000 08:01 14288314                   /lib/x86_64-linux-gnu/libnss_nis-2.27.so
7f6a1ac19000-7f6a1ac21000 r-xp 00000000 08:01 14288310                   /lib/x86_64-linux-gnu/libnss_compat-2.27.so
7f6a1ac21000-7f6a1ae21000 ---p 00008000 08:01 14288310                   /lib/x86_64-linux-gnu/libnss_compat-2.27.so
7f6a1ae21000-7f6a1ae22000 r--p 00008000 08:01 14288310                   /lib/x86_64-linux-gnu/libnss_compat-2.27.so
7f6a1ae22000-7f6a1ae23000 rw-p 00009000 08:01 14288310                   /lib/x86_64-linux-gnu/libnss_compat-2.27.so
7f6a1ae23000-7f6a1ae4f000 r-xp 00000000 08:01 2761370                    /usr/lib/jvm/java-11-openjdk-amd64/lib/libjava.so
7f6a1ae4f000-7f6a1b04e000 ---p 0002c000 08:01 2761370                    /usr/lib/jvm/java-11-openjdk-amd64/lib/libjava.so
7f6a1b04e000-7f6a1b04f000 r--p 0002b000 08:01 2761370                    /usr/lib/jvm/java-11-openjdk-amd64/lib/libjava.so
7f6a1b04f000-7f6a1b051000 rw-p 0002c000 08:01 2761370                    /usr/lib/jvm/java-11-openjdk-amd64/lib/libjava.so
7f6a1b051000-7f6a1b05e000 r-xp 00000000 08:01 2761413                    /usr/lib/jvm/java-11-openjdk-amd64/lib/libverify.so
7f6a1b05e000-7f6a1b25d000 ---p 0000d000 08:01 2761413                    /usr/lib/jvm/java-11-openjdk-amd64/lib/libverify.so
7f6a1b25d000-7f6a1b25f000 r--p 0000c000 08:01 2761413                    /usr/lib/jvm/java-11-openjdk-amd64/lib/libverify.so
7f6a1b25f000-7f6a1b260000 rw-p 0000e000 08:01 2761413                    /usr/lib/jvm/java-11-openjdk-amd64/lib/libverify.so
7f6a1b260000-7f6a1b267000 r-xp 00000000 08:01 14288319                   /lib/x86_64-linux-gnu/librt-2.27.so
7f6a1b267000-7f6a1b466000 ---p 00007000 08:01 14288319                   /lib/x86_64-linux-gnu/librt-2.27.so
7f6a1b466000-7f6a1b467000 r--p 00006000 08:01 14288319                   /lib/x86_64-linux-gnu/librt-2.27.so
7f6a1b467000-7f6a1b468000 rw-p 00007000 08:01 14288319                   /lib/x86_64-linux-gnu/librt-2.27.so
7f6a1b468000-7f6a1b47f000 r-xp 00000000 08:01 14288381                   /lib/x86_64-linux-gnu/libgcc_s.so.1
7f6a1b47f000-7f6a1b67e000 ---p 00017000 08:01 14288381                   /lib/x86_64-linux-gnu/libgcc_s.so.1
7f6a1b67e000-7f6a1b67f000 r--p 00016000 08:01 14288381                   /lib/x86_64-linux-gnu/libgcc_s.so.1
7f6a1b67f000-7f6a1b680000 rw-p 00017000 08:01 14288381                   /lib/x86_64-linux-gnu/libgcc_s.so.1
7f6a1b680000-7f6a1b81d000 r-xp 00000000 08:01 14288306                   /lib/x86_64-linux-gnu/libm-2.27.so
7f6a1b81d000-7f6a1ba1c000 ---p 0019d000 08:01 14288306                   /lib/x86_64-linux-gnu/libm-2.27.so
7f6a1ba1c000-7f6a1ba1d000 r--p 0019c000 08:01 14288306                   /lib/x86_64-linux-gnu/libm-2.27.so
7f6a1ba1d000-7f6a1ba1e000 rw-p 0019d000 08:01 14288306                   /lib/x86_64-linux-gnu/libm-2.27.so
7f6a1ba1e000-7f6a1bb9c000 r-xp 00000000 08:01 2754773                    /usr/lib/x86_64-linux-gnu/libstdc++.so.6.0.25
7f6a1bb9c000-7f6a1bd9c000 ---p 0017e000 08:01 2754773                    /usr/lib/x86_64-linux-gnu/libstdc++.so.6.0.25
7f6a1bd9c000-7f6a1bda6000 r--p 0017e000 08:01 2754773                    /usr/lib/x86_64-linux-gnu/libstdc++.so.6.0.25
7f6a1bda6000-7f6a1bda8000 rw-p 00188000 08:01 2754773                    /usr/lib/x86_64-linux-gnu/libstdc++.so.6.0.25
7f6a1bda8000-7f6a1bdac000 rw-p 00000000 00:00 0 
7f6a1bdac000-7f6a1cd49000 r-xp 00000000 08:01 2761420                    /usr/lib/jvm/java-11-openjdk-amd64/lib/server/libjvm.so
7f6a1cd49000-7f6a1cf49000 ---p 00f9d000 08:01 2761420                    /usr/lib/jvm/java-11-openjdk-amd64/lib/server/libjvm.so
7f6a1cf49000-7f6a1d00d000 r--p 00f9d000 08:01 2761420                    /usr/lib/jvm/java-11-openjdk-amd64/lib/server/libjvm.so
7f6a1d00d000-7f6a1d045000 rw-p 01061000 08:01 2761420                    /usr/lib/jvm/java-11-openjdk-amd64/lib/server/libjvm.so
7f6a1d045000-7f6a1d08e000 rw-p 00000000 00:00 0 
7f6a1d08e000-7f6a1d0a8000 r-xp 00000000 08:01 14288317                   /lib/x86_64-linux-gnu/libpthread-2.27.so
7f6a1d0a8000-7f6a1d2a7000 ---p 0001a000 08:01 14288317                   /lib/x86_64-linux-gnu/libpthread-2.27.so
7f6a1d2a7000-7f6a1d2a8000 r--p 00019000 08:01 14288317                   /lib/x86_64-linux-gnu/libpthread-2.27.so
7f6a1d2a8000-7f6a1d2a9000 rw-p 0001a000 08:01 14288317                   /lib/x86_64-linux-gnu/libpthread-2.27.so
7f6a1d2a9000-7f6a1d2ad000 rw-p 00000000 00:00 0 
7f6a1d2ad000-7f6a1d2b0000 r-xp 00000000 08:01 14288305                   /lib/x86_64-linux-gnu/libdl-2.27.so
7f6a1d2b0000-7f6a1d4af000 ---p 00003000 08:01 14288305                   /lib/x86_64-linux-gnu/libdl-2.27.so
7f6a1d4af000-7f6a1d4b0000 r--p 00002000 08:01 14288305                   /lib/x86_64-linux-gnu/libdl-2.27.so
7f6a1d4b0000-7f6a1d4b1000 rw-p 00003000 08:01 14288305                   /lib/x86_64-linux-gnu/libdl-2.27.so
7f6a1d4b1000-7f6a1d4cd000 r-xp 00000000 08:01 14291566                   /lib/x86_64-linux-gnu/libz.so.1.2.11
7f6a1d4cd000-7f6a1d6cc000 ---p 0001c000 08:01 14291566                   /lib/x86_64-linux-gnu/libz.so.1.2.11
7f6a1d6cc000-7f6a1d6cd000 r--p 0001b000 08:01 14291566                   /lib/x86_64-linux-gnu/libz.so.1.2.11
7f6a1d6cd000-7f6a1d6ce000 rw-p 0001c000 08:01 14291566                   /lib/x86_64-linux-gnu/libz.so.1.2.11
7f6a1d6ce000-7f6a1d8b5000 r-xp 00000000 08:01 14288302                   /lib/x86_64-linux-gnu/libc-2.27.so
7f6a1d8b5000-7f6a1dab5000 ---p 001e7000 08:01 14288302                   /lib/x86_64-linux-gnu/libc-2.27.so
7f6a1dab5000-7f6a1dab9000 r--p 001e7000 08:01 14288302                   /lib/x86_64-linux-gnu/libc-2.27.so
7f6a1dab9000-7f6a1dabb000 rw-p 001eb000 08:01 14288302                   /lib/x86_64-linux-gnu/libc-2.27.so
7f6a1dabb000-7f6a1dabf000 rw-p 00000000 00:00 0 
7f6a1dabf000-7f6a1dace000 r-xp 00000000 08:01 2761337                    /usr/lib/jvm/java-11-openjdk-amd64/lib/jli/libjli.so
7f6a1dace000-7f6a1dccd000 ---p 0000f000 08:01 2761337                    /usr/lib/jvm/java-11-openjdk-amd64/lib/jli/libjli.so
7f6a1dccd000-7f6a1dcce000 r--p 0000e000 08:01 2761337                    /usr/lib/jvm/java-11-openjdk-amd64/lib/jli/libjli.so
7f6a1dcce000-7f6a1dccf000 rw-p 0000f000 08:01 2761337                    /usr/lib/jvm/java-11-openjdk-amd64/lib/jli/libjli.so
7f6a1dccf000-7f6a1dcf6000 r-xp 00000000 08:01 14288298                   /lib/x86_64-linux-gnu/ld-2.27.so
7f6a1dd1a000-7f6a1dd1e000 ---p 00000000 00:00 0 
7f6a1dd1e000-7f6a1ddd7000 rw-p 00000000 00:00 0 
7f6a1ddd7000-7f6a1dddb000 ---p 00000000 00:00 0 
7f6a1dddb000-7f6a1deda000 rw-p 00000000 00:00 0 
7f6a1dedd000-7f6a1dee3000 rw-p 00000000 00:00 0 
7f6a1dee3000-7f6a1deea000 ---p 00000000 00:00 0 
7f6a1deea000-7f6a1def2000 rw-s 00000000 08:01 8654227                    /tmp/hsperfdata_root/22031
7f6a1def2000-7f6a1def3000 ---p 00000000 00:00 0 
7f6a1def3000-7f6a1def4000 r--p 00000000 00:00 0 
7f6a1def4000-7f6a1def6000 rw-p 00000000 00:00 0 
7f6a1def6000-7f6a1def7000 r--p 00027000 08:01 14288298                   /lib/x86_64-linux-gnu/ld-2.27.so
7f6a1def7000-7f6a1def8000 rw-p 00028000 08:01 14288298                   /lib/x86_64-linux-gnu/ld-2.27.so
7f6a1def8000-7f6a1def9000 rw-p 00000000 00:00 0 
7ffea57f9000-7ffea581a000 rw-p 00000000 00:00 0                          [stack]
7ffea584e000-7ffea5851000 r--p 00000000 00:00 0                          [vvar]
7ffea5851000-7ffea5853000 r-xp 00000000 00:00 0                          [vdso]
ffffffffff600000-ffffffffff601000 r-xp 00000000 00:00 0                  [vsyscall]


VM Arguments:
jvm_args: --add-modules=ALL-SYSTEM --add-opens=java.base/java.util=ALL-UNNAMED --add-opens=java.base/java.lang=ALL-UNNAMED -Declipse.application=org.eclipse.jdt.ls.core.id1 -Dosgi.bundles.defaultStartLevel=4 -Declipse.product=org.eclipse.jdt.ls.core.product -Xverify:none -Xmx1G -XX:+UseG1GC -XX:+UseStringDeduplication 
java_command: /home/shiva/.vscode/extensions/redhat.java-0.31.0/server/plugins/org.eclipse.equinox.launcher_1.5.100.v20180827-1352.jar -configuration /home/shiva/.vscode/extensions/redhat.java-0.31.0/server/config_linux -data /home/shiva/~/.vscode-root/User/workspaceStorage/781dfa17b4fb374b1b5f4412db3e489d/redhat.java/jdt_ws
java_class_path (initial): /home/shiva/.vscode/extensions/redhat.java-0.31.0/server/plugins/org.eclipse.equinox.launcher_1.5.100.v20180827-1352.jar
Launcher Type: SUN_STANDARD

Logging:
Log output configuration:
#0: stdout all=warning uptime,level,tags
#1: stderr all=off uptime,level,tags

Environment Variables:
PATH=/usr/local/sbin:/usr/local/bin:/usr/sbin:/usr/bin:/sbin:/bin:/snap/bin
USERNAME=root
SHELL=/bin/bash
DISPLAY=:0

Signal Handlers:
SIGSEGV: [libjvm.so+0xd28ad0], sa_mask[0]=11111111011111111101111111111110, sa_flags=SA_RESTART|SA_SIGINFO
SIGBUS: [libjvm.so+0xd28ad0], sa_mask[0]=11111111011111111101111111111110, sa_flags=SA_RESTART|SA_SIGINFO
SIGFPE: [libjvm.so+0xd28ad0], sa_mask[0]=11111111011111111101111111111110, sa_flags=SA_RESTART|SA_SIGINFO
SIGPIPE: [libjvm.so+0xb2a150], sa_mask[0]=11111111011111111101111111111110, sa_flags=SA_RESTART|SA_SIGINFO
SIGXFSZ: [libjvm.so+0xb2a150], sa_mask[0]=11111111011111111101111111111110, sa_flags=SA_RESTART|SA_SIGINFO
SIGILL: [libjvm.so+0xd28ad0], sa_mask[0]=11111111011111111101111111111110, sa_flags=SA_RESTART|SA_SIGINFO
SIGUSR2: [libjvm.so+0xb29f90], sa_mask[0]=00000000000000000000000000000000, sa_flags=SA_RESTART|SA_SIGINFO
SIGHUP: [libjvm.so+0xb2a0e0], sa_mask[0]=11111111011111111101111111111110, sa_flags=SA_RESTART|SA_SIGINFO
SIGINT: [libjvm.so+0xb2a0e0], sa_mask[0]=11111111011111111101111111111110, sa_flags=SA_RESTART|SA_SIGINFO
SIGTERM: [libjvm.so+0xb2a0e0], sa_mask[0]=11111111011111111101111111111110, sa_flags=SA_RESTART|SA_SIGINFO
SIGQUIT: [libjvm.so+0xb2a0e0], sa_mask[0]=11111111011111111101111111111110, sa_flags=SA_RESTART|SA_SIGINFO


---------------  S Y S T E M  ---------------

OS:DISTRIB_ID=Ubuntu
DISTRIB_RELEASE=18.04
DISTRIB_CODENAME=bionic
DISTRIB_DESCRIPTION="Ubuntu 18.04.1 LTS"
uname:Linux 4.15.0-33-generic #36-Ubuntu SMP Wed Aug 15 16:00:05 UTC 2018 x86_64
libc:glibc 2.27 NPTL 2.27 
rlimit: STACK 8192k, CORE 0k, NPROC 23152, NOFILE 4096, AS infinity, DATA infinity, FSIZE infinity
load average:29.42 15.57 10.50

/proc/meminfo:
MemTotal:        5987524 kB
MemFree:          127136 kB
MemAvailable:      68816 kB
Buffers:            2832 kB
Cached:           282044 kB
SwapCached:         5400 kB
Active:          4263148 kB
Inactive:        1199576 kB
Active(anon):    4227852 kB
Inactive(anon):  1163848 kB
Active(file):      35296 kB
Inactive(file):    35728 kB
Unevictable:         244 kB
Mlocked:             244 kB
SwapTotal:       2097148 kB
SwapFree:             32 kB
Dirty:               296 kB
Writeback:            44 kB
AnonPages:       5172936 kB
Mapped:           165936 kB
Shmem:            213796 kB
Slab:             190536 kB
SReclaimable:      69020 kB
SUnreclaim:       121516 kB
KernelStack:       21664 kB
PageTables:        92888 kB
NFS_Unstable:          0 kB
Bounce:                0 kB
WritebackTmp:          0 kB
CommitLimit:     5090908 kB
Committed_AS:   18630212 kB
VmallocTotal:   34359738367 kB
VmallocUsed:           0 kB
VmallocChunk:          0 kB
HardwareCorrupted:     0 kB
AnonHugePages:         0 kB
ShmemHugePages:        0 kB
ShmemPmdMapped:        0 kB
CmaTotal:              0 kB
CmaFree:               0 kB
HugePages_Total:       0
HugePages_Free:        0
HugePages_Rsvd:        0
HugePages_Surp:        0
Hugepagesize:       2048 kB
DirectMap4k:      365956 kB
DirectMap2M:     5810176 kB

container (cgroup) information:
container_type: cgroupv1
cpu_cpuset_cpus: 0-3
cpu_memory_nodes: 0
active_processor_count: 4
cpu_quota: -1
cpu_period: 100000
cpu_shares: -1
memory_limit_in_bytes: -1
memory_and_swap_limit_in_bytes: -2
memory_soft_limit_in_bytes: -1
memory_usage_in_bytes: 4561674240
memory_max_usage_in_bytes: 4600827904


CPU:total 4 (initial active 4) (2 cores per cpu, 2 threads per core) family 6 model 42 stepping 7, cmov, cx8, fxsr, mmx, sse, sse2, sse3, ssse3, sse4.1, sse4.2, popcnt, avx, aes, clmul, ht, tsc, tscinvbit
CPU Model and flags from /proc/cpuinfo:
model name	: Intel(R) Core(TM) i5-2450M CPU @ 2.50GHz
flags		: fpu vme de pse tsc msr pae mce cx8 apic sep mtrr pge mca cmov pat pse36 clflush dts acpi mmx fxsr sse sse2 ss ht tm pbe syscall nx rdtscp lm constant_tsc arch_perfmon pebs bts nopl xtopology nonstop_tsc cpuid aperfmperf pni pclmulqdq dtes64 monitor ds_cpl vmx est tm2 ssse3 cx16 xtpr pdcm pcid sse4_1 sse4_2 x2apic popcnt tsc_deadline_timer aes xsave avx lahf_lm epb pti ssbd ibrs ibpb stibp tpr_shadow vnmi flexpriority ept vpid xsaveopt dtherm ida arat pln pts flush_l1d

Memory: 4k page, physical 5987524k(121300k free), swap 2097148k(60k free)

vm_info: OpenJDK 64-Bit Server VM (10.0.2+13-Ubuntu-1ubuntu0.18.04.2) for linux-amd64 JRE (10.0.2+13-Ubuntu-1ubuntu0.18.04.2), built on Aug 24 2018 17:36:24 by "buildd" with gcc 7.3.0

END.
