#
# There is insufficient memory for the Java Runtime Environment to continue.
# Native memory allocation (mmap) failed to map 265289728 bytes for committing reserved memory.
# Possible reasons:
#   The system is out of physical RAM or swap space
#   The process is running with CompressedOops enabled, and the Java Heap may be blocking the growth of the native heap
# Possible solutions:
#   Reduce memory load on the system
#   Increase physical memory or swap space
#   Check if swap backing store is full
#   Decrease Java heap size (-Xmx/-Xms)
#   Decrease number of Java threads
#   Decrease Java thread stack sizes (-Xss)
#   Set larger code cache with -XX:ReservedCodeCacheSize=
#   JVM is running with Unscaled Compressed Oops mode in which the Java heap is
#     placed in the first 4GB address space. The Java Heap base address is the
#     maximum limit for the native heap growth. Please use -XX:HeapBaseMinAddress
#     to set the Java Heap base and to place the Java Heap above 4GB virtual address.
# This output file may be truncated or incomplete.
#
#  Out of Memory Error (os_linux.cpp:2706), pid=23353, tid=23398
#
# JRE version: OpenJDK Runtime Environment (10.0.2+13) (build 10.0.2+13-Ubuntu-1ubuntu0.18.04.2)
# Java VM: OpenJDK 64-Bit Server VM (10.0.2+13-Ubuntu-1ubuntu0.18.04.2, mixed mode, tiered, compressed oops, g1 gc, linux-amd64)
# Core dump will be written. Default location: Core dumps may be processed with "/usr/share/apport/apport %p %s %c %d %P" (or dumping to /home/shiva/Documents/Code/RND/ELK/appfabs.samples.elk.logaggregation-master/spring-customer-service/core.23353)
#

---------------  S U M M A R Y ------------

Command Line: --add-modules=ALL-SYSTEM --add-opens=java.base/java.util=ALL-UNNAMED --add-opens=java.base/java.lang=ALL-UNNAMED -Declipse.application=org.eclipse.jdt.ls.core.id1 -Dosgi.bundles.defaultStartLevel=4 -Declipse.product=org.eclipse.jdt.ls.core.product -Xverify:none -Xmx1G -XX:+UseG1GC -XX:+UseStringDeduplication /home/shiva/.vscode/extensions/redhat.java-0.31.0/server/plugins/org.eclipse.equinox.launcher_1.5.100.v20180827-1352.jar -configuration /home/shiva/.vscode/extensions/redhat.java-0.31.0/server/config_linux -data /home/shiva/~/.vscode-root/User/workspaceStorage/781dfa17b4fb374b1b5f4412db3e489d/redhat.java/jdt_ws

Host: Intel(R) Core(TM) i5-2450M CPU @ 2.50GHz, 4 cores, 5G, Ubuntu 18.04.1 LTS
Time: Sat Sep 22 11:13:03 2018 CDT elapsed time: 356 seconds (0d 0h 5m 56s)

---------------  T H R E A D  ---------------

Current thread (0x00007f4e90146800):  VMThread "VM Thread" [stack: 0x00007f4e643fa000,0x00007f4e644fa000] [id=23398]

Stack: [0x00007f4e643fa000,0x00007f4e644fa000],  sp=0x00007f4e644f80a0,  free space=1016k
Native frames: (J=compiled Java code, A=aot compiled Java code, j=interpreted, Vv=VM code, C=native code)
V  [libjvm.so+0xd27e04]
V  [libjvm.so+0xd289ab]
V  [libjvm.so+0x64d415]
V  [libjvm.so+0xb2d728]
V  [libjvm.so+0xb25f7d]
V  [libjvm.so+0x7662ff]
V  [libjvm.so+0x76653e]
V  [libjvm.so+0x769500]
V  [libjvm.so+0x7efa1c]
V  [libjvm.so+0x7f06df]
V  [libjvm.so+0x7f0b59]
V  [libjvm.so+0x7162cf]
V  [libjvm.so+0x71a3ba]
V  [libjvm.so+0xd39f68]
V  [libjvm.so+0xd387d1]
V  [libjvm.so+0xd35a9b]
V  [libjvm.so+0xd370be]
V  [libjvm.so+0xd374e8]
V  [libjvm.so+0xb33ca0]

VM_Operation (0x00007f4e31ad6390): G1IncCollectionPause, mode: safepoint, requested by thread 0x00007f4dfc298000


---------------  P R O C E S S  ---------------

Threads class SMR info:
_java_thread_list=0x00007f4e10000b20, length=24, elements={
0x00007f4e90012800, 0x00007f4e90150800, 0x00007f4e90152800, 0x00007f4e90165000,
0x00007f4e90167000, 0x00007f4e90169000, 0x00007f4e9016b000, 0x00007f4e9016d000,
0x00007f4e9023b000, 0x00007f4e902a3000, 0x00007f4e90451800, 0x00007f4e904f4800,
0x00007f4e904f7800, 0x00007f4dfc0f0000, 0x00007f4df4009000, 0x00007f4df8001000,
0x00007f4dfc298000, 0x000055d65c217800, 0x00007f4e901d0000, 0x00007f4df800d800,
0x00007f4e90563800, 0x000055d65c226000, 0x00007f4e0803b000, 0x00007f4e00002000
}

Java Threads: ( => current thread )
  0x00007f4e90012800 JavaThread "main" [_thread_blocked, id=23366, stack(0x00007f4e96a63000,0x00007f4e96b64000)]
  0x00007f4e90150800 JavaThread "Reference Handler" daemon [_thread_blocked, id=23399, stack(0x00007f4e642f7000,0x00007f4e643f8000)]
  0x00007f4e90152800 JavaThread "Finalizer" daemon [_thread_blocked, id=23400, stack(0x00007f4e641f6000,0x00007f4e642f7000)]
  0x00007f4e90165000 JavaThread "Signal Dispatcher" daemon [_thread_blocked, id=23401, stack(0x00007f4e640f5000,0x00007f4e641f6000)]
  0x00007f4e90167000 JavaThread "C2 CompilerThread0" daemon [_thread_blocked, id=23402, stack(0x00007f4e33c21000,0x00007f4e33d22000)]
  0x00007f4e90169000 JavaThread "C2 CompilerThread1" daemon [_thread_blocked, id=23403, stack(0x00007f4e33b20000,0x00007f4e33c21000)]
  0x00007f4e9016b000 JavaThread "C1 CompilerThread2" daemon [_thread_blocked, id=23404, stack(0x00007f4e33a1f000,0x00007f4e33b20000)]
  0x00007f4e9016d000 JavaThread "Sweeper thread" daemon [_thread_blocked, id=23405, stack(0x00007f4e3391e000,0x00007f4e33a1f000)]
  0x00007f4e9023b000 JavaThread "Common-Cleaner" daemon [_thread_blocked, id=23425, stack(0x00007f4e3381d000,0x00007f4e3391e000)]
  0x00007f4e902a3000 JavaThread "Service Thread" daemon [_thread_blocked, id=23426, stack(0x00007f4e3371c000,0x00007f4e3381d000)]
  0x00007f4e90451800 JavaThread "Active Thread: Equinox Container: a1a5b0ae-c104-4e01-b1cb-ff7d5f1fba89" [_thread_blocked, id=23516, stack(0x00007f4e32cef000,0x00007f4e32df0000)]
  0x00007f4e904f4800 JavaThread "Framework Event Dispatcher: Equinox Container: a1a5b0ae-c104-4e01-b1cb-ff7d5f1fba89" daemon [_thread_blocked, id=23518, stack(0x00007f4e32bee000,0x00007f4e32cef000)]
  0x00007f4e904f7800 JavaThread "Start Level: Equinox Container: a1a5b0ae-c104-4e01-b1cb-ff7d5f1fba89" daemon [_thread_blocked, id=23519, stack(0x00007f4e32aed000,0x00007f4e32bee000)]
  0x00007f4dfc0f0000 JavaThread "Worker-JM" [_thread_blocked, id=23521, stack(0x00007f4e325db000,0x00007f4e326dc000)]
  0x00007f4df4009000 JavaThread "Worker-1: Java indexing... " [_thread_blocked, id=23542, stack(0x00007f4e31fd9000,0x00007f4e320da000)]
  0x00007f4df8001000 JavaThread "Worker-2" [_thread_blocked, id=23570, stack(0x00007f4e31cd8000,0x00007f4e31dd9000)]
  0x00007f4dfc298000 JavaThread "Java indexing" daemon [_thread_blocked, id=23645, stack(0x00007f4e319d7000,0x00007f4e31ad8000)]
  0x000055d65c217800 JavaThread "Worker-3: Building workspace" [_thread_blocked, id=23646, stack(0x00007f4e318d6000,0x00007f4e319d7000)]
  0x00007f4e901d0000 JavaThread "pool-2-thread-1" [_thread_blocked, id=23860, stack(0x00007f4e30ad4000,0x00007f4e30bd5000)]
  0x00007f4df800d800 JavaThread "Worker-5: Updating workspace" [_thread_blocked, id=23861, stack(0x00007f4e309d3000,0x00007f4e30ad4000)]
  0x00007f4e90563800 JavaThread "pool-1-thread-1" [_thread_in_native, id=23867, stack(0x00007f4e306d2000,0x00007f4e307d3000)]
  0x000055d65c226000 JavaThread "Bundle File Closer" daemon [_thread_blocked, id=24129, stack(0x00007f4e30124000,0x00007f4e30225000)]
  0x00007f4e0803b000 JavaThread "ForkJoinPool.commonPool-worker-1" daemon [_thread_blocked, id=24212, stack(0x00007f4e30023000,0x00007f4e30124000)]
  0x00007f4e00002000 JavaThread "process reaper" daemon [_thread_blocked, id=24382, stack(0x00007f4e969a6000,0x00007f4e969c8000)]

Other Threads:
=>0x00007f4e90146800 VMThread "VM Thread" [stack: 0x00007f4e643fa000,0x00007f4e644fa000] [id=23398]
  0x00007f4e902a5800 WatcherThread [stack: 0x00007f4e3361c000,0x00007f4e3371c000] [id=23427]
  0x00007f4e90029000 GCTaskThread "GC Thread#0" [stack: 0x00007f4e766a6000,0x00007f4e767a6000] [id=23383]
  0x00007f4e9002a800 GCTaskThread "GC Thread#1" [stack: 0x00007f4e765a4000,0x00007f4e766a4000] [id=23384]
  0x00007f4e9002c000 GCTaskThread "GC Thread#2" [stack: 0x00007f4e764a2000,0x00007f4e765a2000] [id=23385]
  0x00007f4e9002d800 GCTaskThread "GC Thread#3" [stack: 0x00007f4e763a0000,0x00007f4e764a0000] [id=23386]
  0x00007f4e90067800 ConcurrentGCThread "G1 Main Marker" [stack: 0x00007f4e7489a000,0x00007f4e7499a000] [id=23387]
  0x00007f4e90069800 ConcurrentGCThread "G1 Conc#0" [stack: 0x00007f4e74798000,0x00007f4e74898000] [id=23388]
  0x00007f4e900b4800 ConcurrentGCThread "G1 Refine#0" [stack: 0x00007f4e74292000,0x00007f4e74392000] [id=23389]
  0x00007f4e900b6000 ConcurrentGCThread "G1 Refine#1" [stack: 0x00007f4e74190000,0x00007f4e74290000] [id=23390]
  0x00007f4e900b8000 ConcurrentGCThread "G1 Refine#2" [stack: 0x00007f4e7408e000,0x00007f4e7418e000] [id=23391]
  0x00007f4e900b9800 ConcurrentGCThread "G1 Refine#3" [stack: 0x00007f4e64f00000,0x00007f4e65000000] [id=23392]
  0x00007f4e900bb800 ConcurrentGCThread "G1 Young RemSet Sampling" [stack: 0x00007f4e64dfe000,0x00007f4e64efe000] [id=23393]
  0x00007f4e900c2000 ConcurrentGCThread "G1 StrDedup" [stack: 0x00007f4e64cfc000,0x00007f4e64dfc000] [id=23394]

Threads with active compile tasks:
C1 CompilerThread25697       3       java.lang.String::contains (19 bytes)

VM state:at safepoint (normal execution)

VM Mutex/Monitor currently owned by a thread:  ([mutex/lock_event])
[0x00007f4e9000ea30] Threads_lock - owner thread: 0x00007f4e90146800
[0x00007f4e9000efd0] Heap_lock - owner thread: 0x00007f4dfc298000

Heap address: 0x00000000c0000000, size: 1024 MB, Compressed Oops mode: 32-bit
Narrow klass base: 0x0000000000000000, Narrow klass shift: 3
Compressed class space size: 1073741824 Address: 0x0000000100000000

Heap:
 garbage-first heap   total 660480K, used 191988K [0x00000000c0000000, 0x0000000100000000)
  region size 1024K, 3 young (3072K), 3 survivors (3072K)
 Metaspace       used 47881K, capacity 50037K, committed 50176K, reserved 1093632K
  class space    used 4511K, capacity 5281K, committed 5376K, reserved 1048576K
Heap Regions: E=young(eden), S=young(survivor), O=old, HS=humongous(starts), HC=humongous(continues), CS=collection set, F=free, A=archive, TS=gc time stamp, AC=allocation context, TAMS=top-at-mark-start (previous, next)
|   0|0x00000000c0000000, 0x00000000c0100000, 0x00000000c0100000|100%| O|  |TS  0|AC  0|TAMS 0x00000000c0100000, 0x00000000c0100000|
|   1|0x00000000c0100000, 0x00000000c0200000, 0x00000000c0200000|100%| O|  |TS  0|AC  0|TAMS 0x00000000c0200000, 0x00000000c0200000|
|   2|0x00000000c0200000, 0x00000000c0300000, 0x00000000c0300000|100%| O|  |TS  0|AC  0|TAMS 0x00000000c0300000, 0x00000000c0300000|
|   3|0x00000000c0300000, 0x00000000c0400000, 0x00000000c0400000|100%| O|  |TS  0|AC  0|TAMS 0x00000000c0400000, 0x00000000c0400000|
|   4|0x00000000c0400000, 0x00000000c0500000, 0x00000000c0500000|100%| O|  |TS  0|AC  0|TAMS 0x00000000c0500000, 0x00000000c0500000|
|   5|0x00000000c0500000, 0x00000000c0600000, 0x00000000c0600000|100%| O|  |TS  0|AC  0|TAMS 0x00000000c0600000, 0x00000000c0600000|
|   6|0x00000000c0600000, 0x00000000c0700000, 0x00000000c0700000|100%| O|  |TS  0|AC  0|TAMS 0x00000000c0700000, 0x00000000c0700000|
|   7|0x00000000c0700000, 0x00000000c0800000, 0x00000000c0800000|100%| O|  |TS  0|AC  0|TAMS 0x00000000c0800000, 0x00000000c0800000|
|   8|0x00000000c0800000, 0x00000000c0900000, 0x00000000c0900000|100%| O|  |TS  0|AC  0|TAMS 0x00000000c0900000, 0x00000000c0900000|
|   9|0x00000000c0900000, 0x00000000c0a00000, 0x00000000c0a00000|100%| O|  |TS  0|AC  0|TAMS 0x00000000c0a00000, 0x00000000c0a00000|
|  10|0x00000000c0a00000, 0x00000000c0b00000, 0x00000000c0b00000|100%| O|  |TS  0|AC  0|TAMS 0x00000000c0b00000, 0x00000000c0b00000|
|  11|0x00000000c0b00000, 0x00000000c0c00000, 0x00000000c0c00000|100%| O|  |TS  0|AC  0|TAMS 0x00000000c0c00000, 0x00000000c0c00000|
|  12|0x00000000c0c00000, 0x00000000c0d00000, 0x00000000c0d00000|100%| O|  |TS  0|AC  0|TAMS 0x00000000c0d00000, 0x00000000c0d00000|
|  13|0x00000000c0d00000, 0x00000000c0e00000, 0x00000000c0e00000|100%| O|  |TS  0|AC  0|TAMS 0x00000000c0e00000, 0x00000000c0e00000|
|  14|0x00000000c0e00000, 0x00000000c0f00000, 0x00000000c0f00000|100%| O|  |TS  0|AC  0|TAMS 0x00000000c0f00000, 0x00000000c0f00000|
|  15|0x00000000c0f00000, 0x00000000c1000000, 0x00000000c1000000|100%| O|  |TS  0|AC  0|TAMS 0x00000000c1000000, 0x00000000c1000000|
|  16|0x00000000c1000000, 0x00000000c1100000, 0x00000000c1100000|100%| O|  |TS  0|AC  0|TAMS 0x00000000c1100000, 0x00000000c1100000|
|  17|0x00000000c1100000, 0x00000000c1200000, 0x00000000c1200000|100%| O|  |TS  0|AC  0|TAMS 0x00000000c1200000, 0x00000000c1200000|
|  18|0x00000000c1200000, 0x00000000c1300000, 0x00000000c1300000|100%| O|  |TS  0|AC  0|TAMS 0x00000000c1300000, 0x00000000c1300000|
|  19|0x00000000c1300000, 0x00000000c1400000, 0x00000000c1400000|100%| O|  |TS  0|AC  0|TAMS 0x00000000c1400000, 0x00000000c1400000|
|  20|0x00000000c1400000, 0x00000000c1500000, 0x00000000c1500000|100%|HS|  |TS  0|AC  0|TAMS 0x00000000c1500000, 0x00000000c1500000|
|  21|0x00000000c1500000, 0x00000000c1600000, 0x00000000c1600000|100%| O|  |TS  0|AC  0|TAMS 0x00000000c1600000, 0x00000000c1600000|
|  22|0x00000000c1600000, 0x00000000c1700000, 0x00000000c1700000|100%| O|  |TS  0|AC  0|TAMS 0x00000000c1700000, 0x00000000c1700000|
|  23|0x00000000c1700000, 0x00000000c1800000, 0x00000000c1800000|100%| O|  |TS  0|AC  0|TAMS 0x00000000c1800000, 0x00000000c1800000|
|  24|0x00000000c1800000, 0x00000000c1900000, 0x00000000c1900000|100%| O|  |TS  0|AC  0|TAMS 0x00000000c1900000, 0x00000000c1900000|
|  25|0x00000000c1900000, 0x00000000c1a00000, 0x00000000c1a00000|100%| O|  |TS  0|AC  0|TAMS 0x00000000c1a00000, 0x00000000c1a00000|
|  26|0x00000000c1a00000, 0x00000000c1b00000, 0x00000000c1b00000|100%| O|  |TS  0|AC  0|TAMS 0x00000000c1b00000, 0x00000000c1b00000|
|  27|0x00000000c1b00000, 0x00000000c1c00000, 0x00000000c1c00000|100%| O|  |TS  0|AC  0|TAMS 0x00000000c1c00000, 0x00000000c1c00000|
|  28|0x00000000c1c00000, 0x00000000c1d00000, 0x00000000c1d00000|100%| O|  |TS  0|AC  0|TAMS 0x00000000c1d00000, 0x00000000c1d00000|
|  29|0x00000000c1d00000, 0x00000000c1e00000, 0x00000000c1e00000|100%| O|  |TS  0|AC  0|TAMS 0x00000000c1e00000, 0x00000000c1e00000|
|  30|0x00000000c1e00000, 0x00000000c1f00000, 0x00000000c1f00000|100%| O|  |TS  0|AC  0|TAMS 0x00000000c1f00000, 0x00000000c1f00000|
|  31|0x00000000c1f00000, 0x00000000c2000000, 0x00000000c2000000|100%| O|  |TS  0|AC  0|TAMS 0x00000000c2000000, 0x00000000c2000000|
|  32|0x00000000c2000000, 0x00000000c2100000, 0x00000000c2100000|100%| O|  |TS  0|AC  0|TAMS 0x00000000c2100000, 0x00000000c2100000|
|  33|0x00000000c2100000, 0x00000000c2200000, 0x00000000c2200000|100%| O|  |TS  0|AC  0|TAMS 0x00000000c2200000, 0x00000000c2200000|
|  34|0x00000000c2200000, 0x00000000c2300000, 0x00000000c2300000|100%| O|  |TS  0|AC  0|TAMS 0x00000000c2300000, 0x00000000c2300000|
|  35|0x00000000c2300000, 0x00000000c2400000, 0x00000000c2400000|100%| O|  |TS  0|AC  0|TAMS 0x00000000c2400000, 0x00000000c2400000|
|  36|0x00000000c2400000, 0x00000000c2500000, 0x00000000c2500000|100%| O|  |TS  0|AC  0|TAMS 0x00000000c2500000, 0x00000000c2500000|
|  37|0x00000000c2500000, 0x00000000c2600000, 0x00000000c2600000|100%| O|  |TS  0|AC  0|TAMS 0x00000000c2600000, 0x00000000c2600000|
|  38|0x00000000c2600000, 0x00000000c2700000, 0x00000000c2700000|100%| O|  |TS  0|AC  0|TAMS 0x00000000c2700000, 0x00000000c2700000|
|  39|0x00000000c2700000, 0x00000000c2800000, 0x00000000c2800000|100%| O|  |TS  0|AC  0|TAMS 0x00000000c2800000, 0x00000000c2800000|
|  40|0x00000000c2800000, 0x00000000c2900000, 0x00000000c2900000|100%| O|  |TS  0|AC  0|TAMS 0x00000000c2900000, 0x00000000c2900000|
|  41|0x00000000c2900000, 0x00000000c2a00000, 0x00000000c2a00000|100%| O|  |TS  0|AC  0|TAMS 0x00000000c2a00000, 0x00000000c2a00000|
|  42|0x00000000c2a00000, 0x00000000c2b00000, 0x00000000c2b00000|100%| O|  |TS  0|AC  0|TAMS 0x00000000c2b00000, 0x00000000c2b00000|
|  43|0x00000000c2b00000, 0x00000000c2c00000, 0x00000000c2c00000|100%| O|  |TS  0|AC  0|TAMS 0x00000000c2c00000, 0x00000000c2c00000|
|  44|0x00000000c2c00000, 0x00000000c2d00000, 0x00000000c2d00000|100%| O|  |TS  0|AC  0|TAMS 0x00000000c2d00000, 0x00000000c2d00000|
|  45|0x00000000c2d00000, 0x00000000c2e00000, 0x00000000c2e00000|100%| O|  |TS  0|AC  0|TAMS 0x00000000c2e00000, 0x00000000c2e00000|
|  46|0x00000000c2e00000, 0x00000000c2f00000, 0x00000000c2f00000|100%| O|  |TS  0|AC  0|TAMS 0x00000000c2f00000, 0x00000000c2f00000|
|  47|0x00000000c2f00000, 0x00000000c3000000, 0x00000000c3000000|100%| O|  |TS  0|AC  0|TAMS 0x00000000c3000000, 0x00000000c3000000|
|  48|0x00000000c3000000, 0x00000000c3100000, 0x00000000c3100000|100%| O|  |TS  0|AC  0|TAMS 0x00000000c3100000, 0x00000000c3100000|
|  49|0x00000000c3100000, 0x00000000c3200000, 0x00000000c3200000|100%| O|  |TS  0|AC  0|TAMS 0x00000000c3200000, 0x00000000c3200000|
|  50|0x00000000c3200000, 0x00000000c3300000, 0x00000000c3300000|100%| O|  |TS  0|AC  0|TAMS 0x00000000c3300000, 0x00000000c3300000|
|  51|0x00000000c3300000, 0x00000000c3400000, 0x00000000c3400000|100%| O|  |TS  0|AC  0|TAMS 0x00000000c3400000, 0x00000000c3400000|
|  52|0x00000000c3400000, 0x00000000c3500000, 0x00000000c3500000|100%| O|  |TS  0|AC  0|TAMS 0x00000000c3500000, 0x00000000c3500000|
|  53|0x00000000c3500000, 0x00000000c3600000, 0x00000000c3600000|100%| O|  |TS  0|AC  0|TAMS 0x00000000c3600000, 0x00000000c3600000|
|  54|0x00000000c3600000, 0x00000000c3700000, 0x00000000c3700000|100%| O|  |TS  0|AC  0|TAMS 0x00000000c3700000, 0x00000000c3700000|
|  55|0x00000000c3700000, 0x00000000c3800000, 0x00000000c3800000|100%| O|  |TS  0|AC  0|TAMS 0x00000000c3800000, 0x00000000c3800000|
|  56|0x00000000c3800000, 0x00000000c3900000, 0x00000000c3900000|100%| O|  |TS  0|AC  0|TAMS 0x00000000c3900000, 0x00000000c3900000|
|  57|0x00000000c3900000, 0x00000000c3a00000, 0x00000000c3a00000|100%| O|  |TS  0|AC  0|TAMS 0x00000000c3a00000, 0x00000000c3a00000|
|  58|0x00000000c3a00000, 0x00000000c3b00000, 0x00000000c3b00000|100%| O|  |TS  0|AC  0|TAMS 0x00000000c3b00000, 0x00000000c3b00000|
|  59|0x00000000c3b00000, 0x00000000c3c00000, 0x00000000c3c00000|100%| O|  |TS  0|AC  0|TAMS 0x00000000c3c00000, 0x00000000c3c00000|
|  60|0x00000000c3c00000, 0x00000000c3d00000, 0x00000000c3d00000|100%| O|  |TS  0|AC  0|TAMS 0x00000000c3d00000, 0x00000000c3d00000|
|  61|0x00000000c3d00000, 0x00000000c3e00000, 0x00000000c3e00000|100%| O|  |TS  0|AC  0|TAMS 0x00000000c3e00000, 0x00000000c3e00000|
|  62|0x00000000c3e00000, 0x00000000c3f00000, 0x00000000c3f00000|100%| O|  |TS  0|AC  0|TAMS 0x00000000c3f00000, 0x00000000c3f00000|
|  63|0x00000000c3f00000, 0x00000000c4000000, 0x00000000c4000000|100%| O|  |TS  0|AC  0|TAMS 0x00000000c4000000, 0x00000000c4000000|
|  64|0x00000000c4000000, 0x00000000c4100000, 0x00000000c4100000|100%| O|  |TS  0|AC  0|TAMS 0x00000000c4100000, 0x00000000c4100000|
|  65|0x00000000c4100000, 0x00000000c4200000, 0x00000000c4200000|100%| O|  |TS  0|AC  0|TAMS 0x00000000c4200000, 0x00000000c4200000|
|  66|0x00000000c4200000, 0x00000000c4300000, 0x00000000c4300000|100%| O|  |TS  0|AC  0|TAMS 0x00000000c4300000, 0x00000000c4300000|
|  67|0x00000000c4300000, 0x00000000c4400000, 0x00000000c4400000|100%|HS|  |TS  0|AC  0|TAMS 0x00000000c4400000, 0x00000000c4400000|
|  68|0x00000000c4400000, 0x00000000c4500000, 0x00000000c4500000|100%| O|  |TS  0|AC  0|TAMS 0x00000000c4500000, 0x00000000c4500000|
|  69|0x00000000c4500000, 0x00000000c4600000, 0x00000000c4600000|100%| O|  |TS  0|AC  0|TAMS 0x00000000c4600000, 0x00000000c4600000|
|  70|0x00000000c4600000, 0x00000000c4700000, 0x00000000c4700000|100%| O|  |TS  0|AC  0|TAMS 0x00000000c4700000, 0x00000000c4700000|
|  71|0x00000000c4700000, 0x00000000c4800000, 0x00000000c4800000|100%| O|  |TS  0|AC  0|TAMS 0x00000000c4800000, 0x00000000c4800000|
|  72|0x00000000c4800000, 0x00000000c4900000, 0x00000000c4900000|100%| O|  |TS  0|AC  0|TAMS 0x00000000c4900000, 0x00000000c4900000|
|  73|0x00000000c4900000, 0x00000000c4a00000, 0x00000000c4a00000|100%| O|  |TS  0|AC  0|TAMS 0x00000000c4a00000, 0x00000000c4a00000|
|  74|0x00000000c4a00000, 0x00000000c4b00000, 0x00000000c4b00000|100%| O|  |TS  0|AC  0|TAMS 0x00000000c4b00000, 0x00000000c4b00000|
|  75|0x00000000c4b00000, 0x00000000c4c00000, 0x00000000c4c00000|100%| O|  |TS  0|AC  0|TAMS 0x00000000c4c00000, 0x00000000c4c00000|
|  76|0x00000000c4c00000, 0x00000000c4d00000, 0x00000000c4d00000|100%| O|  |TS  0|AC  0|TAMS 0x00000000c4d00000, 0x00000000c4d00000|
|  77|0x00000000c4d00000, 0x00000000c4e00000, 0x00000000c4e00000|100%| O|  |TS  0|AC  0|TAMS 0x00000000c4e00000, 0x00000000c4e00000|
|  78|0x00000000c4e00000, 0x00000000c4f00000, 0x00000000c4f00000|100%| O|  |TS  0|AC  0|TAMS 0x00000000c4f00000, 0x00000000c4f00000|
|  79|0x00000000c4f00000, 0x00000000c5000000, 0x00000000c5000000|100%| O|  |TS  0|AC  0|TAMS 0x00000000c5000000, 0x00000000c5000000|
|  80|0x00000000c5000000, 0x00000000c5100000, 0x00000000c5100000|100%| O|  |TS  0|AC  0|TAMS 0x00000000c5100000, 0x00000000c5100000|
|  81|0x00000000c5100000, 0x00000000c5200000, 0x00000000c5200000|100%| O|  |TS  0|AC  0|TAMS 0x00000000c5200000, 0x00000000c5200000|
|  82|0x00000000c5200000, 0x00000000c5300000, 0x00000000c5300000|100%| O|  |TS  0|AC  0|TAMS 0x00000000c5300000, 0x00000000c5300000|
|  83|0x00000000c5300000, 0x00000000c5400000, 0x00000000c5400000|100%| O|  |TS  0|AC  0|TAMS 0x00000000c5400000, 0x00000000c5400000|
|  84|0x00000000c5400000, 0x00000000c5500000, 0x00000000c5500000|100%| O|  |TS  0|AC  0|TAMS 0x00000000c5500000, 0x00000000c5500000|
|  85|0x00000000c5500000, 0x00000000c5600000, 0x00000000c5600000|100%| O|  |TS  0|AC  0|TAMS 0x00000000c5600000, 0x00000000c5600000|
|  86|0x00000000c5600000, 0x00000000c5700000, 0x00000000c5700000|100%| O|  |TS  0|AC  0|TAMS 0x00000000c5700000, 0x00000000c5700000|
|  87|0x00000000c5700000, 0x00000000c5800000, 0x00000000c5800000|100%| O|  |TS  0|AC  0|TAMS 0x00000000c5800000, 0x00000000c5800000|
|  88|0x00000000c5800000, 0x00000000c5900000, 0x00000000c5900000|100%| O|  |TS  0|AC  0|TAMS 0x00000000c5900000, 0x00000000c5900000|
|  89|0x00000000c5900000, 0x00000000c5a00000, 0x00000000c5a00000|100%| O|  |TS  0|AC  0|TAMS 0x00000000c5a00000, 0x00000000c5a00000|
|  90|0x00000000c5a00000, 0x00000000c5b00000, 0x00000000c5b00000|100%| O|  |TS  0|AC  0|TAMS 0x00000000c5b00000, 0x00000000c5b00000|
|  91|0x00000000c5b00000, 0x00000000c5c00000, 0x00000000c5c00000|100%| O|  |TS  0|AC  0|TAMS 0x00000000c5c00000, 0x00000000c5c00000|
|  92|0x00000000c5c00000, 0x00000000c5d00000, 0x00000000c5d00000|100%| O|  |TS  0|AC  0|TAMS 0x00000000c5d00000, 0x00000000c5d00000|
|  93|0x00000000c5d00000, 0x00000000c5e00000, 0x00000000c5e00000|100%| O|  |TS  0|AC  0|TAMS 0x00000000c5e00000, 0x00000000c5e00000|
|  94|0x00000000c5e00000, 0x00000000c5f00000, 0x00000000c5f00000|100%| O|  |TS  0|AC  0|TAMS 0x00000000c5f00000, 0x00000000c5f00000|
|  95|0x00000000c5f00000, 0x00000000c6000000, 0x00000000c6000000|100%| O|  |TS  0|AC  0|TAMS 0x00000000c6000000, 0x00000000c6000000|
|  96|0x00000000c6000000, 0x00000000c6100000, 0x00000000c6100000|100%|HS|  |TS  0|AC  0|TAMS 0x00000000c6100000, 0x00000000c6100000|
|  97|0x00000000c6100000, 0x00000000c6200000, 0x00000000c6200000|100%|HC|  |TS  0|AC  0|TAMS 0x00000000c6200000, 0x00000000c6200000|
|  98|0x00000000c6200000, 0x00000000c6300000, 0x00000000c6300000|100%|HC|  |TS  0|AC  0|TAMS 0x00000000c6300000, 0x00000000c6300000|
|  99|0x00000000c6300000, 0x00000000c6400000, 0x00000000c6400000|100%|HC|  |TS  0|AC  0|TAMS 0x00000000c6400000, 0x00000000c6400000|
| 100|0x00000000c6400000, 0x00000000c6500000, 0x00000000c6500000|100%| O|  |TS  0|AC  0|TAMS 0x00000000c6500000, 0x00000000c6500000|
| 101|0x00000000c6500000, 0x00000000c6600000, 0x00000000c6600000|100%| O|  |TS  0|AC  0|TAMS 0x00000000c6600000, 0x00000000c6600000|
| 102|0x00000000c6600000, 0x00000000c6700000, 0x00000000c6700000|100%| O|  |TS  0|AC  0|TAMS 0x00000000c6700000, 0x00000000c6700000|
| 103|0x00000000c6700000, 0x00000000c6800000, 0x00000000c6800000|100%| O|  |TS  0|AC  0|TAMS 0x00000000c6800000, 0x00000000c6800000|
| 104|0x00000000c6800000, 0x00000000c6900000, 0x00000000c6900000|100%| O|  |TS  0|AC  0|TAMS 0x00000000c6900000, 0x00000000c6900000|
| 105|0x00000000c6900000, 0x00000000c6a00000, 0x00000000c6a00000|100%| O|  |TS  0|AC  0|TAMS 0x00000000c6a00000, 0x00000000c6a00000|
| 106|0x00000000c6a00000, 0x00000000c6b00000, 0x00000000c6b00000|100%| O|  |TS  0|AC  0|TAMS 0x00000000c6b00000, 0x00000000c6b00000|
| 107|0x00000000c6b00000, 0x00000000c6c00000, 0x00000000c6c00000|100%| O|  |TS  0|AC  0|TAMS 0x00000000c6c00000, 0x00000000c6c00000|
| 108|0x00000000c6c00000, 0x00000000c6d00000, 0x00000000c6d00000|100%| O|  |TS  0|AC  0|TAMS 0x00000000c6d00000, 0x00000000c6d00000|
| 109|0x00000000c6d00000, 0x00000000c6e00000, 0x00000000c6e00000|100%| O|  |TS  0|AC  0|TAMS 0x00000000c6e00000, 0x00000000c6e00000|
| 110|0x00000000c6e00000, 0x00000000c6f00000, 0x00000000c6f00000|100%| O|  |TS  0|AC  0|TAMS 0x00000000c6f00000, 0x00000000c6f00000|
| 111|0x00000000c6f00000, 0x00000000c7000000, 0x00000000c7000000|100%| O|  |TS  0|AC  0|TAMS 0x00000000c7000000, 0x00000000c7000000|
| 112|0x00000000c7000000, 0x00000000c7100000, 0x00000000c7100000|100%| O|  |TS  0|AC  0|TAMS 0x00000000c7100000, 0x00000000c7100000|
| 113|0x00000000c7100000, 0x00000000c7200000, 0x00000000c7200000|100%| O|  |TS  0|AC  0|TAMS 0x00000000c7200000, 0x00000000c7200000|
| 114|0x00000000c7200000, 0x00000000c7300000, 0x00000000c7300000|100%| O|  |TS  0|AC  0|TAMS 0x00000000c7300000, 0x00000000c7300000|
| 115|0x00000000c7300000, 0x00000000c7400000, 0x00000000c7400000|100%| O|  |TS  0|AC  0|TAMS 0x00000000c7400000, 0x00000000c7400000|
| 116|0x00000000c7400000, 0x00000000c7500000, 0x00000000c7500000|100%| O|  |TS  0|AC  0|TAMS 0x00000000c7500000, 0x00000000c7500000|
| 117|0x00000000c7500000, 0x00000000c7600000, 0x00000000c7600000|100%| O|  |TS  0|AC  0|TAMS 0x00000000c7600000, 0x00000000c7600000|
| 118|0x00000000c7600000, 0x00000000c7700000, 0x00000000c7700000|100%| O|  |TS  0|AC  0|TAMS 0x00000000c7700000, 0x00000000c7700000|
| 119|0x00000000c7700000, 0x00000000c7800000, 0x00000000c7800000|100%| O|  |TS  0|AC  0|TAMS 0x00000000c7800000, 0x00000000c7800000|
| 120|0x00000000c7800000, 0x00000000c7900000, 0x00000000c7900000|100%| O|  |TS  0|AC  0|TAMS 0x00000000c7900000, 0x00000000c7900000|
| 121|0x00000000c7900000, 0x00000000c7a00000, 0x00000000c7a00000|100%| O|  |TS  0|AC  0|TAMS 0x00000000c7a00000, 0x00000000c7a00000|
| 122|0x00000000c7a00000, 0x00000000c7b00000, 0x00000000c7b00000|100%| O|  |TS  0|AC  0|TAMS 0x00000000c7b00000, 0x00000000c7b00000|
| 123|0x00000000c7b00000, 0x00000000c7c00000, 0x00000000c7c00000|100%| O|  |TS  0|AC  0|TAMS 0x00000000c7c00000, 0x00000000c7c00000|
| 124|0x00000000c7c00000, 0x00000000c7d00000, 0x00000000c7d00000|100%| O|  |TS  0|AC  0|TAMS 0x00000000c7d00000, 0x00000000c7d00000|
| 125|0x00000000c7d00000, 0x00000000c7e00000, 0x00000000c7e00000|100%| O|  |TS  0|AC  0|TAMS 0x00000000c7e00000, 0x00000000c7e00000|
| 126|0x00000000c7e00000, 0x00000000c7f00000, 0x00000000c7f00000|100%| O|  |TS  0|AC  0|TAMS 0x00000000c7f00000, 0x00000000c7f00000|
| 127|0x00000000c7f00000, 0x00000000c8000000, 0x00000000c8000000|100%| O|  |TS  0|AC  0|TAMS 0x00000000c8000000, 0x00000000c8000000|
| 128|0x00000000c8000000, 0x00000000c8100000, 0x00000000c8100000|100%| O|  |TS  0|AC  0|TAMS 0x00000000c8100000, 0x00000000c8100000|
| 129|0x00000000c8100000, 0x00000000c8200000, 0x00000000c8200000|100%| O|  |TS  0|AC  0|TAMS 0x00000000c8200000, 0x00000000c8200000|
| 130|0x00000000c8200000, 0x00000000c8300000, 0x00000000c8300000|100%| O|  |TS  0|AC  0|TAMS 0x00000000c8300000, 0x00000000c8300000|
| 131|0x00000000c8300000, 0x00000000c8400000, 0x00000000c8400000|100%| O|  |TS  0|AC  0|TAMS 0x00000000c8400000, 0x00000000c8400000|
| 132|0x00000000c8400000, 0x00000000c8500000, 0x00000000c8500000|100%| O|  |TS  0|AC  0|TAMS 0x00000000c8500000, 0x00000000c8500000|
| 133|0x00000000c8500000, 0x00000000c8600000, 0x00000000c8600000|100%| O|  |TS  0|AC  0|TAMS 0x00000000c8600000, 0x00000000c8600000|
| 134|0x00000000c8600000, 0x00000000c8700000, 0x00000000c8700000|100%| O|  |TS  0|AC  0|TAMS 0x00000000c8700000, 0x00000000c8700000|
| 135|0x00000000c8700000, 0x00000000c8800000, 0x00000000c8800000|100%| O|  |TS  0|AC  0|TAMS 0x00000000c8800000, 0x00000000c8800000|
| 136|0x00000000c8800000, 0x00000000c8900000, 0x00000000c8900000|100%| O|  |TS  0|AC  0|TAMS 0x00000000c8900000, 0x00000000c8900000|
| 137|0x00000000c8900000, 0x00000000c8a00000, 0x00000000c8a00000|100%| O|  |TS  0|AC  0|TAMS 0x00000000c8a00000, 0x00000000c8a00000|
| 138|0x00000000c8a00000, 0x00000000c8b00000, 0x00000000c8b00000|100%| O|  |TS  0|AC  0|TAMS 0x00000000c8b00000, 0x00000000c8b00000|
| 139|0x00000000c8b00000, 0x00000000c8c00000, 0x00000000c8c00000|100%| O|  |TS  0|AC  0|TAMS 0x00000000c8c00000, 0x00000000c8c00000|
| 140|0x00000000c8c00000, 0x00000000c8d00000, 0x00000000c8d00000|100%| O|  |TS  0|AC  0|TAMS 0x00000000c8d00000, 0x00000000c8d00000|
| 141|0x00000000c8d00000, 0x00000000c8e00000, 0x00000000c8e00000|100%| O|  |TS  0|AC  0|TAMS 0x00000000c8e00000, 0x00000000c8e00000|
| 142|0x00000000c8e00000, 0x00000000c8f00000, 0x00000000c8f00000|100%| O|  |TS  0|AC  0|TAMS 0x00000000c8f00000, 0x00000000c8f00000|
| 143|0x00000000c8f00000, 0x00000000c9000000, 0x00000000c9000000|100%| O|  |TS  0|AC  0|TAMS 0x00000000c9000000, 0x00000000c9000000|
| 144|0x00000000c9000000, 0x00000000c9100000, 0x00000000c9100000|100%| O|  |TS  0|AC  0|TAMS 0x00000000c9100000, 0x00000000c9100000|
| 145|0x00000000c9100000, 0x00000000c9200000, 0x00000000c9200000|100%| O|  |TS  0|AC  0|TAMS 0x00000000c9200000, 0x00000000c9200000|
| 146|0x00000000c9200000, 0x00000000c9300000, 0x00000000c9300000|100%| O|  |TS  0|AC  0|TAMS 0x00000000c9300000, 0x00000000c9300000|
| 147|0x00000000c9300000, 0x00000000c9400000, 0x00000000c9400000|100%| O|  |TS  0|AC  0|TAMS 0x00000000c9400000, 0x00000000c9400000|
| 148|0x00000000c9400000, 0x00000000c9500000, 0x00000000c9500000|100%| O|  |TS  0|AC  0|TAMS 0x00000000c9500000, 0x00000000c9500000|
| 149|0x00000000c9500000, 0x00000000c9600000, 0x00000000c9600000|100%| O|  |TS  0|AC  0|TAMS 0x00000000c9600000, 0x00000000c9600000|
| 150|0x00000000c9600000, 0x00000000c9700000, 0x00000000c9700000|100%| O|  |TS  0|AC  0|TAMS 0x00000000c9700000, 0x00000000c9700000|
| 151|0x00000000c9700000, 0x00000000c9800000, 0x00000000c9800000|100%| O|  |TS  0|AC  0|TAMS 0x00000000c9800000, 0x00000000c9800000|
| 152|0x00000000c9800000, 0x00000000c9900000, 0x00000000c9900000|100%| O|  |TS  0|AC  0|TAMS 0x00000000c9900000, 0x00000000c9900000|
| 153|0x00000000c9900000, 0x00000000c9a00000, 0x00000000c9a00000|100%| O|  |TS  0|AC  0|TAMS 0x00000000c9a00000, 0x00000000c9a00000|
| 154|0x00000000c9a00000, 0x00000000c9b00000, 0x00000000c9b00000|100%| O|  |TS  0|AC  0|TAMS 0x00000000c9b00000, 0x00000000c9b00000|
| 155|0x00000000c9b00000, 0x00000000c9c00000, 0x00000000c9c00000|100%| O|  |TS  0|AC  0|TAMS 0x00000000c9c00000, 0x00000000c9c00000|
| 156|0x00000000c9c00000, 0x00000000c9d00000, 0x00000000c9d00000|100%| O|  |TS  0|AC  0|TAMS 0x00000000c9d00000, 0x00000000c9d00000|
| 157|0x00000000c9d00000, 0x00000000c9e00000, 0x00000000c9e00000|100%| O|  |TS  0|AC  0|TAMS 0x00000000c9e00000, 0x00000000c9e00000|
| 158|0x00000000c9e00000, 0x00000000c9f00000, 0x00000000c9f00000|100%| O|  |TS  0|AC  0|TAMS 0x00000000c9f00000, 0x00000000c9f00000|
| 159|0x00000000c9f00000, 0x00000000ca000000, 0x00000000ca000000|100%| O|  |TS  0|AC  0|TAMS 0x00000000ca000000, 0x00000000ca000000|
| 160|0x00000000ca000000, 0x00000000ca100000, 0x00000000ca100000|100%| O|  |TS  0|AC  0|TAMS 0x00000000ca100000, 0x00000000ca100000|
| 161|0x00000000ca100000, 0x00000000ca200000, 0x00000000ca200000|100%| O|  |TS  0|AC  0|TAMS 0x00000000ca200000, 0x00000000ca200000|
| 162|0x00000000ca200000, 0x00000000ca300000, 0x00000000ca300000|100%| O|  |TS  0|AC  0|TAMS 0x00000000ca300000, 0x00000000ca300000|
| 163|0x00000000ca300000, 0x00000000ca400000, 0x00000000ca400000|100%| O|  |TS  0|AC  0|TAMS 0x00000000ca400000, 0x00000000ca400000|
| 164|0x00000000ca400000, 0x00000000ca500000, 0x00000000ca500000|100%| O|  |TS  0|AC  0|TAMS 0x00000000ca500000, 0x00000000ca500000|
| 165|0x00000000ca500000, 0x00000000ca600000, 0x00000000ca600000|100%| O|  |TS  0|AC  0|TAMS 0x00000000ca600000, 0x00000000ca600000|
| 166|0x00000000ca600000, 0x00000000ca700000, 0x00000000ca700000|100%| O|  |TS  0|AC  0|TAMS 0x00000000ca700000, 0x00000000ca700000|
| 167|0x00000000ca700000, 0x00000000ca800000, 0x00000000ca800000|100%| O|  |TS  0|AC  0|TAMS 0x00000000ca800000, 0x00000000ca800000|
| 168|0x00000000ca800000, 0x00000000ca900000, 0x00000000ca900000|100%| O|  |TS  0|AC  0|TAMS 0x00000000ca900000, 0x00000000ca900000|
| 169|0x00000000ca900000, 0x00000000caa00000, 0x00000000caa00000|100%| O|  |TS  0|AC  0|TAMS 0x00000000caa00000, 0x00000000caa00000|
| 170|0x00000000caa00000, 0x00000000cab00000, 0x00000000cab00000|100%| O|  |TS  0|AC  0|TAMS 0x00000000cab00000, 0x00000000cab00000|
| 171|0x00000000cab00000, 0x00000000cac00000, 0x00000000cac00000|100%| O|  |TS  0|AC  0|TAMS 0x00000000cac00000, 0x00000000cac00000|
| 172|0x00000000cac00000, 0x00000000cad00000, 0x00000000cad00000|100%| O|  |TS  0|AC  0|TAMS 0x00000000cad00000, 0x00000000cad00000|
| 173|0x00000000cad00000, 0x00000000cae00000, 0x00000000cae00000|100%| O|  |TS  0|AC  0|TAMS 0x00000000cae00000, 0x00000000cae00000|
| 174|0x00000000cae00000, 0x00000000caf00000, 0x00000000caf00000|100%| O|  |TS  0|AC  0|TAMS 0x00000000caf00000, 0x00000000caf00000|
| 175|0x00000000caf00000, 0x00000000cb000000, 0x00000000cb000000|100%| O|  |TS  0|AC  0|TAMS 0x00000000cb000000, 0x00000000cb000000|
| 176|0x00000000cb000000, 0x00000000cb100000, 0x00000000cb100000|100%| O|  |TS  0|AC  0|TAMS 0x00000000cb100000, 0x00000000cb100000|
| 177|0x00000000cb100000, 0x00000000cb200000, 0x00000000cb200000|100%| O|  |TS  0|AC  0|TAMS 0x00000000cb200000, 0x00000000cb200000|
| 178|0x00000000cb200000, 0x00000000cb300000, 0x00000000cb300000|100%| O|  |TS  0|AC  0|TAMS 0x00000000cb300000, 0x00000000cb300000|
| 179|0x00000000cb300000, 0x00000000cb400000, 0x00000000cb400000|100%| O|  |TS  0|AC  0|TAMS 0x00000000cb400000, 0x00000000cb400000|
| 180|0x00000000cb400000, 0x00000000cb500000, 0x00000000cb500000|100%| O|  |TS  0|AC  0|TAMS 0x00000000cb500000, 0x00000000cb500000|
| 181|0x00000000cb500000, 0x00000000cb600000, 0x00000000cb600000|100%| O|  |TS  0|AC  0|TAMS 0x00000000cb600000, 0x00000000cb600000|
| 182|0x00000000cb600000, 0x00000000cb700000, 0x00000000cb700000|100%| O|  |TS  0|AC  0|TAMS 0x00000000cb700000, 0x00000000cb700000|
| 183|0x00000000cb700000, 0x00000000cb800000, 0x00000000cb800000|100%| O|  |TS  0|AC  0|TAMS 0x00000000cb800000, 0x00000000cb800000|
| 184|0x00000000cb800000, 0x00000000cb900000, 0x00000000cb900000|100%| O|  |TS  0|AC  0|TAMS 0x00000000cb900000, 0x00000000cb900000|
| 185|0x00000000cb900000, 0x00000000cb96be00, 0x00000000cba00000| 42%| O|  |TS  2|AC  0|TAMS 0x00000000cb96be00, 0x00000000cb96be00|
| 186|0x00000000cba00000, 0x00000000cba00000, 0x00000000cbb00000|  0%| F|  |TS  0|AC  0|TAMS 0x00000000cba00000, 0x00000000cba00000|
| 187|0x00000000cbb00000, 0x00000000cbb00000, 0x00000000cbc00000|  0%| F|  |TS  0|AC  0|TAMS 0x00000000cbb00000, 0x00000000cbb00000|
| 188|0x00000000cbc00000, 0x00000000cbc00000, 0x00000000cbd00000|  0%| F|  |TS  0|AC  0|TAMS 0x00000000cbc00000, 0x00000000cbc00000|
| 189|0x00000000cbd00000, 0x00000000cbd00000, 0x00000000cbe00000|  0%| F|  |TS  0|AC  0|TAMS 0x00000000cbd00000, 0x00000000cbd00000|
| 190|0x00000000cbe00000, 0x00000000cbe00000, 0x00000000cbf00000|  0%| F|  |TS  0|AC  0|TAMS 0x00000000cbe00000, 0x00000000cbe00000|
| 191|0x00000000cbf00000, 0x00000000cbf00000, 0x00000000cc000000|  0%| F|  |TS  0|AC  0|TAMS 0x00000000cbf00000, 0x00000000cbf00000|
| 192|0x00000000cc000000, 0x00000000cc000000, 0x00000000cc100000|  0%| F|  |TS  0|AC  0|TAMS 0x00000000cc000000, 0x00000000cc000000|
| 193|0x00000000cc100000, 0x00000000cc100000, 0x00000000cc200000|  0%| F|  |TS  0|AC  0|TAMS 0x00000000cc100000, 0x00000000cc100000|
| 194|0x00000000cc200000, 0x00000000cc200000, 0x00000000cc300000|  0%| F|  |TS  0|AC  0|TAMS 0x00000000cc200000, 0x00000000cc200000|
| 195|0x00000000cc300000, 0x00000000cc300000, 0x00000000cc400000|  0%| F|  |TS  0|AC  0|TAMS 0x00000000cc300000, 0x00000000cc300000|
| 196|0x00000000cc400000, 0x00000000cc400000, 0x00000000cc500000|  0%| F|  |TS  0|AC  0|TAMS 0x00000000cc400000, 0x00000000cc400000|
| 197|0x00000000cc500000, 0x00000000cc500000, 0x00000000cc600000|  0%| F|  |TS  0|AC  0|TAMS 0x00000000cc500000, 0x00000000cc500000|
| 198|0x00000000cc600000, 0x00000000cc600000, 0x00000000cc700000|  0%| F|  |TS  0|AC  0|TAMS 0x00000000cc600000, 0x00000000cc600000|
| 199|0x00000000cc700000, 0x00000000cc700000, 0x00000000cc800000|  0%| F|  |TS  0|AC  0|TAMS 0x00000000cc700000, 0x00000000cc700000|
| 200|0x00000000cc800000, 0x00000000cc800000, 0x00000000cc900000|  0%| F|  |TS  0|AC  0|TAMS 0x00000000cc800000, 0x00000000cc800000|
| 201|0x00000000cc900000, 0x00000000cc900000, 0x00000000cca00000|  0%| F|  |TS  0|AC  0|TAMS 0x00000000cc900000, 0x00000000cc900000|
| 202|0x00000000cca00000, 0x00000000cca00000, 0x00000000ccb00000|  0%| F|  |TS  0|AC  0|TAMS 0x00000000cca00000, 0x00000000cca00000|
| 203|0x00000000ccb00000, 0x00000000ccb00000, 0x00000000ccc00000|  0%| F|  |TS  0|AC  0|TAMS 0x00000000ccb00000, 0x00000000ccb00000|
| 204|0x00000000ccc00000, 0x00000000ccc00000, 0x00000000ccd00000|  0%| F|  |TS  0|AC  0|TAMS 0x00000000ccc00000, 0x00000000ccc00000|
| 205|0x00000000ccd00000, 0x00000000ccd00000, 0x00000000cce00000|  0%| F|  |TS  0|AC  0|TAMS 0x00000000ccd00000, 0x00000000ccd00000|
| 206|0x00000000cce00000, 0x00000000cce00000, 0x00000000ccf00000|  0%| F|  |TS  0|AC  0|TAMS 0x00000000cce00000, 0x00000000cce00000|
| 207|0x00000000ccf00000, 0x00000000ccf00000, 0x00000000cd000000|  0%| F|  |TS  0|AC  0|TAMS 0x00000000ccf00000, 0x00000000ccf00000|
| 208|0x00000000cd000000, 0x00000000cd000000, 0x00000000cd100000|  0%| F|  |TS  0|AC  0|TAMS 0x00000000cd000000, 0x00000000cd000000|
| 209|0x00000000cd100000, 0x00000000cd100000, 0x00000000cd200000|  0%| F|  |TS  0|AC  0|TAMS 0x00000000cd100000, 0x00000000cd100000|
| 210|0x00000000cd200000, 0x00000000cd200000, 0x00000000cd300000|  0%| F|  |TS  0|AC  0|TAMS 0x00000000cd200000, 0x00000000cd200000|
| 211|0x00000000cd300000, 0x00000000cd300000, 0x00000000cd400000|  0%| F|  |TS  0|AC  0|TAMS 0x00000000cd300000, 0x00000000cd300000|
| 212|0x00000000cd400000, 0x00000000cd400000, 0x00000000cd500000|  0%| F|  |TS  0|AC  0|TAMS 0x00000000cd400000, 0x00000000cd400000|
| 213|0x00000000cd500000, 0x00000000cd500000, 0x00000000cd600000|  0%| F|  |TS  0|AC  0|TAMS 0x00000000cd500000, 0x00000000cd500000|
| 214|0x00000000cd600000, 0x00000000cd600000, 0x00000000cd700000|  0%| F|  |TS  0|AC  0|TAMS 0x00000000cd600000, 0x00000000cd600000|
| 215|0x00000000cd700000, 0x00000000cd700000, 0x00000000cd800000|  0%| F|  |TS  0|AC  0|TAMS 0x00000000cd700000, 0x00000000cd700000|
| 216|0x00000000cd800000, 0x00000000cd800000, 0x00000000cd900000|  0%| F|  |TS  0|AC  0|TAMS 0x00000000cd800000, 0x00000000cd800000|
| 217|0x00000000cd900000, 0x00000000cd900000, 0x00000000cda00000|  0%| F|  |TS  0|AC  0|TAMS 0x00000000cd900000, 0x00000000cd900000|
| 218|0x00000000cda00000, 0x00000000cda00000, 0x00000000cdb00000|  0%| F|  |TS  0|AC  0|TAMS 0x00000000cda00000, 0x00000000cda00000|
| 219|0x00000000cdb00000, 0x00000000cdb00000, 0x00000000cdc00000|  0%| F|  |TS  0|AC  0|TAMS 0x00000000cdb00000, 0x00000000cdb00000|
| 220|0x00000000cdc00000, 0x00000000cdc00000, 0x00000000cdd00000|  0%| F|  |TS  0|AC  0|TAMS 0x00000000cdc00000, 0x00000000cdc00000|
| 221|0x00000000cdd00000, 0x00000000cdd00000, 0x00000000cde00000|  0%| F|  |TS  0|AC  0|TAMS 0x00000000cdd00000, 0x00000000cdd00000|
| 222|0x00000000cde00000, 0x00000000cde00000, 0x00000000cdf00000|  0%| F|  |TS  0|AC  0|TAMS 0x00000000cde00000, 0x00000000cde00000|
| 223|0x00000000cdf00000, 0x00000000cdf00000, 0x00000000ce000000|  0%| F|  |TS  0|AC  0|TAMS 0x00000000cdf00000, 0x00000000cdf00000|
| 224|0x00000000ce000000, 0x00000000ce000000, 0x00000000ce100000|  0%| F|  |TS  0|AC  0|TAMS 0x00000000ce000000, 0x00000000ce000000|
| 225|0x00000000ce100000, 0x00000000ce100000, 0x00000000ce200000|  0%| F|  |TS  0|AC  0|TAMS 0x00000000ce100000, 0x00000000ce100000|
| 226|0x00000000ce200000, 0x00000000ce200000, 0x00000000ce300000|  0%| F|  |TS  0|AC  0|TAMS 0x00000000ce200000, 0x00000000ce200000|
| 227|0x00000000ce300000, 0x00000000ce300000, 0x00000000ce400000|  0%| F|  |TS  0|AC  0|TAMS 0x00000000ce300000, 0x00000000ce300000|
| 228|0x00000000ce400000, 0x00000000ce400000, 0x00000000ce500000|  0%| F|  |TS  0|AC  0|TAMS 0x00000000ce400000, 0x00000000ce400000|
| 229|0x00000000ce500000, 0x00000000ce500000, 0x00000000ce600000|  0%| F|  |TS  0|AC  0|TAMS 0x00000000ce500000, 0x00000000ce500000|
| 230|0x00000000ce600000, 0x00000000ce600000, 0x00000000ce700000|  0%| F|  |TS  0|AC  0|TAMS 0x00000000ce600000, 0x00000000ce600000|
| 231|0x00000000ce700000, 0x00000000ce700000, 0x00000000ce800000|  0%| F|  |TS  0|AC  0|TAMS 0x00000000ce700000, 0x00000000ce700000|
| 232|0x00000000ce800000, 0x00000000ce800000, 0x00000000ce900000|  0%| F|  |TS  0|AC  0|TAMS 0x00000000ce800000, 0x00000000ce800000|
| 233|0x00000000ce900000, 0x00000000ce900000, 0x00000000cea00000|  0%| F|  |TS  0|AC  0|TAMS 0x00000000ce900000, 0x00000000ce900000|
| 234|0x00000000cea00000, 0x00000000cea00000, 0x00000000ceb00000|  0%| F|  |TS  0|AC  0|TAMS 0x00000000cea00000, 0x00000000cea00000|
| 235|0x00000000ceb00000, 0x00000000ceb00000, 0x00000000cec00000|  0%| F|  |TS  0|AC  0|TAMS 0x00000000ceb00000, 0x00000000ceb00000|
| 236|0x00000000cec00000, 0x00000000cec00000, 0x00000000ced00000|  0%| F|  |TS  0|AC  0|TAMS 0x00000000cec00000, 0x00000000cec00000|
| 237|0x00000000ced00000, 0x00000000ced00000, 0x00000000cee00000|  0%| F|  |TS  0|AC  0|TAMS 0x00000000ced00000, 0x00000000ced00000|
| 238|0x00000000cee00000, 0x00000000cee00000, 0x00000000cef00000|  0%| F|  |TS  0|AC  0|TAMS 0x00000000cee00000, 0x00000000cee00000|
| 239|0x00000000cef00000, 0x00000000cef00000, 0x00000000cf000000|  0%| F|  |TS  0|AC  0|TAMS 0x00000000cef00000, 0x00000000cef00000|
| 240|0x00000000cf000000, 0x00000000cf000000, 0x00000000cf100000|  0%| F|  |TS  0|AC  0|TAMS 0x00000000cf000000, 0x00000000cf000000|
| 241|0x00000000cf100000, 0x00000000cf100000, 0x00000000cf200000|  0%| F|  |TS  0|AC  0|TAMS 0x00000000cf100000, 0x00000000cf100000|
| 242|0x00000000cf200000, 0x00000000cf200000, 0x00000000cf300000|  0%| F|  |TS  0|AC  0|TAMS 0x00000000cf200000, 0x00000000cf200000|
| 243|0x00000000cf300000, 0x00000000cf300000, 0x00000000cf400000|  0%| F|  |TS  0|AC  0|TAMS 0x00000000cf300000, 0x00000000cf300000|
| 244|0x00000000cf400000, 0x00000000cf400000, 0x00000000cf500000|  0%| F|  |TS  0|AC  0|TAMS 0x00000000cf400000, 0x00000000cf400000|
| 245|0x00000000cf500000, 0x00000000cf500000, 0x00000000cf600000|  0%| F|  |TS  0|AC  0|TAMS 0x00000000cf500000, 0x00000000cf500000|
| 246|0x00000000cf600000, 0x00000000cf600000, 0x00000000cf700000|  0%| F|  |TS  0|AC  0|TAMS 0x00000000cf600000, 0x00000000cf600000|
| 247|0x00000000cf700000, 0x00000000cf700000, 0x00000000cf800000|  0%| F|  |TS  0|AC  0|TAMS 0x00000000cf700000, 0x00000000cf700000|
| 248|0x00000000cf800000, 0x00000000cf800000, 0x00000000cf900000|  0%| F|  |TS  0|AC  0|TAMS 0x00000000cf800000, 0x00000000cf800000|
| 249|0x00000000cf900000, 0x00000000cf900000, 0x00000000cfa00000|  0%| F|  |TS  0|AC  0|TAMS 0x00000000cf900000, 0x00000000cf900000|
| 250|0x00000000cfa00000, 0x00000000cfa00000, 0x00000000cfb00000|  0%| F|  |TS  0|AC  0|TAMS 0x00000000cfa00000, 0x00000000cfa00000|
| 251|0x00000000cfb00000, 0x00000000cfb00000, 0x00000000cfc00000|  0%| F|  |TS  0|AC  0|TAMS 0x00000000cfb00000, 0x00000000cfb00000|
| 252|0x00000000cfc00000, 0x00000000cfc00000, 0x00000000cfd00000|  0%| F|  |TS  0|AC  0|TAMS 0x00000000cfc00000, 0x00000000cfc00000|
| 253|0x00000000cfd00000, 0x00000000cfd00000, 0x00000000cfe00000|  0%| F|  |TS  0|AC  0|TAMS 0x00000000cfd00000, 0x00000000cfd00000|
| 254|0x00000000cfe00000, 0x00000000cfe00000, 0x00000000cff00000|  0%| F|  |TS  0|AC  0|TAMS 0x00000000cfe00000, 0x00000000cfe00000|
| 255|0x00000000cff00000, 0x00000000cff00000, 0x00000000d0000000|  0%| F|  |TS  0|AC  0|TAMS 0x00000000cff00000, 0x00000000cff00000|
| 256|0x00000000d0000000, 0x00000000d0000000, 0x00000000d0100000|  0%| F|  |TS  0|AC  0|TAMS 0x00000000d0000000, 0x00000000d0000000|
| 257|0x00000000d0100000, 0x00000000d0100000, 0x00000000d0200000|  0%| F|  |TS  0|AC  0|TAMS 0x00000000d0100000, 0x00000000d0100000|
| 258|0x00000000d0200000, 0x00000000d0200000, 0x00000000d0300000|  0%| F|  |TS  0|AC  0|TAMS 0x00000000d0200000, 0x00000000d0200000|
| 259|0x00000000d0300000, 0x00000000d0300000, 0x00000000d0400000|  0%| F|  |TS  0|AC  0|TAMS 0x00000000d0300000, 0x00000000d0300000|
| 260|0x00000000d0400000, 0x00000000d0400000, 0x00000000d0500000|  0%| F|  |TS  0|AC  0|TAMS 0x00000000d0400000, 0x00000000d0400000|
| 261|0x00000000d0500000, 0x00000000d0500000, 0x00000000d0600000|  0%| F|  |TS  0|AC  0|TAMS 0x00000000d0500000, 0x00000000d0500000|
| 262|0x00000000d0600000, 0x00000000d0600000, 0x00000000d0700000|  0%| F|  |TS  0|AC  0|TAMS 0x00000000d0600000, 0x00000000d0600000|
| 263|0x00000000d0700000, 0x00000000d0700000, 0x00000000d0800000|  0%| F|  |TS  0|AC  0|TAMS 0x00000000d0700000, 0x00000000d0700000|
| 264|0x00000000d0800000, 0x00000000d0800000, 0x00000000d0900000|  0%| F|  |TS  0|AC  0|TAMS 0x00000000d0800000, 0x00000000d0800000|
| 265|0x00000000d0900000, 0x00000000d0900000, 0x00000000d0a00000|  0%| F|  |TS  0|AC  0|TAMS 0x00000000d0900000, 0x00000000d0900000|
| 266|0x00000000d0a00000, 0x00000000d0a00000, 0x00000000d0b00000|  0%| F|  |TS  0|AC  0|TAMS 0x00000000d0a00000, 0x00000000d0a00000|
| 267|0x00000000d0b00000, 0x00000000d0b00000, 0x00000000d0c00000|  0%| F|  |TS  0|AC  0|TAMS 0x00000000d0b00000, 0x00000000d0b00000|
| 268|0x00000000d0c00000, 0x00000000d0c00000, 0x00000000d0d00000|  0%| F|  |TS  0|AC  0|TAMS 0x00000000d0c00000, 0x00000000d0c00000|
| 269|0x00000000d0d00000, 0x00000000d0d00000, 0x00000000d0e00000|  0%| F|  |TS  0|AC  0|TAMS 0x00000000d0d00000, 0x00000000d0d00000|
| 270|0x00000000d0e00000, 0x00000000d0e00000, 0x00000000d0f00000|  0%| F|  |TS  0|AC  0|TAMS 0x00000000d0e00000, 0x00000000d0e00000|
| 271|0x00000000d0f00000, 0x00000000d0f00000, 0x00000000d1000000|  0%| F|  |TS  0|AC  0|TAMS 0x00000000d0f00000, 0x00000000d0f00000|
| 272|0x00000000d1000000, 0x00000000d1000000, 0x00000000d1100000|  0%| F|  |TS  0|AC  0|TAMS 0x00000000d1000000, 0x00000000d1000000|
| 273|0x00000000d1100000, 0x00000000d1100000, 0x00000000d1200000|  0%| F|  |TS  0|AC  0|TAMS 0x00000000d1100000, 0x00000000d1100000|
| 274|0x00000000d1200000, 0x00000000d1200000, 0x00000000d1300000|  0%| F|  |TS  0|AC  0|TAMS 0x00000000d1200000, 0x00000000d1200000|
| 275|0x00000000d1300000, 0x00000000d1300000, 0x00000000d1400000|  0%| F|  |TS  0|AC  0|TAMS 0x00000000d1300000, 0x00000000d1300000|
| 276|0x00000000d1400000, 0x00000000d1400000, 0x00000000d1500000|  0%| F|  |TS  0|AC  0|TAMS 0x00000000d1400000, 0x00000000d1400000|
| 277|0x00000000d1500000, 0x00000000d1500000, 0x00000000d1600000|  0%| F|  |TS  0|AC  0|TAMS 0x00000000d1500000, 0x00000000d1500000|
| 278|0x00000000d1600000, 0x00000000d1600000, 0x00000000d1700000|  0%| F|  |TS  0|AC  0|TAMS 0x00000000d1600000, 0x00000000d1600000|
| 279|0x00000000d1700000, 0x00000000d1700000, 0x00000000d1800000|  0%| F|  |TS  0|AC  0|TAMS 0x00000000d1700000, 0x00000000d1700000|
| 280|0x00000000d1800000, 0x00000000d1800000, 0x00000000d1900000|  0%| F|  |TS  0|AC  0|TAMS 0x00000000d1800000, 0x00000000d1800000|
| 281|0x00000000d1900000, 0x00000000d1900000, 0x00000000d1a00000|  0%| F|  |TS  0|AC  0|TAMS 0x00000000d1900000, 0x00000000d1900000|
| 282|0x00000000d1a00000, 0x00000000d1a00000, 0x00000000d1b00000|  0%| F|  |TS  0|AC  0|TAMS 0x00000000d1a00000, 0x00000000d1a00000|
| 283|0x00000000d1b00000, 0x00000000d1b00000, 0x00000000d1c00000|  0%| F|  |TS  0|AC  0|TAMS 0x00000000d1b00000, 0x00000000d1b00000|
| 284|0x00000000d1c00000, 0x00000000d1c00000, 0x00000000d1d00000|  0%| F|  |TS  0|AC  0|TAMS 0x00000000d1c00000, 0x00000000d1c00000|
| 285|0x00000000d1d00000, 0x00000000d1d00000, 0x00000000d1e00000|  0%| F|  |TS  0|AC  0|TAMS 0x00000000d1d00000, 0x00000000d1d00000|
| 286|0x00000000d1e00000, 0x00000000d1e00000, 0x00000000d1f00000|  0%| F|  |TS  0|AC  0|TAMS 0x00000000d1e00000, 0x00000000d1e00000|
| 287|0x00000000d1f00000, 0x00000000d1f00000, 0x00000000d2000000|  0%| F|  |TS  0|AC  0|TAMS 0x00000000d1f00000, 0x00000000d1f00000|
| 288|0x00000000d2000000, 0x00000000d2000000, 0x00000000d2100000|  0%| F|  |TS  0|AC  0|TAMS 0x00000000d2000000, 0x00000000d2000000|
| 289|0x00000000d2100000, 0x00000000d2100000, 0x00000000d2200000|  0%| F|  |TS  0|AC  0|TAMS 0x00000000d2100000, 0x00000000d2100000|
| 290|0x00000000d2200000, 0x00000000d2200000, 0x00000000d2300000|  0%| F|  |TS  0|AC  0|TAMS 0x00000000d2200000, 0x00000000d2200000|
| 291|0x00000000d2300000, 0x00000000d2300000, 0x00000000d2400000|  0%| F|  |TS  0|AC  0|TAMS 0x00000000d2300000, 0x00000000d2300000|
| 292|0x00000000d2400000, 0x00000000d2400000, 0x00000000d2500000|  0%| F|  |TS  0|AC  0|TAMS 0x00000000d2400000, 0x00000000d2400000|
| 293|0x00000000d2500000, 0x00000000d2500000, 0x00000000d2600000|  0%| F|  |TS  0|AC  0|TAMS 0x00000000d2500000, 0x00000000d2500000|
| 294|0x00000000d2600000, 0x00000000d2600000, 0x00000000d2700000|  0%| F|  |TS  0|AC  0|TAMS 0x00000000d2600000, 0x00000000d2600000|
| 295|0x00000000d2700000, 0x00000000d2700000, 0x00000000d2800000|  0%| F|  |TS  0|AC  0|TAMS 0x00000000d2700000, 0x00000000d2700000|
| 296|0x00000000d2800000, 0x00000000d2800000, 0x00000000d2900000|  0%| F|  |TS  0|AC  0|TAMS 0x00000000d2800000, 0x00000000d2800000|
| 297|0x00000000d2900000, 0x00000000d2900000, 0x00000000d2a00000|  0%| F|  |TS  0|AC  0|TAMS 0x00000000d2900000, 0x00000000d2900000|
| 298|0x00000000d2a00000, 0x00000000d2a00000, 0x00000000d2b00000|  0%| F|  |TS  0|AC  0|TAMS 0x00000000d2a00000, 0x00000000d2a00000|
| 299|0x00000000d2b00000, 0x00000000d2b00000, 0x00000000d2c00000|  0%| F|  |TS  0|AC  0|TAMS 0x00000000d2b00000, 0x00000000d2b00000|
| 300|0x00000000d2c00000, 0x00000000d2c00000, 0x00000000d2d00000|  0%| F|  |TS  0|AC  0|TAMS 0x00000000d2c00000, 0x00000000d2c00000|
| 301|0x00000000d2d00000, 0x00000000d2d00000, 0x00000000d2e00000|  0%| F|  |TS  0|AC  0|TAMS 0x00000000d2d00000, 0x00000000d2d00000|
| 302|0x00000000d2e00000, 0x00000000d2e00000, 0x00000000d2f00000|  0%| F|  |TS  0|AC  0|TAMS 0x00000000d2e00000, 0x00000000d2e00000|
| 303|0x00000000d2f00000, 0x00000000d2f00000, 0x00000000d3000000|  0%| F|  |TS  0|AC  0|TAMS 0x00000000d2f00000, 0x00000000d2f00000|
| 304|0x00000000d3000000, 0x00000000d3000000, 0x00000000d3100000|  0%| F|  |TS  0|AC  0|TAMS 0x00000000d3000000, 0x00000000d3000000|
| 305|0x00000000d3100000, 0x00000000d3100000, 0x00000000d3200000|  0%| F|  |TS  0|AC  0|TAMS 0x00000000d3100000, 0x00000000d3100000|
| 306|0x00000000d3200000, 0x00000000d3200000, 0x00000000d3300000|  0%| F|  |TS  0|AC  0|TAMS 0x00000000d3200000, 0x00000000d3200000|
| 307|0x00000000d3300000, 0x00000000d3300000, 0x00000000d3400000|  0%| F|  |TS  0|AC  0|TAMS 0x00000000d3300000, 0x00000000d3300000|
| 308|0x00000000d3400000, 0x00000000d3400000, 0x00000000d3500000|  0%| F|  |TS  0|AC  0|TAMS 0x00000000d3400000, 0x00000000d3400000|
| 309|0x00000000d3500000, 0x00000000d3500000, 0x00000000d3600000|  0%| F|  |TS  0|AC  0|TAMS 0x00000000d3500000, 0x00000000d3500000|
| 310|0x00000000d3600000, 0x00000000d3600000, 0x00000000d3700000|  0%| F|  |TS  0|AC  0|TAMS 0x00000000d3600000, 0x00000000d3600000|
| 311|0x00000000d3700000, 0x00000000d3700000, 0x00000000d3800000|  0%| F|  |TS  0|AC  0|TAMS 0x00000000d3700000, 0x00000000d3700000|
| 312|0x00000000d3800000, 0x00000000d3800000, 0x00000000d3900000|  0%| F|  |TS  0|AC  0|TAMS 0x00000000d3800000, 0x00000000d3800000|
| 313|0x00000000d3900000, 0x00000000d3900000, 0x00000000d3a00000|  0%| F|  |TS  0|AC  0|TAMS 0x00000000d3900000, 0x00000000d3900000|
| 314|0x00000000d3a00000, 0x00000000d3a00000, 0x00000000d3b00000|  0%| F|  |TS  0|AC  0|TAMS 0x00000000d3a00000, 0x00000000d3a00000|
| 315|0x00000000d3b00000, 0x00000000d3b00000, 0x00000000d3c00000|  0%| F|  |TS  0|AC  0|TAMS 0x00000000d3b00000, 0x00000000d3b00000|
| 316|0x00000000d3c00000, 0x00000000d3c00000, 0x00000000d3d00000|  0%| F|  |TS  0|AC  0|TAMS 0x00000000d3c00000, 0x00000000d3c00000|
| 317|0x00000000d3d00000, 0x00000000d3d00000, 0x00000000d3e00000|  0%| F|  |TS  0|AC  0|TAMS 0x00000000d3d00000, 0x00000000d3d00000|
| 318|0x00000000d3e00000, 0x00000000d3e00000, 0x00000000d3f00000|  0%| F|  |TS  0|AC  0|TAMS 0x00000000d3e00000, 0x00000000d3e00000|
| 319|0x00000000d3f00000, 0x00000000d3f00000, 0x00000000d4000000|  0%| F|  |TS  0|AC  0|TAMS 0x00000000d3f00000, 0x00000000d3f00000|
| 320|0x00000000d4000000, 0x00000000d4000000, 0x00000000d4100000|  0%| F|  |TS  0|AC  0|TAMS 0x00000000d4000000, 0x00000000d4000000|
| 321|0x00000000d4100000, 0x00000000d4100000, 0x00000000d4200000|  0%| F|  |TS  0|AC  0|TAMS 0x00000000d4100000, 0x00000000d4100000|
| 322|0x00000000d4200000, 0x00000000d4200000, 0x00000000d4300000|  0%| F|  |TS  0|AC  0|TAMS 0x00000000d4200000, 0x00000000d4200000|
| 323|0x00000000d4300000, 0x00000000d4300000, 0x00000000d4400000|  0%| F|  |TS  0|AC  0|TAMS 0x00000000d4300000, 0x00000000d4300000|
| 324|0x00000000d4400000, 0x00000000d4400000, 0x00000000d4500000|  0%| F|  |TS  0|AC  0|TAMS 0x00000000d4400000, 0x00000000d4400000|
| 325|0x00000000d4500000, 0x00000000d4500000, 0x00000000d4600000|  0%| F|  |TS  0|AC  0|TAMS 0x00000000d4500000, 0x00000000d4500000|
| 326|0x00000000d4600000, 0x00000000d4600000, 0x00000000d4700000|  0%| F|  |TS  0|AC  0|TAMS 0x00000000d4600000, 0x00000000d4600000|
| 327|0x00000000d4700000, 0x00000000d4700000, 0x00000000d4800000|  0%| F|  |TS  0|AC  0|TAMS 0x00000000d4700000, 0x00000000d4700000|
| 328|0x00000000d4800000, 0x00000000d4800000, 0x00000000d4900000|  0%| F|  |TS  0|AC  0|TAMS 0x00000000d4800000, 0x00000000d4800000|
| 329|0x00000000d4900000, 0x00000000d4900000, 0x00000000d4a00000|  0%| F|  |TS  0|AC  0|TAMS 0x00000000d4900000, 0x00000000d4900000|
| 330|0x00000000d4a00000, 0x00000000d4a00000, 0x00000000d4b00000|  0%| F|  |TS  0|AC  0|TAMS 0x00000000d4a00000, 0x00000000d4a00000|
| 331|0x00000000d4b00000, 0x00000000d4b00000, 0x00000000d4c00000|  0%| F|  |TS  0|AC  0|TAMS 0x00000000d4b00000, 0x00000000d4b00000|
| 332|0x00000000d4c00000, 0x00000000d4c00000, 0x00000000d4d00000|  0%| F|  |TS  0|AC  0|TAMS 0x00000000d4c00000, 0x00000000d4c00000|
| 333|0x00000000d4d00000, 0x00000000d4d00000, 0x00000000d4e00000|  0%| F|  |TS  0|AC  0|TAMS 0x00000000d4d00000, 0x00000000d4d00000|
| 334|0x00000000d4e00000, 0x00000000d4e00000, 0x00000000d4f00000|  0%| F|  |TS  0|AC  0|TAMS 0x00000000d4e00000, 0x00000000d4e00000|
| 335|0x00000000d4f00000, 0x00000000d4f00000, 0x00000000d5000000|  0%| F|  |TS  0|AC  0|TAMS 0x00000000d4f00000, 0x00000000d4f00000|
| 336|0x00000000d5000000, 0x00000000d5000000, 0x00000000d5100000|  0%| F|  |TS  0|AC  0|TAMS 0x00000000d5000000, 0x00000000d5000000|
| 337|0x00000000d5100000, 0x00000000d5100000, 0x00000000d5200000|  0%| F|  |TS  0|AC  0|TAMS 0x00000000d5100000, 0x00000000d5100000|
| 338|0x00000000d5200000, 0x00000000d5200000, 0x00000000d5300000|  0%| F|  |TS  0|AC  0|TAMS 0x00000000d5200000, 0x00000000d5200000|
| 339|0x00000000d5300000, 0x00000000d5300000, 0x00000000d5400000|  0%| F|  |TS  0|AC  0|TAMS 0x00000000d5300000, 0x00000000d5300000|
| 340|0x00000000d5400000, 0x00000000d5400000, 0x00000000d5500000|  0%| F|  |TS  0|AC  0|TAMS 0x00000000d5400000, 0x00000000d5400000|
| 341|0x00000000d5500000, 0x00000000d5500000, 0x00000000d5600000|  0%| F|  |TS  0|AC  0|TAMS 0x00000000d5500000, 0x00000000d5500000|
| 342|0x00000000d5600000, 0x00000000d5600000, 0x00000000d5700000|  0%| F|  |TS  0|AC  0|TAMS 0x00000000d5600000, 0x00000000d5600000|
| 343|0x00000000d5700000, 0x00000000d5700000, 0x00000000d5800000|  0%| F|  |TS  0|AC  0|TAMS 0x00000000d5700000, 0x00000000d5700000|
| 344|0x00000000d5800000, 0x00000000d5800000, 0x00000000d5900000|  0%| F|  |TS  0|AC  0|TAMS 0x00000000d5800000, 0x00000000d5800000|
| 345|0x00000000d5900000, 0x00000000d5900000, 0x00000000d5a00000|  0%| F|  |TS  0|AC  0|TAMS 0x00000000d5900000, 0x00000000d5900000|
| 346|0x00000000d5a00000, 0x00000000d5a00000, 0x00000000d5b00000|  0%| F|  |TS  0|AC  0|TAMS 0x00000000d5a00000, 0x00000000d5a00000|
| 347|0x00000000d5b00000, 0x00000000d5b00000, 0x00000000d5c00000|  0%| F|  |TS  0|AC  0|TAMS 0x00000000d5b00000, 0x00000000d5b00000|
| 348|0x00000000d5c00000, 0x00000000d5c00000, 0x00000000d5d00000|  0%| F|  |TS  0|AC  0|TAMS 0x00000000d5c00000, 0x00000000d5c00000|
| 349|0x00000000d5d00000, 0x00000000d5d00000, 0x00000000d5e00000|  0%| F|  |TS  0|AC  0|TAMS 0x00000000d5d00000, 0x00000000d5d00000|
| 350|0x00000000d5e00000, 0x00000000d5e00000, 0x00000000d5f00000|  0%| F|  |TS  0|AC  0|TAMS 0x00000000d5e00000, 0x00000000d5e00000|
| 351|0x00000000d5f00000, 0x00000000d5f00000, 0x00000000d6000000|  0%| F|  |TS  0|AC  0|TAMS 0x00000000d5f00000, 0x00000000d5f00000|
| 352|0x00000000d6000000, 0x00000000d6000000, 0x00000000d6100000|  0%| F|  |TS  0|AC  0|TAMS 0x00000000d6000000, 0x00000000d6000000|
| 353|0x00000000d6100000, 0x00000000d6100000, 0x00000000d6200000|  0%| F|  |TS  0|AC  0|TAMS 0x00000000d6100000, 0x00000000d6100000|
| 354|0x00000000d6200000, 0x00000000d6200000, 0x00000000d6300000|  0%| F|  |TS  0|AC  0|TAMS 0x00000000d6200000, 0x00000000d6200000|
| 355|0x00000000d6300000, 0x00000000d6300000, 0x00000000d6400000|  0%| F|  |TS  0|AC  0|TAMS 0x00000000d6300000, 0x00000000d6300000|
| 356|0x00000000d6400000, 0x00000000d6400000, 0x00000000d6500000|  0%| F|  |TS  0|AC  0|TAMS 0x00000000d6400000, 0x00000000d6400000|
| 357|0x00000000d6500000, 0x00000000d6500000, 0x00000000d6600000|  0%| F|  |TS  0|AC  0|TAMS 0x00000000d6500000, 0x00000000d6500000|
| 358|0x00000000d6600000, 0x00000000d6600000, 0x00000000d6700000|  0%| F|  |TS  0|AC  0|TAMS 0x00000000d6600000, 0x00000000d6600000|
| 359|0x00000000d6700000, 0x00000000d6700000, 0x00000000d6800000|  0%| F|  |TS  0|AC  0|TAMS 0x00000000d6700000, 0x00000000d6700000|
| 360|0x00000000d6800000, 0x00000000d6800000, 0x00000000d6900000|  0%| F|  |TS  0|AC  0|TAMS 0x00000000d6800000, 0x00000000d6800000|
| 361|0x00000000d6900000, 0x00000000d6900000, 0x00000000d6a00000|  0%| F|  |TS  0|AC  0|TAMS 0x00000000d6900000, 0x00000000d6900000|
| 362|0x00000000d6a00000, 0x00000000d6a00000, 0x00000000d6b00000|  0%| F|  |TS  0|AC  0|TAMS 0x00000000d6a00000, 0x00000000d6a00000|
| 363|0x00000000d6b00000, 0x00000000d6b00000, 0x00000000d6c00000|  0%| F|  |TS  0|AC  0|TAMS 0x00000000d6b00000, 0x00000000d6b00000|
| 364|0x00000000d6c00000, 0x00000000d6c00000, 0x00000000d6d00000|  0%| F|  |TS  0|AC  0|TAMS 0x00000000d6c00000, 0x00000000d6c00000|
| 365|0x00000000d6d00000, 0x00000000d6d00000, 0x00000000d6e00000|  0%| F|  |TS  0|AC  0|TAMS 0x00000000d6d00000, 0x00000000d6d00000|
| 366|0x00000000d6e00000, 0x00000000d6e00000, 0x00000000d6f00000|  0%| F|  |TS  0|AC  0|TAMS 0x00000000d6e00000, 0x00000000d6e00000|
| 367|0x00000000d6f00000, 0x00000000d6f00000, 0x00000000d7000000|  0%| F|  |TS  0|AC  0|TAMS 0x00000000d6f00000, 0x00000000d6f00000|
| 368|0x00000000d7000000, 0x00000000d7000000, 0x00000000d7100000|  0%| F|  |TS  0|AC  0|TAMS 0x00000000d7000000, 0x00000000d7000000|
| 369|0x00000000d7100000, 0x00000000d7100000, 0x00000000d7200000|  0%| F|  |TS  0|AC  0|TAMS 0x00000000d7100000, 0x00000000d7100000|
| 370|0x00000000d7200000, 0x00000000d7211298, 0x00000000d7300000|  6%| S|CS|TS  2|AC  0|TAMS 0x00000000d7200000, 0x00000000d7200000|
| 371|0x00000000d7300000, 0x00000000d7300000, 0x00000000d7400000|  0%| F|  |TS  2|AC  0|TAMS 0x00000000d7300000, 0x00000000d7300000|
| 372|0x00000000d7400000, 0x00000000d7400000, 0x00000000d7500000|  0%| F|  |TS  2|AC  0|TAMS 0x00000000d7400000, 0x00000000d7400000|
| 373|0x00000000d7500000, 0x00000000d7600000, 0x00000000d7600000|100%| S|CS|TS  2|AC  0|TAMS 0x00000000d7500000, 0x00000000d7500000|
| 374|0x00000000d7600000, 0x00000000d7700000, 0x00000000d7700000|100%| S|CS|TS  2|AC  0|TAMS 0x00000000d7600000, 0x00000000d7600000|
| 375|0x00000000d7700000, 0x00000000d7700000, 0x00000000d7800000|  0%| F|  |TS  2|AC  0|TAMS 0x00000000d7700000, 0x00000000d7700000|
| 376|0x00000000d7800000, 0x00000000d7800000, 0x00000000d7900000|  0%| F|  |TS  2|AC  0|TAMS 0x00000000d7800000, 0x00000000d7800000|
| 377|0x00000000d7900000, 0x00000000d7900000, 0x00000000d7a00000|  0%| F|  |TS  2|AC  0|TAMS 0x00000000d7900000, 0x00000000d7900000|
| 378|0x00000000d7a00000, 0x00000000d7a00000, 0x00000000d7b00000|  0%| F|  |TS  2|AC  0|TAMS 0x00000000d7a00000, 0x00000000d7a00000|
| 379|0x00000000d7b00000, 0x00000000d7b00000, 0x00000000d7c00000|  0%| F|  |TS  2|AC  0|TAMS 0x00000000d7b00000, 0x00000000d7b00000|
| 380|0x00000000d7c00000, 0x00000000d7c00000, 0x00000000d7d00000|  0%| F|  |TS  2|AC  0|TAMS 0x00000000d7c00000, 0x00000000d7c00000|
| 381|0x00000000d7d00000, 0x00000000d7d00000, 0x00000000d7e00000|  0%| F|  |TS  2|AC  0|TAMS 0x00000000d7d00000, 0x00000000d7d00000|
| 382|0x00000000d7e00000, 0x00000000d7e00000, 0x00000000d7f00000|  0%| F|  |TS  2|AC  0|TAMS 0x00000000d7e00000, 0x00000000d7e00000|
| 383|0x00000000d7f00000, 0x00000000d7f00000, 0x00000000d8000000|  0%| F|  |TS  2|AC  0|TAMS 0x00000000d7f00000, 0x00000000d7f00000|
| 384|0x00000000d8000000, 0x00000000d8000000, 0x00000000d8100000|  0%| F|  |TS  2|AC  0|TAMS 0x00000000d8000000, 0x00000000d8000000|
| 385|0x00000000d8100000, 0x00000000d8100000, 0x00000000d8200000|  0%| F|  |TS  2|AC  0|TAMS 0x00000000d8100000, 0x00000000d8100000|
| 386|0x00000000d8200000, 0x00000000d8200000, 0x00000000d8300000|  0%| F|  |TS  2|AC  0|TAMS 0x00000000d8200000, 0x00000000d8200000|
| 387|0x00000000d8300000, 0x00000000d8300000, 0x00000000d8400000|  0%| F|  |TS  2|AC  0|TAMS 0x00000000d8300000, 0x00000000d8300000|
| 388|0x00000000d8400000, 0x00000000d8400000, 0x00000000d8500000|  0%| F|  |TS  2|AC  0|TAMS 0x00000000d8400000, 0x00000000d8400000|
| 389|0x00000000d8500000, 0x00000000d8500000, 0x00000000d8600000|  0%| F|  |TS  2|AC  0|TAMS 0x00000000d8500000, 0x00000000d8500000|
| 390|0x00000000d8600000, 0x00000000d8600000, 0x00000000d8700000|  0%| F|  |TS  2|AC  0|TAMS 0x00000000d8600000, 0x00000000d8600000|
| 391|0x00000000d8700000, 0x00000000d8700000, 0x00000000d8800000|  0%| F|  |TS  2|AC  0|TAMS 0x00000000d8700000, 0x00000000d8700000|

Card table byte_map: [0x00007f4e75b9a000,0x00007f4e75d9a000] byte_map_base: 0x00007f4e7559a000

Marking Bits (Prev, Next): (CMBitMap*) 0x00007f4e90066b50, (CMBitMap*) 0x00007f4e90066b88
 Prev Bits: [0x00007f4e7499a000, 0x00007f4e7599a000)
 Next Bits: [0x00007f4e67000000, 0x00007f4e68000000)

Polling page: 0x00007f4e96b7e000

CodeHeap 'non-profiled nmethods': size=120032Kb used=4637Kb max_used=4665Kb free=115395Kb
 bounds [0x00007f4e7e359000, 0x00007f4e7e7e9000, 0x00007f4e85891000]
CodeHeap 'profiled nmethods': size=120032Kb used=11434Kb max_used=11434Kb free=108597Kb
 bounds [0x00007f4e76e21000, 0x00007f4e77991000, 0x00007f4e7e359000]
CodeHeap 'non-nmethods': size=5696Kb used=1207Kb max_used=1277Kb free=4488Kb
 bounds [0x00007f4e76891000, 0x00007f4e76b01000, 0x00007f4e76e21000]
 total_blobs=7983 nmethods=5037 adapters=507
 compilation: enabled

Compilation events (10 events):
Event: 302.203 Thread 0x00007f4e9016b000 nmethod 5693 0x00007f4e77979b10 code [0x00007f4e7797a5a0, 0x00007f4e77981438]
Event: 302.203 Thread 0x00007f4e9016b000 5692       3       org.eclipse.jdt.core.compiler.CharOperation::isWhitespace (23 bytes)
Event: 302.203 Thread 0x00007f4e9016b000 nmethod 5692 0x00007f4e77079d10 code [0x00007f4e77079ec0, 0x00007f4e7707a0b0]
Event: 304.911 Thread 0x00007f4e9016b000 5694       3       java.util.Calendar::internalGet (7 bytes)
Event: 304.911 Thread 0x00007f4e9016b000 nmethod 5694 0x00007f4e76f90e10 code [0x00007f4e76f90fc0, 0x00007f4e76f91130]
Event: 304.911 Thread 0x00007f4e9016b000 5695       1       java.util.Calendar::getFirstDayOfWeek (5 bytes)
Event: 304.911 Thread 0x00007f4e9016b000 nmethod 5695 0x00007f4e7e5c0510 code [0x00007f4e7e5c06c0, 0x00007f4e7e5c07d0]
Event: 304.911 Thread 0x00007f4e9016b000 5696       1       java.util.Calendar::getMinimalDaysInFirstWeek (5 bytes)
Event: 304.911 Thread 0x00007f4e9016b000 nmethod 5696 0x00007f4e7e5c0210 code [0x00007f4e7e5c03c0, 0x00007f4e7e5c04d0]
Event: 318.350 Thread 0x00007f4e9016b000 5697       3       java.lang.String::contains (19 bytes)

GC Heap History (10 events):
Event: 288.722 GC heap after
{Heap after GC invocations=66 (full 0):
 garbage-first heap   total 401408K, used 186076K [0x00000000c0000000, 0x0000000100000000)
  region size 1024K, 2 young (2048K), 2 survivors (2048K)
 Metaspace       used 47424K, capacity 49684K, committed 49920K, reserved 1093632K
  class space    used 4448K, capacity 5249K, committed 5376K, reserved 1048576K
}
Event: 294.858 GC heap before
{Heap before GC invocations=66 (full 0):
 garbage-first heap   total 401408K, used 203484K [0x00000000c0000000, 0x0000000100000000)
  region size 1024K, 19 young (19456K), 2 survivors (2048K)
 Metaspace       used 47530K, capacity 49749K, committed 49920K, reserved 1093632K
  class space    used 4456K, capacity 5249K, committed 5376K, reserved 1048576K
}
Event: 294.887 GC heap after
{Heap after GC invocations=67 (full 0):
 garbage-first heap   total 401408K, used 187781K [0x00000000c0000000, 0x0000000100000000)
  region size 1024K, 3 young (3072K), 3 survivors (3072K)
 Metaspace       used 47530K, capacity 49749K, committed 49920K, reserved 1093632K
  class space    used 4456K, capacity 5249K, committed 5376K, reserved 1048576K
}
Event: 300.813 GC heap before
{Heap before GC invocations=68 (full 0):
 garbage-first heap   total 401408K, used 204165K [0x00000000c0000000, 0x0000000100000000)
  region size 1024K, 19 young (19456K), 3 survivors (3072K)
 Metaspace       used 47708K, capacity 49877K, committed 50176K, reserved 1093632K
  class space    used 4481K, capacity 5249K, committed 5376K, reserved 1048576K
}
Event: 302.183 GC heap after
{Heap after GC invocations=69 (full 0):
 garbage-first heap   total 401408K, used 189918K [0x00000000c0000000, 0x0000000100000000)
  region size 1024K, 3 young (3072K), 3 survivors (3072K)
 Metaspace       used 47708K, capacity 49877K, committed 50176K, reserved 1093632K
  class space    used 4481K, capacity 5249K, committed 5376K, reserved 1048576K
}
Event: 310.014 GC heap before
{Heap before GC invocations=69 (full 0):
 garbage-first heap   total 401408K, used 206302K [0x00000000c0000000, 0x0000000100000000)
  region size 1024K, 19 young (19456K), 3 survivors (3072K)
 Metaspace       used 47837K, capacity 50037K, committed 50176K, reserved 1093632K
  class space    used 4505K, capacity 5281K, committed 5376K, reserved 1048576K
}
Event: 311.045 GC heap after
{Heap after GC invocations=70 (full 0):
 garbage-first heap   total 401408K, used 191103K [0x00000000c0000000, 0x0000000100000000)
  region size 1024K, 2 young (2048K), 2 survivors (2048K)
 Metaspace       used 47837K, capacity 50037K, committed 50176K, reserved 1093632K
  class space    used 4505K, capacity 5281K, committed 5376K, reserved 1048576K
}
Event: 322.526 GC heap before
{Heap before GC invocations=71 (full 0):
 garbage-first heap   total 401408K, used 208511K [0x00000000c0000000, 0x0000000100000000)
  region size 1024K, 19 young (19456K), 2 survivors (2048K)
 Metaspace       used 47880K, capacity 50037K, committed 50176K, reserved 1093632K
  class space    used 4511K, capacity 5281K, committed 5376K, reserved 1048576K
}
Event: 333.069 GC heap after
{Heap after GC invocations=72 (full 0):
 garbage-first heap   total 401408K, used 191484K [0x00000000c0000000, 0x0000000100000000)
  region size 1024K, 2 young (2048K), 2 survivors (2048K)
 Metaspace       used 47880K, capacity 50037K, committed 50176K, reserved 1093632K
  class space    used 4511K, capacity 5281K, committed 5376K, reserved 1048576K
}
Event: 341.377 GC heap before
{Heap before GC invocations=72 (full 0):
 garbage-first heap   total 401408K, used 208892K [0x00000000c0000000, 0x0000000100000000)
  region size 1024K, 19 young (19456K), 2 survivors (2048K)
 Metaspace       used 47881K, capacity 50037K, committed 50176K, reserved 1093632K
  class space    used 4511K, capacity 5281K, committed 5376K, reserved 1048576K
}

Deoptimization events (10 events):
Event: 229.523 Thread 0x00007f4dfc298000 Uncommon trap: reason=unstable_if action=reinterpret pc=0x00007f4e7e7af174 method=org.eclipse.jdt.internal.compiler.util.Util.isClassFileName(Ljava/lang/String;)Z @ 20 c2
Event: 248.087 Thread 0x00007f4dfc298000 Uncommon trap: reason=unstable_if action=reinterpret pc=0x00007f4e7e71d130 method=org.eclipse.jdt.internal.compiler.classfmt.MethodInfo.getArgumentNames()[[C @ 4 c2
Event: 248.088 Thread 0x00007f4dfc298000 Uncommon trap: reason=unstable_if action=reinterpret pc=0x00007f4e7e66e424 method=org.eclipse.jdt.internal.compiler.classfmt.MethodInfo.getArgumentNames()[[C @ 4 c2
Event: 251.120 Thread 0x000055d65c217800 Uncommon trap: reason=class_check action=maybe_recompile pc=0x00007f4e7e6d0824 method=java.util.regex.Pattern$Slice.match(Ljava/util/regex/Matcher;ILjava/lang/CharSequence;)Z @ 75 c2
Event: 251.121 Thread 0x000055d65c217800 Uncommon trap: reason=class_check action=maybe_recompile pc=0x00007f4e7e6d0824 method=java.util.regex.Pattern$Slice.match(Ljava/util/regex/Matcher;ILjava/lang/CharSequence;)Z @ 75 c2
Event: 251.121 Thread 0x000055d65c217800 Uncommon trap: reason=class_check action=maybe_recompile pc=0x00007f4e7e6d0824 method=java.util.regex.Pattern$Slice.match(Ljava/util/regex/Matcher;ILjava/lang/CharSequence;)Z @ 75 c2
Event: 251.121 Thread 0x000055d65c217800 Uncommon trap: reason=class_check action=maybe_recompile pc=0x00007f4e7e6d0824 method=java.util.regex.Pattern$Slice.match(Ljava/util/regex/Matcher;ILjava/lang/CharSequence;)Z @ 75 c2
Event: 276.177 Thread 0x00007f4dfc298000 Uncommon trap: reason=unstable_if action=reinterpret pc=0x00007f4e7e7a01c0 method=org.eclipse.jdt.internal.compiler.classfmt.MethodInfo.createMethod([B[IIJ)Lorg/eclipse/jdt/internal/compiler/classfmt/MethodInfo; @ 265 c2
Event: 290.965 Thread 0x000055d65c217800 Uncommon trap: reason=class_check action=maybe_recompile pc=0x00007f4e7e6a202c method=java.nio.channels.spi.AbstractInterruptibleChannel.close()V @ 23 c2
Event: 293.872 Thread 0x000055d65c217800 Uncommon trap: reason=class_check action=maybe_recompile pc=0x00007f4e7e6a202c method=java.nio.channels.spi.AbstractInterruptibleChannel.close()V @ 23 c2

Classes redefined (0 events):
No events

Internal exceptions (10 events):
Event: 219.643 Thread 0x000055d65c217800 Exception <a 'sun/nio/fs/UnixException'{0x00000000d040c1c8}> (0x00000000d040c1c8) thrown at [/build/openjdk-lts-xioZJb/openjdk-lts-10.0.2+13/src/hotspot/share/prims/jni.cpp, line 611]
Event: 219.644 Thread 0x000055d65c217800 Exception <a 'sun/nio/fs/UnixException'{0x00000000d040f7d0}> (0x00000000d040f7d0) thrown at [/build/openjdk-lts-xioZJb/openjdk-lts-10.0.2+13/src/hotspot/share/prims/jni.cpp, line 611]
Event: 219.645 Thread 0x000055d65c217800 Exception <a 'sun/nio/fs/UnixException'{0x00000000cdd81698}> (0x00000000cdd81698) thrown at [/build/openjdk-lts-xioZJb/openjdk-lts-10.0.2+13/src/hotspot/share/prims/jni.cpp, line 611]
Event: 221.488 Thread 0x000055d65c217800 Implicit null exception at 0x00007f4e7e6c4752 to 0x00007f4e7e6c48c9
Event: 223.101 Thread 0x000055d65c217800 Exception <a 'java/lang/ArrayIndexOutOfBoundsException'{0x00000000d220ce80}> (0x00000000d220ce80) thrown at [/build/openjdk-lts-xioZJb/openjdk-lts-10.0.2+13/src/hotspot/share/runtime/sharedRuntime.cpp, line 600]
Event: 226.380 Thread 0x000055d65c217800 Exception <a 'sun/nio/fs/UnixException'{0x00000000ce2f8300}> (0x00000000ce2f8300) thrown at [/build/openjdk-lts-xioZJb/openjdk-lts-10.0.2+13/src/hotspot/share/prims/jni.cpp, line 611]
Event: 226.381 Thread 0x000055d65c217800 Exception <a 'sun/nio/fs/UnixException'{0x00000000ce2f9818}> (0x00000000ce2f9818) thrown at [/build/openjdk-lts-xioZJb/openjdk-lts-10.0.2+13/src/hotspot/share/prims/jni.cpp, line 611]
Event: 226.452 Thread 0x000055d65c217800 Exception <a 'java/io/FileNotFoundException'{0x00000000ce0017b8}> (0x00000000ce0017b8) thrown at [/build/openjdk-lts-xioZJb/openjdk-lts-10.0.2+13/src/hotspot/share/prims/jni.cpp, line 611]
Event: 287.209 Thread 0x00007f4df800d800 Exception <a 'java/lang/NoClassDefFoundError'{0x00000000d2484880}: org/eclipse/m2e/jdt/internal/BuildPathManager$ModuleInfoDetector> (0x00000000d2484880) thrown at [/build/openjdk-lts-xioZJb/openjdk-lts-10.0.2+13/src/hotspot/share/oops/constantPool.cpp, l
Event: 300.661 Thread 0x00007f4df800d800 Exception <a 'java/lang/ArrayIndexOutOfBoundsException'{0x00000000d7952668}> (0x00000000d7952668) thrown at [/build/openjdk-lts-xioZJb/openjdk-lts-10.0.2+13/src/hotspot/share/runtime/sharedRuntime.cpp, line 600]

Events (10 events):
Event: 302.183 Executing VM operation: G1IncCollectionPause done
Event: 308.785 Executing VM operation: G1IncCollectionPause
Event: 311.045 Executing VM operation: G1IncCollectionPause done
Event: 311.918 Executing VM operation: CGC_Operation
Event: 314.451 Executing VM operation: CGC_Operation done
Event: 315.035 Executing VM operation: CGC_Operation
Event: 315.888 Executing VM operation: CGC_Operation done
Event: 319.145 Executing VM operation: G1IncCollectionPause
Event: 334.362 Executing VM operation: G1IncCollectionPause done
Event: 339.954 Executing VM operation: G1IncCollectionPause


Dynamic libraries:
c0000000-d8800000 rw-p 00000000 00:00 0 
e8500000-100000000 ---p 00000000 00:00 0 
100000000-100540000 rw-p 00000000 00:00 0 
100540000-140000000 ---p 00000000 00:00 0 
55d65a409000-55d65a40a000 r-xp 00000000 08:01 2755849                    /usr/lib/jvm/java-11-openjdk-amd64/bin/java
55d65a60a000-55d65a60b000 r--p 00001000 08:01 2755849                    /usr/lib/jvm/java-11-openjdk-amd64/bin/java
55d65a60b000-55d65a60c000 rw-p 00002000 08:01 2755849                    /usr/lib/jvm/java-11-openjdk-amd64/bin/java
55d65c1ff000-55d65c264000 rw-p 00000000 00:00 0                          [heap]
7f4dea625000-7f4dea7e5000 rw-p 00000000 00:00 0 
7f4dea7e5000-7f4dea829000 ---p 00000000 00:00 0 
7f4dea829000-7f4deab26000 rw-p 00000000 00:00 0 
7f4deab26000-7f4df4000000 r--s 00000000 08:01 2761417                    /usr/lib/jvm/java-11-openjdk-amd64/lib/modules
7f4df4000000-7f4df418a000 rw-p 00000000 00:00 0 
7f4df418a000-7f4df8000000 ---p 00000000 00:00 0 
7f4df8000000-7f4df828b000 rw-p 00000000 00:00 0 
7f4df828b000-7f4dfc000000 ---p 00000000 00:00 0 
7f4dfc000000-7f4dfcb24000 rw-p 00000000 00:00 0 
7f4dfcb24000-7f4e00000000 ---p 00000000 00:00 0 
7f4e00000000-7f4e00021000 rw-p 00000000 00:00 0 
7f4e00021000-7f4e04000000 ---p 00000000 00:00 0 
7f4e04000000-7f4e04021000 rw-p 00000000 00:00 0 
7f4e04021000-7f4e08000000 ---p 00000000 00:00 0 
7f4e08000000-7f4e0809a000 rw-p 00000000 00:00 0 
7f4e0809a000-7f4e0c000000 ---p 00000000 00:00 0 
7f4e0c000000-7f4e0c04a000 rw-p 00000000 00:00 0 
7f4e0c04a000-7f4e10000000 ---p 00000000 00:00 0 
7f4e10000000-7f4e10078000 rw-p 00000000 00:00 0 
7f4e10078000-7f4e14000000 ---p 00000000 00:00 0 
7f4e14000000-7f4e14021000 rw-p 00000000 00:00 0 
7f4e14021000-7f4e18000000 ---p 00000000 00:00 0 
7f4e18000000-7f4e18021000 rw-p 00000000 00:00 0 
7f4e18021000-7f4e1c000000 ---p 00000000 00:00 0 
7f4e1c000000-7f4e1d37d000 rw-p 00000000 00:00 0 
7f4e1d37d000-7f4e20000000 ---p 00000000 00:00 0 
7f4e20000000-7f4e20021000 rw-p 00000000 00:00 0 
7f4e20021000-7f4e24000000 ---p 00000000 00:00 0 
7f4e24000000-7f4e26def000 rw-p 00000000 00:00 0 
7f4e26def000-7f4e28000000 ---p 00000000 00:00 0 
7f4e28000000-7f4e2b6be000 rw-p 00000000 00:00 0 
7f4e2b6be000-7f4e2c000000 ---p 00000000 00:00 0 
7f4e2c000000-7f4e2c021000 rw-p 00000000 00:00 0 
7f4e2c021000-7f4e30000000 ---p 00000000 00:00 0 
7f4e30023000-7f4e30027000 ---p 00000000 00:00 0 
7f4e30027000-7f4e30124000 rw-p 00000000 00:00 0 
7f4e30124000-7f4e30128000 ---p 00000000 00:00 0 
7f4e30128000-7f4e30225000 rw-p 00000000 00:00 0 
7f4e302d2000-7f4e304d2000 rw-p 00000000 00:00 0 
7f4e304d2000-7f4e306d2000 rw-p 00000000 00:00 0 
7f4e306d2000-7f4e306d6000 ---p 00000000 00:00 0 
7f4e306d6000-7f4e309d3000 rw-p 00000000 00:00 0 
7f4e309d3000-7f4e309d7000 ---p 00000000 00:00 0 
7f4e309d7000-7f4e30ad4000 rw-p 00000000 00:00 0 
7f4e30ad4000-7f4e30ad8000 ---p 00000000 00:00 0 
7f4e30ad8000-7f4e30dd5000 rw-p 00000000 00:00 0 
7f4e30dd5000-7f4e30fd5000 rw-p 00000000 00:00 0 
7f4e30fd5000-7f4e311d5000 rw-p 00000000 00:00 0 
7f4e311d5000-7f4e313d5000 rw-p 00000000 00:00 0 
7f4e313d5000-7f4e315d5000 rw-p 00000000 00:00 0 
7f4e315d5000-7f4e317d5000 rw-p 00000000 00:00 0 
7f4e317d5000-7f4e317d9000 ---p 00000000 00:00 0 
7f4e317d9000-7f4e318d6000 rw-p 00000000 00:00 0 
7f4e318d6000-7f4e318da000 ---p 00000000 00:00 0 
7f4e318da000-7f4e319d7000 rw-p 00000000 00:00 0 
7f4e319d7000-7f4e319db000 ---p 00000000 00:00 0 
7f4e319db000-7f4e31cd8000 rw-p 00000000 00:00 0 
7f4e31cd8000-7f4e31cdc000 ---p 00000000 00:00 0 
7f4e31cdc000-7f4e31fd9000 rw-p 00000000 00:00 0 
7f4e31fd9000-7f4e31fdd000 ---p 00000000 00:00 0 
7f4e31fdd000-7f4e320da000 rw-p 00000000 00:00 0 
7f4e320da000-7f4e320de000 ---p 00000000 00:00 0 
7f4e320de000-7f4e323db000 rw-p 00000000 00:00 0 
7f4e323db000-7f4e325db000 rw-p 00000000 00:00 0 
7f4e325db000-7f4e325df000 ---p 00000000 00:00 0 
7f4e325df000-7f4e328dc000 rw-p 00000000 00:00 0 
7f4e328dc000-7f4e328ec000 r-xp 00000000 08:01 11014857                   /home/shiva/.vscode/extensions/redhat.java-0.31.0/server/config_linux/org.eclipse.equinox.launcher/org.eclipse.equinox.launcher.gtk.linux.x86_64_1.1.800.v20180827-1352/eclipse_1705.so
7f4e328ec000-7f4e32aeb000 ---p 00010000 08:01 11014857                   /home/shiva/.vscode/extensions/redhat.java-0.31.0/server/config_linux/org.eclipse.equinox.launcher/org.eclipse.equinox.launcher.gtk.linux.x86_64_1.1.800.v20180827-1352/eclipse_1705.so
7f4e32aeb000-7f4e32aec000 r--p 0000f000 08:01 11014857                   /home/shiva/.vscode/extensions/redhat.java-0.31.0/server/config_linux/org.eclipse.equinox.launcher/org.eclipse.equinox.launcher.gtk.linux.x86_64_1.1.800.v20180827-1352/eclipse_1705.so
7f4e32aec000-7f4e32aed000 rw-p 00010000 08:01 11014857                   /home/shiva/.vscode/extensions/redhat.java-0.31.0/server/config_linux/org.eclipse.equinox.launcher/org.eclipse.equinox.launcher.gtk.linux.x86_64_1.1.800.v20180827-1352/eclipse_1705.so
7f4e32aed000-7f4e32af1000 ---p 00000000 00:00 0 
7f4e32af1000-7f4e32bee000 rw-p 00000000 00:00 0 
7f4e32bee000-7f4e32bf2000 ---p 00000000 00:00 0 
7f4e32bf2000-7f4e32cef000 rw-p 00000000 00:00 0 
7f4e32cef000-7f4e32cf3000 ---p 00000000 00:00 0 
7f4e32cf3000-7f4e32ff0000 rw-p 00000000 00:00 0 
7f4e32ff0000-7f4e331f0000 rw-p 00000000 00:00 0 
7f4e331f0000-7f4e33207000 r-xp 00000000 08:01 2761389                    /usr/lib/jvm/java-11-openjdk-amd64/lib/libnet.so
7f4e33207000-7f4e33406000 ---p 00017000 08:01 2761389                    /usr/lib/jvm/java-11-openjdk-amd64/lib/libnet.so
7f4e33406000-7f4e33407000 r--p 00016000 08:01 2761389                    /usr/lib/jvm/java-11-openjdk-amd64/lib/libnet.so
7f4e33407000-7f4e33408000 rw-p 00017000 08:01 2761389                    /usr/lib/jvm/java-11-openjdk-amd64/lib/libnet.so
7f4e33408000-7f4e33419000 r-xp 00000000 08:01 2761400                    /usr/lib/jvm/java-11-openjdk-amd64/lib/libnio.so
7f4e33419000-7f4e33618000 ---p 00011000 08:01 2761400                    /usr/lib/jvm/java-11-openjdk-amd64/lib/libnio.so
7f4e33618000-7f4e33619000 r--p 00010000 08:01 2761400                    /usr/lib/jvm/java-11-openjdk-amd64/lib/libnio.so
7f4e33619000-7f4e3361a000 rw-p 00011000 08:01 2761400                    /usr/lib/jvm/java-11-openjdk-amd64/lib/libnio.so
7f4e3361a000-7f4e3361b000 ---p 00000000 00:00 0 
7f4e3361b000-7f4e3371c000 rw-p 00000000 00:00 0 
7f4e3371c000-7f4e33720000 ---p 00000000 00:00 0 
7f4e33720000-7f4e3381d000 rw-p 00000000 00:00 0 
7f4e3381d000-7f4e33821000 ---p 00000000 00:00 0 
7f4e33821000-7f4e3391e000 rw-p 00000000 00:00 0 
7f4e3391e000-7f4e33922000 ---p 00000000 00:00 0 
7f4e33922000-7f4e33a1f000 rw-p 00000000 00:00 0 
7f4e33a1f000-7f4e33a23000 ---p 00000000 00:00 0 
7f4e33a23000-7f4e33b20000 rw-p 00000000 00:00 0 
7f4e33b20000-7f4e33b24000 ---p 00000000 00:00 0 
7f4e33b24000-7f4e33c21000 rw-p 00000000 00:00 0 
7f4e33c21000-7f4e33c25000 ---p 00000000 00:00 0 
7f4e33c25000-7f4e33d22000 rw-p 00000000 00:00 0 
7f4e33d22000-7f4e34000000 r--p 00000000 08:01 2758544                    /usr/lib/locale/locale-archive
7f4e34000000-7f4e34021000 rw-p 00000000 00:00 0 
7f4e34021000-7f4e38000000 ---p 00000000 00:00 0 
7f4e38000000-7f4e38021000 rw-p 00000000 00:00 0 
7f4e38021000-7f4e3c000000 ---p 00000000 00:00 0 
7f4e3c000000-7f4e3c3e6000 rw-p 00000000 00:00 0 
7f4e3c3e6000-7f4e40000000 ---p 00000000 00:00 0 
7f4e40000000-7f4e4029c000 rw-p 00000000 00:00 0 
7f4e4029c000-7f4e44000000 ---p 00000000 00:00 0 
7f4e44000000-7f4e44021000 rw-p 00000000 00:00 0 
7f4e44021000-7f4e48000000 ---p 00000000 00:00 0 
7f4e48000000-7f4e48021000 rw-p 00000000 00:00 0 
7f4e48021000-7f4e4c000000 ---p 00000000 00:00 0 
7f4e4c000000-7f4e4c021000 rw-p 00000000 00:00 0 
7f4e4c021000-7f4e50000000 ---p 00000000 00:00 0 
7f4e50000000-7f4e50021000 rw-p 00000000 00:00 0 
7f4e50021000-7f4e54000000 ---p 00000000 00:00 0 
7f4e54000000-7f4e54021000 rw-p 00000000 00:00 0 
7f4e54021000-7f4e58000000 ---p 00000000 00:00 0 
7f4e58000000-7f4e58131000 rw-p 00000000 00:00 0 
7f4e58131000-7f4e5c000000 ---p 00000000 00:00 0 
7f4e5c000000-7f4e5c021000 rw-p 00000000 00:00 0 
7f4e5c021000-7f4e60000000 ---p 00000000 00:00 0 
7f4e60000000-7f4e600f1000 rw-p 00000000 00:00 0 
7f4e600f1000-7f4e64000000 ---p 00000000 00:00 0 
7f4e640f5000-7f4e640f9000 ---p 00000000 00:00 0 
7f4e640f9000-7f4e641f6000 rw-p 00000000 00:00 0 
7f4e641f6000-7f4e641fa000 ---p 00000000 00:00 0 
7f4e641fa000-7f4e642f7000 rw-p 00000000 00:00 0 
7f4e642f7000-7f4e642fb000 ---p 00000000 00:00 0 
7f4e642fb000-7f4e643f8000 rw-p 00000000 00:00 0 
7f4e643f8000-7f4e643f9000 ---p 00000000 00:00 0 
7f4e643f9000-7f4e64cfa000 rw-p 00000000 00:00 0 
7f4e64cfa000-7f4e64cfb000 ---p 00000000 00:00 0 
7f4e64cfb000-7f4e64dfc000 rw-p 00000000 00:00 0 
7f4e64dfc000-7f4e64dfd000 ---p 00000000 00:00 0 
7f4e64dfd000-7f4e64efe000 rw-p 00000000 00:00 0 
7f4e64efe000-7f4e64eff000 ---p 00000000 00:00 0 
7f4e64eff000-7f4e67620000 rw-p 00000000 00:00 0 
7f4e67620000-7f4e68000000 ---p 00000000 00:00 0 
7f4e68000000-7f4e680d7000 rw-p 00000000 00:00 0 
7f4e680d7000-7f4e6c000000 ---p 00000000 00:00 0 
7f4e6c000000-7f4e6c0c1000 rw-p 00000000 00:00 0 
7f4e6c0c1000-7f4e70000000 ---p 00000000 00:00 0 
7f4e70000000-7f4e700d1000 rw-p 00000000 00:00 0 
7f4e700d1000-7f4e74000000 ---p 00000000 00:00 0 
7f4e74016000-7f4e7408c000 rw-p 00000000 00:00 0 
7f4e7408c000-7f4e7408d000 ---p 00000000 00:00 0 
7f4e7408d000-7f4e7418e000 rw-p 00000000 00:00 0 
7f4e7418e000-7f4e7418f000 ---p 00000000 00:00 0 
7f4e7418f000-7f4e74290000 rw-p 00000000 00:00 0 
7f4e74290000-7f4e74291000 ---p 00000000 00:00 0 
7f4e74291000-7f4e74796000 rw-p 00000000 00:00 0 
7f4e74796000-7f4e74797000 ---p 00000000 00:00 0 
7f4e74797000-7f4e74898000 rw-p 00000000 00:00 0 
7f4e74898000-7f4e74899000 ---p 00000000 00:00 0 
7f4e74899000-7f4e74fba000 rw-p 00000000 00:00 0 
7f4e74fba000-7f4e7599a000 ---p 00000000 00:00 0 
7f4e7599a000-7f4e75a5e000 rw-p 00000000 00:00 0 
7f4e75a5e000-7f4e75b9a000 ---p 00000000 00:00 0 
7f4e75b9a000-7f4e75c5e000 rw-p 00000000 00:00 0 
7f4e75c5e000-7f4e75d9a000 ---p 00000000 00:00 0 
7f4e75d9a000-7f4e75e5e000 rw-p 00000000 00:00 0 
7f4e75e5e000-7f4e75f9a000 ---p 00000000 00:00 0 
7f4e75f9a000-7f4e7639e000 rw-p 00000000 00:00 0 
7f4e7639e000-7f4e7639f000 ---p 00000000 00:00 0 
7f4e7639f000-7f4e764a0000 rw-p 00000000 00:00 0 
7f4e764a0000-7f4e764a1000 ---p 00000000 00:00 0 
7f4e764a1000-7f4e765a2000 rw-p 00000000 00:00 0 
7f4e765a2000-7f4e765a3000 ---p 00000000 00:00 0 
7f4e765a3000-7f4e766a4000 rw-p 00000000 00:00 0 
7f4e766a4000-7f4e766a5000 ---p 00000000 00:00 0 
7f4e766a5000-7f4e767b0000 rw-p 00000000 00:00 0 
7f4e767b0000-7f4e76891000 ---p 00000000 00:00 0 
7f4e76891000-7f4e76b01000 rwxp 00000000 00:00 0 
7f4e76b01000-7f4e76e21000 ---p 00000000 00:00 0 
7f4e76e21000-7f4e77991000 rwxp 00000000 00:00 0 
7f4e77991000-7f4e7e359000 ---p 00000000 00:00 0 
7f4e7e359000-7f4e7e7e9000 rwxp 00000000 00:00 0 
7f4e7e7e9000-7f4e85891000 ---p 00000000 00:00 0 
7f4e85891000-7f4e8ed6b000 r--s 00000000 08:01 2761417                    /usr/lib/jvm/java-11-openjdk-amd64/lib/modules
7f4e8ed6b000-7f4e8ed70000 r-xp 00000000 08:01 2761374                    /usr/lib/jvm/java-11-openjdk-amd64/lib/libjimage.so
7f4e8ed70000-7f4e8ef6f000 ---p 00005000 08:01 2761374                    /usr/lib/jvm/java-11-openjdk-amd64/lib/libjimage.so
7f4e8ef6f000-7f4e8ef70000 r--p 00004000 08:01 2761374                    /usr/lib/jvm/java-11-openjdk-amd64/lib/libjimage.so
7f4e8ef70000-7f4e8ef71000 rw-p 00005000 08:01 2761374                    /usr/lib/jvm/java-11-openjdk-amd64/lib/libjimage.so
7f4e8ef71000-7f4e8ef78000 r-xp 00000000 08:01 2761414                    /usr/lib/jvm/java-11-openjdk-amd64/lib/libzip.so
7f4e8ef78000-7f4e8f177000 ---p 00007000 08:01 2761414                    /usr/lib/jvm/java-11-openjdk-amd64/lib/libzip.so
7f4e8f177000-7f4e8f178000 r--p 00006000 08:01 2761414                    /usr/lib/jvm/java-11-openjdk-amd64/lib/libzip.so
7f4e8f178000-7f4e8f179000 rw-p 00007000 08:01 2761414                    /usr/lib/jvm/java-11-openjdk-amd64/lib/libzip.so
7f4e8f179000-7f4e8f184000 r-xp 00000000 08:01 14288312                   /lib/x86_64-linux-gnu/libnss_files-2.27.so
7f4e8f184000-7f4e8f383000 ---p 0000b000 08:01 14288312                   /lib/x86_64-linux-gnu/libnss_files-2.27.so
7f4e8f383000-7f4e8f384000 r--p 0000a000 08:01 14288312                   /lib/x86_64-linux-gnu/libnss_files-2.27.so
7f4e8f384000-7f4e8f385000 rw-p 0000b000 08:01 14288312                   /lib/x86_64-linux-gnu/libnss_files-2.27.so
7f4e8f385000-7f4e8f38b000 rw-p 00000000 00:00 0 
7f4e8f38b000-7f4e8f3a2000 r-xp 00000000 08:01 14288309                   /lib/x86_64-linux-gnu/libnsl-2.27.so
7f4e8f3a2000-7f4e8f5a1000 ---p 00017000 08:01 14288309                   /lib/x86_64-linux-gnu/libnsl-2.27.so
7f4e8f5a1000-7f4e8f5a2000 r--p 00016000 08:01 14288309                   /lib/x86_64-linux-gnu/libnsl-2.27.so
7f4e8f5a2000-7f4e8f5a3000 rw-p 00017000 08:01 14288309                   /lib/x86_64-linux-gnu/libnsl-2.27.so
7f4e8f5a3000-7f4e8f5a5000 rw-p 00000000 00:00 0 
7f4e8f5a5000-7f4e8f5b0000 r-xp 00000000 08:01 14288314                   /lib/x86_64-linux-gnu/libnss_nis-2.27.so
7f4e8f5b0000-7f4e8f7af000 ---p 0000b000 08:01 14288314                   /lib/x86_64-linux-gnu/libnss_nis-2.27.so
7f4e8f7af000-7f4e8f7b0000 r--p 0000a000 08:01 14288314                   /lib/x86_64-linux-gnu/libnss_nis-2.27.so
7f4e8f7b0000-7f4e8f7b1000 rw-p 0000b000 08:01 14288314                   /lib/x86_64-linux-gnu/libnss_nis-2.27.so
7f4e8f7b1000-7f4e8f7b9000 r-xp 00000000 08:01 14288310                   /lib/x86_64-linux-gnu/libnss_compat-2.27.so
7f4e8f7b9000-7f4e8f9b9000 ---p 00008000 08:01 14288310                   /lib/x86_64-linux-gnu/libnss_compat-2.27.so
7f4e8f9b9000-7f4e8f9ba000 r--p 00008000 08:01 14288310                   /lib/x86_64-linux-gnu/libnss_compat-2.27.so
7f4e8f9ba000-7f4e8f9bb000 rw-p 00009000 08:01 14288310                   /lib/x86_64-linux-gnu/libnss_compat-2.27.so
7f4e8f9bb000-7f4e8f9e7000 r-xp 00000000 08:01 2761370                    /usr/lib/jvm/java-11-openjdk-amd64/lib/libjava.so
7f4e8f9e7000-7f4e8fbe6000 ---p 0002c000 08:01 2761370                    /usr/lib/jvm/java-11-openjdk-amd64/lib/libjava.so
7f4e8fbe6000-7f4e8fbe7000 r--p 0002b000 08:01 2761370                    /usr/lib/jvm/java-11-openjdk-amd64/lib/libjava.so
7f4e8fbe7000-7f4e8fbe9000 rw-p 0002c000 08:01 2761370                    /usr/lib/jvm/java-11-openjdk-amd64/lib/libjava.so
7f4e8fbe9000-7f4e8fbf6000 r-xp 00000000 08:01 2761413                    /usr/lib/jvm/java-11-openjdk-amd64/lib/libverify.so
7f4e8fbf6000-7f4e8fdf5000 ---p 0000d000 08:01 2761413                    /usr/lib/jvm/java-11-openjdk-amd64/lib/libverify.so
7f4e8fdf5000-7f4e8fdf7000 r--p 0000c000 08:01 2761413                    /usr/lib/jvm/java-11-openjdk-amd64/lib/libverify.so
7f4e8fdf7000-7f4e8fdf8000 rw-p 0000e000 08:01 2761413                    /usr/lib/jvm/java-11-openjdk-amd64/lib/libverify.so
7f4e8fdf8000-7f4e8fdff000 r-xp 00000000 08:01 14288319                   /lib/x86_64-linux-gnu/librt-2.27.so
7f4e8fdff000-7f4e8fffe000 ---p 00007000 08:01 14288319                   /lib/x86_64-linux-gnu/librt-2.27.so
7f4e8fffe000-7f4e8ffff000 r--p 00006000 08:01 14288319                   /lib/x86_64-linux-gnu/librt-2.27.so
7f4e8ffff000-7f4e90000000 rw-p 00007000 08:01 14288319                   /lib/x86_64-linux-gnu/librt-2.27.so
7f4e90000000-7f4e9056a000 rw-p 00000000 00:00 0 
7f4e9056a000-7f4e94000000 ---p 00000000 00:00 0 
7f4e94009000-7f4e94020000 rw-p 00000000 00:00 0 
7f4e94020000-7f4e940f4000 ---p 00000000 00:00 0 
7f4e940f4000-7f4e9410b000 r-xp 00000000 08:01 14288381                   /lib/x86_64-linux-gnu/libgcc_s.so.1
7f4e9410b000-7f4e9430a000 ---p 00017000 08:01 14288381                   /lib/x86_64-linux-gnu/libgcc_s.so.1
7f4e9430a000-7f4e9430b000 r--p 00016000 08:01 14288381                   /lib/x86_64-linux-gnu/libgcc_s.so.1
7f4e9430b000-7f4e9430c000 rw-p 00017000 08:01 14288381                   /lib/x86_64-linux-gnu/libgcc_s.so.1
7f4e9430c000-7f4e944a9000 r-xp 00000000 08:01 14288306                   /lib/x86_64-linux-gnu/libm-2.27.so
7f4e944a9000-7f4e946a8000 ---p 0019d000 08:01 14288306                   /lib/x86_64-linux-gnu/libm-2.27.so
7f4e946a8000-7f4e946a9000 r--p 0019c000 08:01 14288306                   /lib/x86_64-linux-gnu/libm-2.27.so
7f4e946a9000-7f4e946aa000 rw-p 0019d000 08:01 14288306                   /lib/x86_64-linux-gnu/libm-2.27.so
7f4e946aa000-7f4e94828000 r-xp 00000000 08:01 2754773                    /usr/lib/x86_64-linux-gnu/libstdc++.so.6.0.25
7f4e94828000-7f4e94a28000 ---p 0017e000 08:01 2754773                    /usr/lib/x86_64-linux-gnu/libstdc++.so.6.0.25
7f4e94a28000-7f4e94a32000 r--p 0017e000 08:01 2754773                    /usr/lib/x86_64-linux-gnu/libstdc++.so.6.0.25
7f4e94a32000-7f4e94a34000 rw-p 00188000 08:01 2754773                    /usr/lib/x86_64-linux-gnu/libstdc++.so.6.0.25
7f4e94a34000-7f4e94a38000 rw-p 00000000 00:00 0 
7f4e94a38000-7f4e959d5000 r-xp 00000000 08:01 2761420                    /usr/lib/jvm/java-11-openjdk-amd64/lib/server/libjvm.so
7f4e959d5000-7f4e95bd5000 ---p 00f9d000 08:01 2761420                    /usr/lib/jvm/java-11-openjdk-amd64/lib/server/libjvm.so
7f4e95bd5000-7f4e95c99000 r--p 00f9d000 08:01 2761420                    /usr/lib/jvm/java-11-openjdk-amd64/lib/server/libjvm.so
7f4e95c99000-7f4e95cd1000 rw-p 01061000 08:01 2761420                    /usr/lib/jvm/java-11-openjdk-amd64/lib/server/libjvm.so
7f4e95cd1000-7f4e95d1a000 rw-p 00000000 00:00 0 
7f4e95d1a000-7f4e95d34000 r-xp 00000000 08:01 14288317                   /lib/x86_64-linux-gnu/libpthread-2.27.so
7f4e95d34000-7f4e95f33000 ---p 0001a000 08:01 14288317                   /lib/x86_64-linux-gnu/libpthread-2.27.so
7f4e95f33000-7f4e95f34000 r--p 00019000 08:01 14288317                   /lib/x86_64-linux-gnu/libpthread-2.27.so
7f4e95f34000-7f4e95f35000 rw-p 0001a000 08:01 14288317                   /lib/x86_64-linux-gnu/libpthread-2.27.so
7f4e95f35000-7f4e95f39000 rw-p 00000000 00:00 0 
7f4e95f39000-7f4e95f3c000 r-xp 00000000 08:01 14288305                   /lib/x86_64-linux-gnu/libdl-2.27.so
7f4e95f3c000-7f4e9613b000 ---p 00003000 08:01 14288305                   /lib/x86_64-linux-gnu/libdl-2.27.so
7f4e9613b000-7f4e9613c000 r--p 00002000 08:01 14288305                   /lib/x86_64-linux-gnu/libdl-2.27.so
7f4e9613c000-7f4e9613d000 rw-p 00003000 08:01 14288305                   /lib/x86_64-linux-gnu/libdl-2.27.so
7f4e9613d000-7f4e96159000 r-xp 00000000 08:01 14291566                   /lib/x86_64-linux-gnu/libz.so.1.2.11
7f4e96159000-7f4e96358000 ---p 0001c000 08:01 14291566                   /lib/x86_64-linux-gnu/libz.so.1.2.11
7f4e96358000-7f4e96359000 r--p 0001b000 08:01 14291566                   /lib/x86_64-linux-gnu/libz.so.1.2.11
7f4e96359000-7f4e9635a000 rw-p 0001c000 08:01 14291566                   /lib/x86_64-linux-gnu/libz.so.1.2.11
7f4e9635a000-7f4e96541000 r-xp 00000000 08:01 14288302                   /lib/x86_64-linux-gnu/libc-2.27.so
7f4e96541000-7f4e96741000 ---p 001e7000 08:01 14288302                   /lib/x86_64-linux-gnu/libc-2.27.so
7f4e96741000-7f4e96745000 r--p 001e7000 08:01 14288302                   /lib/x86_64-linux-gnu/libc-2.27.so
7f4e96745000-7f4e96747000 rw-p 001eb000 08:01 14288302                   /lib/x86_64-linux-gnu/libc-2.27.so
7f4e96747000-7f4e9674b000 rw-p 00000000 00:00 0 
7f4e9674b000-7f4e9675a000 r-xp 00000000 08:01 2761337                    /usr/lib/jvm/java-11-openjdk-amd64/lib/jli/libjli.so
7f4e9675a000-7f4e96959000 ---p 0000f000 08:01 2761337                    /usr/lib/jvm/java-11-openjdk-amd64/lib/jli/libjli.so
7f4e96959000-7f4e9695a000 r--p 0000e000 08:01 2761337                    /usr/lib/jvm/java-11-openjdk-amd64/lib/jli/libjli.so
7f4e9695a000-7f4e9695b000 rw-p 0000f000 08:01 2761337                    /usr/lib/jvm/java-11-openjdk-amd64/lib/jli/libjli.so
7f4e9695b000-7f4e96982000 r-xp 00000000 08:01 14288298                   /lib/x86_64-linux-gnu/ld-2.27.so
7f4e969a6000-7f4e969aa000 ---p 00000000 00:00 0 
7f4e969aa000-7f4e96a63000 rw-p 00000000 00:00 0 
7f4e96a63000-7f4e96a67000 ---p 00000000 00:00 0 
7f4e96a67000-7f4e96b66000 rw-p 00000000 00:00 0 
7f4e96b69000-7f4e96b6f000 rw-p 00000000 00:00 0 
7f4e96b6f000-7f4e96b76000 ---p 00000000 00:00 0 
7f4e96b76000-7f4e96b7e000 rw-s 00000000 08:01 8654227                    /tmp/hsperfdata_root/23353
7f4e96b7e000-7f4e96b7f000 ---p 00000000 00:00 0 
7f4e96b7f000-7f4e96b80000 r--p 00000000 00:00 0 
7f4e96b80000-7f4e96b82000 rw-p 00000000 00:00 0 
7f4e96b82000-7f4e96b83000 r--p 00027000 08:01 14288298                   /lib/x86_64-linux-gnu/ld-2.27.so
7f4e96b83000-7f4e96b84000 rw-p 00028000 08:01 14288298                   /lib/x86_64-linux-gnu/ld-2.27.so
7f4e96b84000-7f4e96b85000 rw-p 00000000 00:00 0 
7ffc63086000-7ffc630a7000 rw-p 00000000 00:00 0                          [stack]
7ffc6318d000-7ffc63190000 r--p 00000000 00:00 0                          [vvar]
7ffc63190000-7ffc63192000 r-xp 00000000 00:00 0                          [vdso]
ffffffffff600000-ffffffffff601000 r-xp 00000000 00:00 0                  [vsyscall]


VM Arguments:
jvm_args: --add-modules=ALL-SYSTEM --add-opens=java.base/java.util=ALL-UNNAMED --add-opens=java.base/java.lang=ALL-UNNAMED -Declipse.application=org.eclipse.jdt.ls.core.id1 -Dosgi.bundles.defaultStartLevel=4 -Declipse.product=org.eclipse.jdt.ls.core.product -Xverify:none -Xmx1G -XX:+UseG1GC -XX:+UseStringDeduplication 
java_command: /home/shiva/.vscode/extensions/redhat.java-0.31.0/server/plugins/org.eclipse.equinox.launcher_1.5.100.v20180827-1352.jar -configuration /home/shiva/.vscode/extensions/redhat.java-0.31.0/server/config_linux -data /home/shiva/~/.vscode-root/User/workspaceStorage/781dfa17b4fb374b1b5f4412db3e489d/redhat.java/jdt_ws
java_class_path (initial): /home/shiva/.vscode/extensions/redhat.java-0.31.0/server/plugins/org.eclipse.equinox.launcher_1.5.100.v20180827-1352.jar
Launcher Type: SUN_STANDARD

Logging:
Log output configuration:
#0: stdout all=warning uptime,level,tags
#1: stderr all=off uptime,level,tags

Environment Variables:
PATH=/usr/local/sbin:/usr/local/bin:/usr/sbin:/usr/bin:/sbin:/bin:/snap/bin
USERNAME=root
SHELL=/bin/bash
DISPLAY=:0

Signal Handlers:
SIGSEGV: [libjvm.so+0xd28ad0], sa_mask[0]=11111111011111111101111111111110, sa_flags=SA_RESTART|SA_SIGINFO
SIGBUS: [libjvm.so+0xd28ad0], sa_mask[0]=11111111011111111101111111111110, sa_flags=SA_RESTART|SA_SIGINFO
SIGFPE: [libjvm.so+0xd28ad0], sa_mask[0]=11111111011111111101111111111110, sa_flags=SA_RESTART|SA_SIGINFO
SIGPIPE: [libjvm.so+0xb2a150], sa_mask[0]=11111111011111111101111111111110, sa_flags=SA_RESTART|SA_SIGINFO
SIGXFSZ: [libjvm.so+0xb2a150], sa_mask[0]=11111111011111111101111111111110, sa_flags=SA_RESTART|SA_SIGINFO
SIGILL: [libjvm.so+0xd28ad0], sa_mask[0]=11111111011111111101111111111110, sa_flags=SA_RESTART|SA_SIGINFO
SIGUSR2: [libjvm.so+0xb29f90], sa_mask[0]=00000000000000000000000000000000, sa_flags=SA_RESTART|SA_SIGINFO
SIGHUP: [libjvm.so+0xb2a0e0], sa_mask[0]=11111111011111111101111111111110, sa_flags=SA_RESTART|SA_SIGINFO
SIGINT: [libjvm.so+0xb2a0e0], sa_mask[0]=11111111011111111101111111111110, sa_flags=SA_RESTART|SA_SIGINFO
SIGTERM: [libjvm.so+0xb2a0e0], sa_mask[0]=11111111011111111101111111111110, sa_flags=SA_RESTART|SA_SIGINFO
SIGQUIT: [libjvm.so+0xb2a0e0], sa_mask[0]=11111111011111111101111111111110, sa_flags=SA_RESTART|SA_SIGINFO


---------------  S Y S T E M  ---------------

OS:DISTRIB_ID=Ubuntu
DISTRIB_RELEASE=18.04
DISTRIB_CODENAME=bionic
DISTRIB_DESCRIPTION="Ubuntu 18.04.1 LTS"
uname:Linux 4.15.0-33-generic #36-Ubuntu SMP Wed Aug 15 16:00:05 UTC 2018 x86_64
libc:glibc 2.27 NPTL 2.27 
rlimit: STACK 8192k, CORE 0k, NPROC 23152, NOFILE 4096, AS infinity, DATA infinity, FSIZE infinity
load average:35.11 22.41 14.87

/proc/meminfo:
MemTotal:        5987524 kB
MemFree:          117000 kB
MemAvailable:      64236 kB
Buffers:            2620 kB
Cached:           283264 kB
SwapCached:        10428 kB
Active:          4244584 kB
Inactive:        1229528 kB
Active(anon):    4208144 kB
Inactive(anon):  1184756 kB
Active(file):      36440 kB
Inactive(file):    44772 kB
Unevictable:         332 kB
Mlocked:             332 kB
SwapTotal:       2097148 kB
SwapFree:             56 kB
Dirty:               456 kB
Writeback:             0 kB
AnonPages:       5178672 kB
Mapped:           159132 kB
Shmem:            204416 kB
Slab:             191756 kB
SReclaimable:      69944 kB
SUnreclaim:       121812 kB
KernelStack:       21568 kB
PageTables:        92044 kB
NFS_Unstable:          0 kB
Bounce:                0 kB
WritebackTmp:          0 kB
CommitLimit:     5090908 kB
Committed_AS:   18490312 kB
VmallocTotal:   34359738367 kB
VmallocUsed:           0 kB
VmallocChunk:          0 kB
HardwareCorrupted:     0 kB
AnonHugePages:         0 kB
ShmemHugePages:        0 kB
ShmemPmdMapped:        0 kB
CmaTotal:              0 kB
CmaFree:               0 kB
HugePages_Total:       0
HugePages_Free:        0
HugePages_Rsvd:        0
HugePages_Surp:        0
Hugepagesize:       2048 kB
DirectMap4k:      370052 kB
DirectMap2M:     5806080 kB

container (cgroup) information:
container_type: cgroupv1
cpu_cpuset_cpus: 0-3
cpu_memory_nodes: 0
active_processor_count: 4
cpu_quota: -1
cpu_period: 100000
cpu_shares: -1
memory_limit_in_bytes: -1
memory_and_swap_limit_in_bytes: -2
memory_soft_limit_in_bytes: -1
memory_usage_in_bytes: 4643143680
memory_max_usage_in_bytes: 4756328448


CPU:total 4 (initial active 4) (2 cores per cpu, 2 threads per core) family 6 model 42 stepping 7, cmov, cx8, fxsr, mmx, sse, sse2, sse3, ssse3, sse4.1, sse4.2, popcnt, avx, aes, clmul, ht, tsc, tscinvbit
CPU Model and flags from /proc/cpuinfo:
model name	: Intel(R) Core(TM) i5-2450M CPU @ 2.50GHz
flags		: fpu vme de pse tsc msr pae mce cx8 apic sep mtrr pge mca cmov pat pse36 clflush dts acpi mmx fxsr sse sse2 ss ht tm pbe syscall nx rdtscp lm constant_tsc arch_perfmon pebs bts nopl xtopology nonstop_tsc cpuid aperfmperf pni pclmulqdq dtes64 monitor ds_cpl vmx est tm2 ssse3 cx16 xtpr pdcm pcid sse4_1 sse4_2 x2apic popcnt tsc_deadline_timer aes xsave avx lahf_lm epb pti ssbd ibrs ibpb stibp tpr_shadow vnmi flexpriority ept vpid xsaveopt dtherm ida arat pln pts flush_l1d

Memory: 4k page, physical 5987524k(117000k free), swap 2097148k(56k free)

vm_info: OpenJDK 64-Bit Server VM (10.0.2+13-Ubuntu-1ubuntu0.18.04.2) for linux-amd64 JRE (10.0.2+13-Ubuntu-1ubuntu0.18.04.2), built on Aug 24 2018 17:36:24 by "buildd" with gcc 7.3.0

END.
